#
# A fatal error has been detected by the Java Runtime Environment:
#
#  SIGSEGV (0xb) at pc=0x000000012f817a6b, pid=34207, tid=6147
#
# JRE version: OpenJDK Runtime Environment (16.0+36) (build 16+36-2231)
# Java VM: OpenJDK 64-Bit Server VM (16+36-2231, mixed mode, sharing, tiered, compressed oops, g1 gc, bsd-amd64)
# Problematic frame:
# C  [jna4337761917839076719.tmp+0x17a6b]  tesseract::Tesseract::recog_all_words(PAGE_RES*, ETEXT_DESC*, TBOX const*, char const*, int)+0xaf
#
# No core dump will be written. Core dumps have been disabled. To enable core dumping, try "ulimit -c unlimited" before starting Java again
#
# If you would like to submit a bug report, please visit:
#   https://bugreport.java.com/bugreport/crash.jsp
# The crash happened outside the Java Virtual Machine in native code.
# See problematic frame for where to report the bug.
#

---------------  S U M M A R Y ------------

Command Line: -javaagent:/Applications/IntelliJ IDEA.app/Contents/lib/idea_rt.jar=59118:/Applications/IntelliJ IDEA.app/Contents/bin -Dfile.encoding=UTF-8 com.it.one.practice.Main

Host: MacBookPro14,1 x86_64 2300 MHz, 4 cores, 8G, Darwin 19.6.0, macOS 10.15.7 (19H1217)
Time: Sun Jul  4 13:54:22 2021 +06 elapsed time: 2.978614 seconds (0d 0h 0m 2s)

---------------  T H R E A D  ---------------

Current thread (0x00007f894a012200):  JavaThread "main" [_thread_in_native, id=6147, stack(0x000070000d9d8000,0x000070000dad8000)]

Stack: [0x000070000d9d8000,0x000070000dad8000],  sp=0x000070000dad6790,  free space=1017k
Native frames: (J=compiled Java code, A=aot compiled Java code, j=interpreted, Vv=VM code, C=native code)
C  [jna4337761917839076719.tmp+0x17a6b]  tesseract::Tesseract::recog_all_words(PAGE_RES*, ETEXT_DESC*, TBOX const*, char const*, int)+0xaf
C  [jna4337761917839076719.tmp+0x4647]  tesseract::TessBaseAPI::Recognize(ETEXT_DESC*)+0x379
C  [jna4337761917839076719.tmp+0x35e5]  tesseract::TessBaseAPI::GetUTF8Text()+0x2b
C  [jna12305870305094097404.tmp+0xde74]  ffi_call_unix64+0x4c

Java frames: (J=compiled Java code, j=interpreted, Vv=VM code)
j  com.sun.jna.Native.invokePointer(Lcom/sun/jna/Function;JI[Ljava/lang/Object;)J+0
j  com.sun.jna.Function.invokePointer(I[Ljava/lang/Object;)Lcom/sun/jna/Pointer;+7
j  com.sun.jna.Function.invoke([Ljava/lang/Object;Ljava/lang/Class;ZI)Ljava/lang/Object;+385
j  com.sun.jna.Function.invoke(Ljava/lang/reflect/Method;[Ljava/lang/Class;Ljava/lang/Class;[Ljava/lang/Object;Ljava/util/Map;)Ljava/lang/Object;+271
j  com.sun.jna.Library$Handler.invoke(Ljava/lang/Object;Ljava/lang/reflect/Method;[Ljava/lang/Object;)Ljava/lang/Object;+390
j  jdk.proxy2.$Proxy2.TessBaseAPIGetUTF8Text(Lnet/sourceforge/tess4j/ITessAPI$TessBaseAPI;)Lcom/sun/jna/Pointer;+16 jdk.proxy2
j  net.sourceforge.tess4j.Tesseract.getOCRText(Ljava/lang/String;I)Ljava/lang/String;+269
j  net.sourceforge.tess4j.Tesseract.doOCR(Ljava/util/List;Ljava/lang/String;Ljava/awt/Rectangle;)Ljava/lang/String;+69
j  net.sourceforge.tess4j.Tesseract.doOCR(Ljava/util/List;Ljava/awt/Rectangle;)Ljava/lang/String;+4
j  net.sourceforge.tess4j.Tesseract.doOCR(Ljava/awt/image/BufferedImage;Ljava/awt/Rectangle;)Ljava/lang/String;+6
j  net.sourceforge.tess4j.Tesseract.doOCR(Ljava/awt/image/BufferedImage;)Ljava/lang/String;+3
j  com.it.one.practice.Main.main([Ljava/lang/String;)V+121
v  ~StubRoutines::call_stub

siginfo: si_signo: 11 (SIGSEGV), si_code: 1 (SEGV_MAPERR), si_addr: 0x000000000000000c

Register to memory mapping:

RAX=0x0 is NULL
RBX=0x00007f8949ed1510 points into unknown readable memory: 0x0000000000000000 | 00 00 00 00 00 00 00 00
RCX=0x0 is NULL
RDX=0x00007f8949ecc430 points into unknown readable memory: 0x00007f8949ecd990 | 90 d9 ec 49 89 7f 00 00
RSP=0x000070000dad6790 is pointing into the stack for thread: 0x00007f894a012200
RBP=0x000070000dad6950 is pointing into the stack for thread: 0x00007f894a012200
RSI=0x0 is NULL
RDI=0x000070000dad6848 is pointing into the stack for thread: 0x00007f894a012200
R8 =0x0 is NULL
R9 =0x0 is NULL
R10=0x00000000fffffffe is an unknown value
R11=0x00000000005faf30 is an unknown value
R12=0x0 is NULL
R13=0x00007f894cf36000 points into unknown readable memory: 0x000000012f9d4200 | 00 42 9d 2f 01 00 00 00
R14=0x0 is NULL
R15=0x0 is NULL


Registers:
RAX=0x0000000000000000, RBX=0x00007f8949ed1510, RCX=0x0000000000000000, RDX=0x00007f8949ecc430
RSP=0x000070000dad6790, RBP=0x000070000dad6950, RSI=0x0000000000000000, RDI=0x000070000dad6848
R8 =0x0000000000000000, R9 =0x0000000000000000, R10=0x00000000fffffffe, R11=0x00000000005faf30
R12=0x0000000000000000, R13=0x00007f894cf36000, R14=0x0000000000000000, R15=0x0000000000000000
RIP=0x000000012f817a6b, EFLAGS=0x0000000000010246, ERR=0x0000000000000004
  TRAPNO=0x000000000000000e

Top of Stack: (sp=0x000070000dad6790)
0x000070000dad6790:   00007f8949ed18d0 00007f8949ed1510
0x000070000dad67a0:   0000000000000000 0000000000000000
0x000070000dad67b0:   0000000000000000 00007f8949ec8e40
0x000070000dad67c0:   00007f8949ed0050 00007f8949eb88a0
0x000070000dad67d0:   00007f8949ec99d0 00007f8949ecc430
0x000070000dad67e0:   00007f8949eb88a0 00007f8949ed1518
0x000070000dad67f0:   00007f8949eb88a0 00007f8949eb88a0
0x000070000dad6800:   00007f8949eb88a0 00007f8949eb88a0
0x000070000dad6810:   00007f8949000000 00007f8949eb88c8
0x000070000dad6820:   00007f8949ed0050 00007f8949ecc430
0x000070000dad6830:   00007f8949ecd990 00007f8949ed0050
0x000070000dad6840:   000070000d010000 00007f8949ecc450
0x000070000dad6850:   00007f8949ec99d0 00007f8949ec9040
0x000070000dad6860:   00007f8949ec9cd0 00007f8949ec99d0
0x000070000dad6870:   000070000d010000 00007f8949ed0070
0x000070000dad6880:   00007f8949ecc5e0 00007f8949ec8e40
0x000070000dad6890:   00007f8949ecc5e0 00007f8949ec8e40
0x000070000dad68a0:   0000000000000000 00007f8949ecc450
0x000070000dad68b0:   00007f8949ecd530 00007f8949ec99d0
0x000070000dad68c0:   00007f8949ec9040 00007f8949ec99d0
0x000070000dad68d0:   000070000d000000 000000012f8029a5
0x000070000dad68e0:   00007f894df08de0 000000012f9b1754
0x000070000dad68f0:   00007f894cf36150 00007f894df07560
0x000070000dad6900:   00007f894df07560 00007f894cf36000
0x000070000dad6910:   0000000000000000 0000000000000000
0x000070000dad6920:   00007f8949ed1510 000070000dad6901
0x000070000dad6930:   00007f894df07560 00007f894cf36000
0x000070000dad6940:   00000000ffffffff 0000000000000000
0x000070000dad6950:   000070000dad69c0 000000012f804647
0x000070000dad6960:   000070000dad6a40 000000011a77491e
0x000070000dad6970:   000070000dad68f0 000070000dad6a00
0x000070000dad6980:   0000700000000002 000000012edf8926 

Instructions: (pc=0x000000012f817a6b)
0x000000012f81796b:   00 48 8d bd 20 ff ff ff e8 40 2c ff ff 48 89 df
0x000000012f81797b:   e8 30 ae 14 00 0f 0b 48 89 c7 e8 66 ad fe ff 48
0x000000012f81798b:   89 c7 e8 5e ad fe ff 48 89 c7 e8 56 ad fe ff 48
0x000000012f81799b:   89 c7 e8 4e ad fe ff 48 89 c7 e8 46 ad fe ff 48
0x000000012f8179ab:   89 c7 e8 3e ad fe ff 48 89 c7 e8 36 ad fe ff 90
0x000000012f8179bb:   90 55 48 89 e5 41 57 41 56 41 55 41 54 53 48 81
0x000000012f8179cb:   ec 98 01 00 00 45 89 ce 4c 89 45 c0 49 89 cc 49
0x000000012f8179db:   89 d7 48 89 f3 49 89 fd 31 c0 48 8d bd 48 fe ff
0x000000012f8179eb:   ff 48 89 47 50 48 89 87 80 00 00 00 48 89 87 b0
0x000000012f8179fb:   00 00 00 48 89 87 e0 00 00 00 48 89 87 10 01 00
0x000000012f817a0b:   00 48 89 37 31 f6 e8 7a fa 11 00 41 80 bd e2 21
0x000000012f817a1b:   02 00 00 74 10 b0 01 41 88 85 02 22 02 00 41 88
0x000000012f817a2b:   85 12 30 02 00 41 83 fe 01 4c 89 65 c8 0f 87 04
0x000000012f817a3b:   02 00 00 48 89 5d d0 48 8d bd 48 fe ff ff 31 f6
0x000000012f817a4b:   e8 40 fa 11 00 41 83 bd 08 14 00 00 00 7e 0a 4c
0x000000012f817a5b:   89 ef e8 e6 97 0b 00 eb 15 49 8b 85 b0 09 00 00
0x000000012f817a6b:   80 78 0c 00 74 08 4c 89 ef e8 43 98 0b 00 41 83
0x000000012f817a7b:   bd d8 44 02 00 00 7e 3e 31 db 49 8b 85 e0 44 02
0x000000012f817a8b:   00 48 8b 3c d8 83 bf 08 14 00 00 00 7e 07 e8 aa
0x000000012f817a9b:   97 0b 00 eb 12 48 8b 87 b0 09 00 00 80 78 0c 00
0x000000012f817aab:   74 05 e8 0a 98 0b 00 48 ff c3 49 63 85 d8 44 02
0x000000012f817abb:   00 48 39 c3 7c c4 44 89 75 bc 4c 8d 75 98 49 c7
0x000000012f817acb:   06 00 00 00 00 4c 89 f7 be 04 00 00 00 e8 e1 58
0x000000012f817adb:   00 00 4c 89 ef be 01 00 00 00 4c 89 e2 48 8b 4d
0x000000012f817aeb:   c0 48 8b 5d d0 49 89 d8 4d 89 f1 e8 17 f3 ff ff
0x000000012f817afb:   41 83 bd d4 35 02 00 00 74 0c 48 8d 75 98 4c 89
0x000000012f817b0b:   ef e8 0f 0a 03 00 4c 8d 45 98 41 8b 00 41 89 85
0x000000012f817b1b:   c0 44 02 00 41 c7 85 c4 44 02 00 00 00 00 00 66
0x000000012f817b2b:   41 c7 85 bc 44 02 00 00 00 49 c7 85 b4 44 02 00
0x000000012f817b3b:   00 00 00 00 4d 89 ad f8 44 02 00 48 8d 8d 48 fe
0x000000012f817b4b:   ff ff 4c 89 ef be 01 00 00 00 4c 89 fa e8 4b f5
0x000000012f817b5b:   ff ff 84 c0 0f 84 b7 00 00 00 48 8d bd 48 fe ff 


Stack slot to memory mapping:
stack at sp + 0 slots: 0x00007f8949ed18d0 points into unknown readable memory: 0x00007f8949ed1880 | 80 18 ed 49 89 7f 00 00
stack at sp + 1 slots: 0x00007f8949ed1510 points into unknown readable memory: 0x0000000000000000 | 00 00 00 00 00 00 00 00
stack at sp + 2 slots: 0x0 is NULL
stack at sp + 3 slots: 0x0 is NULL
stack at sp + 4 slots: 0x0 is NULL
stack at sp + 5 slots: 0x00007f8949ec8e40 points into unknown readable memory: 0x00007f8949ecc5e0 | e0 c5 ec 49 89 7f 00 00
stack at sp + 6 slots: 0x00007f8949ed0050 points into unknown readable memory: 0x00007f8949ecc430 | 30 c4 ec 49 89 7f 00 00
stack at sp + 7 slots: 0x00007f8949eb88a0 points into unknown readable memory: 0x00007f8949eb88a0 | a0 88 eb 49 89 7f 00 00


---------------  P R O C E S S  ---------------

Threads class SMR info:
_java_thread_list=0x00007f8949e22380, length=17, elements={
0x00007f894a012200, 0x00007f894b00bc00, 0x00007f894a808600, 0x00007f894b809200,
0x00007f894a81da00, 0x00007f894a0adc00, 0x00007f894a0af000, 0x00007f894b01cc00,
0x00007f894b809800, 0x00007f894a0b0000, 0x00007f894b00d200, 0x00007f894a0f6800,
0x00007f894b009800, 0x00007f894a87a000, 0x00007f894a438400, 0x00007f894aa17c00,
0x00007f894b195400
}

Java Threads: ( => current thread )
=>0x00007f894a012200 JavaThread "main" [_thread_in_native, id=6147, stack(0x000070000d9d8000,0x000070000dad8000)]
  0x00007f894b00bc00 JavaThread "Reference Handler" daemon [_thread_blocked, id=15875, stack(0x000070000e0ed000,0x000070000e1ed000)]
  0x00007f894a808600 JavaThread "Finalizer" daemon [_thread_blocked, id=17667, stack(0x000070000e1f0000,0x000070000e2f0000)]
  0x00007f894b809200 JavaThread "Signal Dispatcher" daemon [_thread_blocked, id=22275, stack(0x000070000e3f9000,0x000070000e4f9000)]
  0x00007f894a81da00 JavaThread "Service Thread" daemon [_thread_blocked, id=22531, stack(0x000070000e4fc000,0x000070000e5fc000)]
  0x00007f894a0adc00 JavaThread "Monitor Deflation Thread" daemon [_thread_blocked, id=22787, stack(0x000070000e5ff000,0x000070000e6ff000)]
  0x00007f894a0af000 JavaThread "C2 CompilerThread0" daemon [_thread_in_native, id=41219, stack(0x000070000e702000,0x000070000e802000)]
  0x00007f894b01cc00 JavaThread "C1 CompilerThread0" daemon [_thread_blocked, id=23043, stack(0x000070000e805000,0x000070000e905000)]
  0x00007f894b809800 JavaThread "Sweeper thread" daemon [_thread_blocked, id=23299, stack(0x000070000e908000,0x000070000ea08000)]
  0x00007f894a0b0000 JavaThread "Common-Cleaner" daemon [_thread_blocked, id=23811, stack(0x000070000ea0b000,0x000070000eb0b000)]
  0x00007f894b00d200 JavaThread "Monitor Ctrl-Break" daemon [_thread_in_native, id=40195, stack(0x000070000eb0e000,0x000070000ec0e000)]
  0x00007f894a0f6800 JavaThread "Notification Thread" daemon [_thread_blocked, id=24067, stack(0x000070000ec11000,0x000070000ed11000)]
  0x00007f894b009800 JavaThread "AppKit Thread" daemon [_thread_in_native, id=775, stack(0x00007ffee51a7000,0x00007ffee59a7000)]
  0x00007f894a87a000 JavaThread "AWT-Shutdown" [_thread_blocked, id=29979, stack(0x000070000ee9a000,0x000070000ef9a000)]
  0x00007f894a438400 JavaThread "Java2D Queue Flusher" daemon [_thread_blocked, id=76803, stack(0x000070000f1a9000,0x000070000f2a9000)]
  0x00007f894aa17c00 JavaThread "Java2D Disposer" daemon [_thread_blocked, id=58375, stack(0x000070000f2ac000,0x000070000f3ac000)]
  0x00007f894b195400 JavaThread "Attach Listener" daemon [_thread_blocked, id=59651, stack(0x000070000f6b8000,0x000070000f7b8000)]

Other Threads:
  0x00007f8949d4dc30 VMThread "VM Thread" [stack: 0x000070000dfea000,0x000070000e0ea000] [id=18179]
  0x00007f8949d62250 WatcherThread [stack: 0x000070000ed14000,0x000070000ee14000] [id=39427]
  0x00007f8949d23fa0 GCTaskThread "GC Thread#0" [stack: 0x000070000dadb000,0x000070000dbdb000] [id=19971]
  0x00007f8949f90420 GCTaskThread "GC Thread#1" [stack: 0x000070000f3af000,0x000070000f4af000] [id=73475]
  0x00007f8949cc7b90 GCTaskThread "GC Thread#2" [stack: 0x000070000f4b2000,0x000070000f5b2000] [id=73219]
  0x00007f8949f90e50 GCTaskThread "GC Thread#3" [stack: 0x000070000f5b5000,0x000070000f6b5000] [id=72707]
  0x00007f8949d24ed0 ConcurrentGCThread "G1 Main Marker" [stack: 0x000070000dbde000,0x000070000dcde000] [id=12803]
  0x00007f8949c05b60 ConcurrentGCThread "G1 Conc#0" [stack: 0x000070000dce1000,0x000070000dde1000] [id=13315]
  0x00007f8949d3f730 ConcurrentGCThread "G1 Refine#0" [stack: 0x000070000dde4000,0x000070000dee4000] [id=13827]
  0x00007f8949d405c0 ConcurrentGCThread "G1 Service" [stack: 0x000070000dee7000,0x000070000dfe7000] [id=14339]

Threads with active compile tasks:
C2 CompilerThread0     2987 1606       4       jdk.internal.org.objectweb.asm.Frame::execute (2305 bytes)

VM state: not at safepoint (normal execution)

VM Mutex/Monitor currently owned by a thread: None

Heap address: 0x0000000780000000, size: 2048 MB, Compressed Oops mode: Zero based, Oop shift amount: 3
CDS archive(s) mapped at: [0x0000000800000000-0x0000000800bb9000-0x0000000800bb9000), size 12292096, SharedBaseAddress: 0x0000000800000000, ArchiveRelocationMode: 0.
Compressed class space mapped at: 0x0000000800c00000-0x0000000840c00000, reserved size: 1073741824
Narrow klass base: 0x0000000800000000, Narrow klass shift: 3, Narrow klass range: 0x100000000

GC Precious Log:
 CPUs: 4 total, 4 available
 Memory: 8192M
 Large Page Support: Disabled
 NUMA Support: Disabled
 Compressed Oops: Enabled (Zero based)
 Heap Region Size: 1M
 Heap Min Capacity: 8M
 Heap Initial Capacity: 128M
 Heap Max Capacity: 2G
 Pre-touch: Disabled
 Parallel Workers: 4
 Concurrent Workers: 1
 Concurrent Refinement Workers: 4
 Periodic GC: Disabled

Heap:
 garbage-first heap   total 133120K, used 26128K [0x0000000780000000, 0x0000000800000000)
  region size 1024K, 20 young (20480K), 2 survivors (2048K)
 Metaspace       used 9709K, committed 9856K, reserved 1064960K
  class space    used 937K, committed 1024K, reserved 1048576K

Heap Regions: E=young(eden), S=young(survivor), O=old, HS=humongous(starts), HC=humongous(continues), CS=collection set, F=free, OA=open archive, CA=closed archive, TAMS=top-at-mark-start (previous, next)
|   0|0x0000000780000000, 0x0000000780100000, 0x0000000780100000|100%|HS|  |TAMS 0x0000000780000000, 0x0000000780000000| Complete 
|   1|0x0000000780100000, 0x0000000780200000, 0x0000000780200000|100%|HC|  |TAMS 0x0000000780100000, 0x0000000780100000| Complete 
|   2|0x0000000780200000, 0x0000000780292000, 0x0000000780300000| 57%| O|  |TAMS 0x0000000780200000, 0x0000000780200000| Untracked 
|   3|0x0000000780300000, 0x0000000780400000, 0x0000000780400000|100%|HS|  |TAMS 0x0000000780300000, 0x0000000780300000| Complete 
|   4|0x0000000780400000, 0x0000000780500000, 0x0000000780500000|100%|HC|  |TAMS 0x0000000780400000, 0x0000000780400000| Complete 
|   5|0x0000000780500000, 0x0000000780600000, 0x0000000780600000|100%|HS|  |TAMS 0x0000000780500000, 0x0000000780500000| Complete 
|   6|0x0000000780600000, 0x0000000780700000, 0x0000000780700000|100%|HC|  |TAMS 0x0000000780600000, 0x0000000780600000| Complete 
|   7|0x0000000780700000, 0x0000000780700000, 0x0000000780800000|  0%| F|  |TAMS 0x0000000780700000, 0x0000000780700000| Untracked 
|   8|0x0000000780800000, 0x0000000780800000, 0x0000000780900000|  0%| F|  |TAMS 0x0000000780800000, 0x0000000780800000| Untracked 
|   9|0x0000000780900000, 0x0000000780900000, 0x0000000780a00000|  0%| F|  |TAMS 0x0000000780900000, 0x0000000780900000| Untracked 
|  10|0x0000000780a00000, 0x0000000780a00000, 0x0000000780b00000|  0%| F|  |TAMS 0x0000000780a00000, 0x0000000780a00000| Untracked 
|  11|0x0000000780b00000, 0x0000000780b00000, 0x0000000780c00000|  0%| F|  |TAMS 0x0000000780b00000, 0x0000000780b00000| Untracked 
|  12|0x0000000780c00000, 0x0000000780c00000, 0x0000000780d00000|  0%| F|  |TAMS 0x0000000780c00000, 0x0000000780c00000| Untracked 
|  13|0x0000000780d00000, 0x0000000780d00000, 0x0000000780e00000|  0%| F|  |TAMS 0x0000000780d00000, 0x0000000780d00000| Untracked 
|  14|0x0000000780e00000, 0x0000000780e00000, 0x0000000780f00000|  0%| F|  |TAMS 0x0000000780e00000, 0x0000000780e00000| Untracked 
|  15|0x0000000780f00000, 0x0000000780f00000, 0x0000000781000000|  0%| F|  |TAMS 0x0000000780f00000, 0x0000000780f00000| Untracked 
|  16|0x0000000781000000, 0x0000000781000000, 0x0000000781100000|  0%| F|  |TAMS 0x0000000781000000, 0x0000000781000000| Untracked 
|  17|0x0000000781100000, 0x0000000781100000, 0x0000000781200000|  0%| F|  |TAMS 0x0000000781100000, 0x0000000781100000| Untracked 
|  18|0x0000000781200000, 0x0000000781200000, 0x0000000781300000|  0%| F|  |TAMS 0x0000000781200000, 0x0000000781200000| Untracked 
|  19|0x0000000781300000, 0x0000000781300000, 0x0000000781400000|  0%| F|  |TAMS 0x0000000781300000, 0x0000000781300000| Untracked 
|  20|0x0000000781400000, 0x0000000781400000, 0x0000000781500000|  0%| F|  |TAMS 0x0000000781400000, 0x0000000781400000| Untracked 
|  21|0x0000000781500000, 0x0000000781500000, 0x0000000781600000|  0%| F|  |TAMS 0x0000000781500000, 0x0000000781500000| Untracked 
|  22|0x0000000781600000, 0x0000000781600000, 0x0000000781700000|  0%| F|  |TAMS 0x0000000781600000, 0x0000000781600000| Untracked 
|  23|0x0000000781700000, 0x0000000781700000, 0x0000000781800000|  0%| F|  |TAMS 0x0000000781700000, 0x0000000781700000| Untracked 
|  24|0x0000000781800000, 0x0000000781800000, 0x0000000781900000|  0%| F|  |TAMS 0x0000000781800000, 0x0000000781800000| Untracked 
|  25|0x0000000781900000, 0x0000000781900000, 0x0000000781a00000|  0%| F|  |TAMS 0x0000000781900000, 0x0000000781900000| Untracked 
|  26|0x0000000781a00000, 0x0000000781a00000, 0x0000000781b00000|  0%| F|  |TAMS 0x0000000781a00000, 0x0000000781a00000| Untracked 
|  27|0x0000000781b00000, 0x0000000781b00000, 0x0000000781c00000|  0%| F|  |TAMS 0x0000000781b00000, 0x0000000781b00000| Untracked 
|  28|0x0000000781c00000, 0x0000000781c00000, 0x0000000781d00000|  0%| F|  |TAMS 0x0000000781c00000, 0x0000000781c00000| Untracked 
|  29|0x0000000781d00000, 0x0000000781d00000, 0x0000000781e00000|  0%| F|  |TAMS 0x0000000781d00000, 0x0000000781d00000| Untracked 
|  30|0x0000000781e00000, 0x0000000781e00000, 0x0000000781f00000|  0%| F|  |TAMS 0x0000000781e00000, 0x0000000781e00000| Untracked 
|  31|0x0000000781f00000, 0x0000000781f00000, 0x0000000782000000|  0%| F|  |TAMS 0x0000000781f00000, 0x0000000781f00000| Untracked 
|  32|0x0000000782000000, 0x0000000782000000, 0x0000000782100000|  0%| F|  |TAMS 0x0000000782000000, 0x0000000782000000| Untracked 
|  33|0x0000000782100000, 0x0000000782100000, 0x0000000782200000|  0%| F|  |TAMS 0x0000000782100000, 0x0000000782100000| Untracked 
|  34|0x0000000782200000, 0x0000000782200000, 0x0000000782300000|  0%| F|  |TAMS 0x0000000782200000, 0x0000000782200000| Untracked 
|  35|0x0000000782300000, 0x0000000782300000, 0x0000000782400000|  0%| F|  |TAMS 0x0000000782300000, 0x0000000782300000| Untracked 
|  36|0x0000000782400000, 0x0000000782400000, 0x0000000782500000|  0%| F|  |TAMS 0x0000000782400000, 0x0000000782400000| Untracked 
|  37|0x0000000782500000, 0x0000000782500000, 0x0000000782600000|  0%| F|  |TAMS 0x0000000782500000, 0x0000000782500000| Untracked 
|  38|0x0000000782600000, 0x0000000782600000, 0x0000000782700000|  0%| F|  |TAMS 0x0000000782600000, 0x0000000782600000| Untracked 
|  39|0x0000000782700000, 0x0000000782700000, 0x0000000782800000|  0%| F|  |TAMS 0x0000000782700000, 0x0000000782700000| Untracked 
|  40|0x0000000782800000, 0x0000000782800000, 0x0000000782900000|  0%| F|  |TAMS 0x0000000782800000, 0x0000000782800000| Untracked 
|  41|0x0000000782900000, 0x0000000782900000, 0x0000000782a00000|  0%| F|  |TAMS 0x0000000782900000, 0x0000000782900000| Untracked 
|  42|0x0000000782a00000, 0x0000000782a00000, 0x0000000782b00000|  0%| F|  |TAMS 0x0000000782a00000, 0x0000000782a00000| Untracked 
|  43|0x0000000782b00000, 0x0000000782b00000, 0x0000000782c00000|  0%| F|  |TAMS 0x0000000782b00000, 0x0000000782b00000| Untracked 
|  44|0x0000000782c00000, 0x0000000782c00000, 0x0000000782d00000|  0%| F|  |TAMS 0x0000000782c00000, 0x0000000782c00000| Untracked 
|  45|0x0000000782d00000, 0x0000000782d00000, 0x0000000782e00000|  0%| F|  |TAMS 0x0000000782d00000, 0x0000000782d00000| Untracked 
|  46|0x0000000782e00000, 0x0000000782e00000, 0x0000000782f00000|  0%| F|  |TAMS 0x0000000782e00000, 0x0000000782e00000| Untracked 
|  47|0x0000000782f00000, 0x0000000782f00000, 0x0000000783000000|  0%| F|  |TAMS 0x0000000782f00000, 0x0000000782f00000| Untracked 
|  48|0x0000000783000000, 0x0000000783000000, 0x0000000783100000|  0%| F|  |TAMS 0x0000000783000000, 0x0000000783000000| Untracked 
|  49|0x0000000783100000, 0x0000000783100000, 0x0000000783200000|  0%| F|  |TAMS 0x0000000783100000, 0x0000000783100000| Untracked 
|  50|0x0000000783200000, 0x0000000783200000, 0x0000000783300000|  0%| F|  |TAMS 0x0000000783200000, 0x0000000783200000| Untracked 
|  51|0x0000000783300000, 0x0000000783300000, 0x0000000783400000|  0%| F|  |TAMS 0x0000000783300000, 0x0000000783300000| Untracked 
|  52|0x0000000783400000, 0x0000000783400000, 0x0000000783500000|  0%| F|  |TAMS 0x0000000783400000, 0x0000000783400000| Untracked 
|  53|0x0000000783500000, 0x0000000783500000, 0x0000000783600000|  0%| F|  |TAMS 0x0000000783500000, 0x0000000783500000| Untracked 
|  54|0x0000000783600000, 0x0000000783600000, 0x0000000783700000|  0%| F|  |TAMS 0x0000000783600000, 0x0000000783600000| Untracked 
|  55|0x0000000783700000, 0x0000000783700000, 0x0000000783800000|  0%| F|  |TAMS 0x0000000783700000, 0x0000000783700000| Untracked 
|  56|0x0000000783800000, 0x0000000783800000, 0x0000000783900000|  0%| F|  |TAMS 0x0000000783800000, 0x0000000783800000| Untracked 
|  57|0x0000000783900000, 0x0000000783900000, 0x0000000783a00000|  0%| F|  |TAMS 0x0000000783900000, 0x0000000783900000| Untracked 
|  58|0x0000000783a00000, 0x0000000783a00000, 0x0000000783b00000|  0%| F|  |TAMS 0x0000000783a00000, 0x0000000783a00000| Untracked 
|  59|0x0000000783b00000, 0x0000000783b00000, 0x0000000783c00000|  0%| F|  |TAMS 0x0000000783b00000, 0x0000000783b00000| Untracked 
|  60|0x0000000783c00000, 0x0000000783c00000, 0x0000000783d00000|  0%| F|  |TAMS 0x0000000783c00000, 0x0000000783c00000| Untracked 
|  61|0x0000000783d00000, 0x0000000783d00000, 0x0000000783e00000|  0%| F|  |TAMS 0x0000000783d00000, 0x0000000783d00000| Untracked 
|  62|0x0000000783e00000, 0x0000000783e00000, 0x0000000783f00000|  0%| F|  |TAMS 0x0000000783e00000, 0x0000000783e00000| Untracked 
|  63|0x0000000783f00000, 0x0000000783f00000, 0x0000000784000000|  0%| F|  |TAMS 0x0000000783f00000, 0x0000000783f00000| Untracked 
|  64|0x0000000784000000, 0x0000000784000000, 0x0000000784100000|  0%| F|  |TAMS 0x0000000784000000, 0x0000000784000000| Untracked 
|  65|0x0000000784100000, 0x0000000784100000, 0x0000000784200000|  0%| F|  |TAMS 0x0000000784100000, 0x0000000784100000| Untracked 
|  66|0x0000000784200000, 0x0000000784200000, 0x0000000784300000|  0%| F|  |TAMS 0x0000000784200000, 0x0000000784200000| Untracked 
|  67|0x0000000784300000, 0x0000000784300000, 0x0000000784400000|  0%| F|  |TAMS 0x0000000784300000, 0x0000000784300000| Untracked 
|  68|0x0000000784400000, 0x0000000784400000, 0x0000000784500000|  0%| F|  |TAMS 0x0000000784400000, 0x0000000784400000| Untracked 
|  69|0x0000000784500000, 0x0000000784500000, 0x0000000784600000|  0%| F|  |TAMS 0x0000000784500000, 0x0000000784500000| Untracked 
|  70|0x0000000784600000, 0x0000000784600000, 0x0000000784700000|  0%| F|  |TAMS 0x0000000784600000, 0x0000000784600000| Untracked 
|  71|0x0000000784700000, 0x0000000784700000, 0x0000000784800000|  0%| F|  |TAMS 0x0000000784700000, 0x0000000784700000| Untracked 
|  72|0x0000000784800000, 0x0000000784800000, 0x0000000784900000|  0%| F|  |TAMS 0x0000000784800000, 0x0000000784800000| Untracked 
|  73|0x0000000784900000, 0x0000000784900000, 0x0000000784a00000|  0%| F|  |TAMS 0x0000000784900000, 0x0000000784900000| Untracked 
|  74|0x0000000784a00000, 0x0000000784a00000, 0x0000000784b00000|  0%| F|  |TAMS 0x0000000784a00000, 0x0000000784a00000| Untracked 
|  75|0x0000000784b00000, 0x0000000784b00000, 0x0000000784c00000|  0%| F|  |TAMS 0x0000000784b00000, 0x0000000784b00000| Untracked 
|  76|0x0000000784c00000, 0x0000000784c00000, 0x0000000784d00000|  0%| F|  |TAMS 0x0000000784c00000, 0x0000000784c00000| Untracked 
|  77|0x0000000784d00000, 0x0000000784d00000, 0x0000000784e00000|  0%| F|  |TAMS 0x0000000784d00000, 0x0000000784d00000| Untracked 
|  78|0x0000000784e00000, 0x0000000784e00000, 0x0000000784f00000|  0%| F|  |TAMS 0x0000000784e00000, 0x0000000784e00000| Untracked 
|  79|0x0000000784f00000, 0x0000000784f00000, 0x0000000785000000|  0%| F|  |TAMS 0x0000000784f00000, 0x0000000784f00000| Untracked 
|  80|0x0000000785000000, 0x0000000785000000, 0x0000000785100000|  0%| F|  |TAMS 0x0000000785000000, 0x0000000785000000| Untracked 
|  81|0x0000000785100000, 0x0000000785100000, 0x0000000785200000|  0%| F|  |TAMS 0x0000000785100000, 0x0000000785100000| Untracked 
|  82|0x0000000785200000, 0x0000000785200000, 0x0000000785300000|  0%| F|  |TAMS 0x0000000785200000, 0x0000000785200000| Untracked 
|  83|0x0000000785300000, 0x0000000785300000, 0x0000000785400000|  0%| F|  |TAMS 0x0000000785300000, 0x0000000785300000| Untracked 
|  84|0x0000000785400000, 0x0000000785400000, 0x0000000785500000|  0%| F|  |TAMS 0x0000000785400000, 0x0000000785400000| Untracked 
|  85|0x0000000785500000, 0x0000000785500000, 0x0000000785600000|  0%| F|  |TAMS 0x0000000785500000, 0x0000000785500000| Untracked 
|  86|0x0000000785600000, 0x0000000785600000, 0x0000000785700000|  0%| F|  |TAMS 0x0000000785600000, 0x0000000785600000| Untracked 
|  87|0x0000000785700000, 0x0000000785700000, 0x0000000785800000|  0%| F|  |TAMS 0x0000000785700000, 0x0000000785700000| Untracked 
|  88|0x0000000785800000, 0x0000000785800000, 0x0000000785900000|  0%| F|  |TAMS 0x0000000785800000, 0x0000000785800000| Untracked 
|  89|0x0000000785900000, 0x0000000785900000, 0x0000000785a00000|  0%| F|  |TAMS 0x0000000785900000, 0x0000000785900000| Untracked 
|  90|0x0000000785a00000, 0x0000000785a00000, 0x0000000785b00000|  0%| F|  |TAMS 0x0000000785a00000, 0x0000000785a00000| Untracked 
|  91|0x0000000785b00000, 0x0000000785b00000, 0x0000000785c00000|  0%| F|  |TAMS 0x0000000785b00000, 0x0000000785b00000| Untracked 
|  92|0x0000000785c00000, 0x0000000785c00000, 0x0000000785d00000|  0%| F|  |TAMS 0x0000000785c00000, 0x0000000785c00000| Untracked 
|  93|0x0000000785d00000, 0x0000000785d00000, 0x0000000785e00000|  0%| F|  |TAMS 0x0000000785d00000, 0x0000000785d00000| Untracked 
|  94|0x0000000785e00000, 0x0000000785e00000, 0x0000000785f00000|  0%| F|  |TAMS 0x0000000785e00000, 0x0000000785e00000| Untracked 
|  95|0x0000000785f00000, 0x0000000785f00000, 0x0000000786000000|  0%| F|  |TAMS 0x0000000785f00000, 0x0000000785f00000| Untracked 
|  96|0x0000000786000000, 0x0000000786000000, 0x0000000786100000|  0%| F|  |TAMS 0x0000000786000000, 0x0000000786000000| Untracked 
|  97|0x0000000786100000, 0x0000000786100000, 0x0000000786200000|  0%| F|  |TAMS 0x0000000786100000, 0x0000000786100000| Untracked 
|  98|0x0000000786200000, 0x0000000786200000, 0x0000000786300000|  0%| F|  |TAMS 0x0000000786200000, 0x0000000786200000| Untracked 
|  99|0x0000000786300000, 0x0000000786300000, 0x0000000786400000|  0%| F|  |TAMS 0x0000000786300000, 0x0000000786300000| Untracked 
| 100|0x0000000786400000, 0x0000000786400000, 0x0000000786500000|  0%| F|  |TAMS 0x0000000786400000, 0x0000000786400000| Untracked 
| 101|0x0000000786500000, 0x0000000786500000, 0x0000000786600000|  0%| F|  |TAMS 0x0000000786500000, 0x0000000786500000| Untracked 
| 102|0x0000000786600000, 0x0000000786600000, 0x0000000786700000|  0%| F|  |TAMS 0x0000000786600000, 0x0000000786600000| Untracked 
| 103|0x0000000786700000, 0x0000000786700000, 0x0000000786800000|  0%| F|  |TAMS 0x0000000786700000, 0x0000000786700000| Untracked 
| 104|0x0000000786800000, 0x0000000786800000, 0x0000000786900000|  0%| F|  |TAMS 0x0000000786800000, 0x0000000786800000| Untracked 
| 105|0x0000000786900000, 0x0000000786900000, 0x0000000786a00000|  0%| F|  |TAMS 0x0000000786900000, 0x0000000786900000| Untracked 
| 106|0x0000000786a00000, 0x0000000786a00000, 0x0000000786b00000|  0%| F|  |TAMS 0x0000000786a00000, 0x0000000786a00000| Untracked 
| 107|0x0000000786b00000, 0x0000000786b00000, 0x0000000786c00000|  0%| F|  |TAMS 0x0000000786b00000, 0x0000000786b00000| Untracked 
| 108|0x0000000786c00000, 0x0000000786c7a510, 0x0000000786d00000| 47%| E|  |TAMS 0x0000000786c00000, 0x0000000786c00000| Complete 
| 109|0x0000000786d00000, 0x0000000786dd0b90, 0x0000000786e00000| 81%| E|  |TAMS 0x0000000786d00000, 0x0000000786d00000| Complete 
| 110|0x0000000786e00000, 0x0000000786f00000, 0x0000000786f00000|100%| E|CS|TAMS 0x0000000786e00000, 0x0000000786e00000| Complete 
| 111|0x0000000786f00000, 0x0000000787000000, 0x0000000787000000|100%| E|CS|TAMS 0x0000000786f00000, 0x0000000786f00000| Complete 
| 112|0x0000000787000000, 0x0000000787100000, 0x0000000787100000|100%| E|CS|TAMS 0x0000000787000000, 0x0000000787000000| Complete 
| 113|0x0000000787100000, 0x0000000787200000, 0x0000000787200000|100%| S|CS|TAMS 0x0000000787100000, 0x0000000787100000| Complete 
| 114|0x0000000787200000, 0x0000000787300000, 0x0000000787300000|100%| S|CS|TAMS 0x0000000787200000, 0x0000000787200000| Complete 
| 115|0x0000000787300000, 0x0000000787400000, 0x0000000787400000|100%| E|CS|TAMS 0x0000000787300000, 0x0000000787300000| Complete 
| 116|0x0000000787400000, 0x0000000787500000, 0x0000000787500000|100%| E|CS|TAMS 0x0000000787400000, 0x0000000787400000| Complete 
| 117|0x0000000787500000, 0x0000000787600000, 0x0000000787600000|100%| E|CS|TAMS 0x0000000787500000, 0x0000000787500000| Complete 
| 118|0x0000000787600000, 0x0000000787700000, 0x0000000787700000|100%| E|CS|TAMS 0x0000000787600000, 0x0000000787600000| Complete 
| 119|0x0000000787700000, 0x0000000787800000, 0x0000000787800000|100%| E|CS|TAMS 0x0000000787700000, 0x0000000787700000| Complete 
| 120|0x0000000787800000, 0x0000000787900000, 0x0000000787900000|100%| E|CS|TAMS 0x0000000787800000, 0x0000000787800000| Complete 
| 121|0x0000000787900000, 0x0000000787a00000, 0x0000000787a00000|100%| E|CS|TAMS 0x0000000787900000, 0x0000000787900000| Complete 
| 122|0x0000000787a00000, 0x0000000787b00000, 0x0000000787b00000|100%| E|CS|TAMS 0x0000000787a00000, 0x0000000787a00000| Complete 
| 123|0x0000000787b00000, 0x0000000787c00000, 0x0000000787c00000|100%| E|CS|TAMS 0x0000000787b00000, 0x0000000787b00000| Complete 
| 124|0x0000000787c00000, 0x0000000787d00000, 0x0000000787d00000|100%| E|CS|TAMS 0x0000000787c00000, 0x0000000787c00000| Complete 
| 125|0x0000000787d00000, 0x0000000787e00000, 0x0000000787e00000|100%| E|CS|TAMS 0x0000000787d00000, 0x0000000787d00000| Complete 
| 126|0x0000000787e00000, 0x0000000787f00000, 0x0000000787f00000|100%| E|CS|TAMS 0x0000000787e00000, 0x0000000787e00000| Complete 
| 127|0x0000000787f00000, 0x0000000788000000, 0x0000000788000000|100%| E|CS|TAMS 0x0000000787f00000, 0x0000000787f00000| Complete 
|1022|0x00000007bfe00000, 0x00000007bfe75000, 0x00000007bff00000| 45%|OA|  |TAMS 0x00000007bfe00000, 0x00000007bfe00000| Untracked 
|1023|0x00000007bff00000, 0x00000007bff7d000, 0x00000007c0000000| 48%|CA|  |TAMS 0x00000007bff00000, 0x00000007bff00000| Untracked 

Card table byte_map: [0x000000010c261000,0x000000010c661000] _byte_map_base: 0x0000000108661000

Marking Bits (Prev, Next): (CMBitMap*) 0x00007f894a035e10, (CMBitMap*) 0x00007f894a035e50
 Prev Bits: [0x000000010ca61000, 0x000000010ea61000)
 Next Bits: [0x000000010ea61000, 0x0000000110a61000)

Polling page: 0x000000010a293000

Metaspace:

Usage:
  Non-class:      8.57 MB used.
      Class:    937.87 KB used.
       Both:      9.48 MB used.

Virtual space:
  Non-class space:       16.00 MB reserved,       8.62 MB ( 54%) committed,  2 nodes.
      Class space:        1.00 GB reserved,       1.00 MB ( <1%) committed,  1 nodes.
              Both:        1.02 GB reserved,       9.62 MB ( <1%) committed. 

Chunk freelists:
   Non-Class:  2.75 MB
       Class:  2.97 MB
        Both:  5.72 MB

MaxMetaspaceSize: 17179869184.00 GB
CompressedClassSpaceSize: 1.00 GB
 - commit_granule_bytes: 65536.
 - commit_granule_words: 8192.
 - virtual_space_node_default_size: 1048576.
 - enlarge_chunks_in_place: 1.
 - new_chunks_are_fully_committed: 0.
 - uncommit_free_chunks: 1.
 - use_allocation_guard: 0.
 - handle_deallocations: 1.


Internal statistics:

num_allocs_failed_limit: 0.
num_arena_births: 120.
num_arena_deaths: 0.
num_vsnodes_births: 3.
num_vsnodes_deaths: 0.
num_space_committed: 154.
num_space_uncommitted: 0.
num_chunks_returned_to_freelist: 0.
num_chunks_taken_from_freelist: 295.
num_chunk_merges: 0.
num_chunk_splits: 196.
num_chunks_enlarged: 134.
num_purges: 0.

CodeHeap 'non-profiled nmethods': size=120032Kb used=479Kb max_used=479Kb free=119553Kb
 bounds [0x0000000121c7d000, 0x0000000121eed000, 0x00000001291b5000]
CodeHeap 'profiled nmethods': size=120028Kb used=3246Kb max_used=3246Kb free=116781Kb
 bounds [0x000000011a746000, 0x000000011aa76000, 0x0000000121c7d000]
CodeHeap 'non-nmethods': size=5700Kb used=1291Kb max_used=1319Kb free=4408Kb
 bounds [0x000000011a1b5000, 0x000000011a425000, 0x000000011a746000]
 total_blobs=2246 nmethods=1624 adapters=536
 compilation: enabled
              stopped_count=0, restarted_count=0
 full_count=0

Compilation events (20 events):
Event: 2.903 Thread 0x00007f894b01cc00 1629       3       java.lang.PublicMethods$MethodList::filter (104 bytes)
Event: 2.903 Thread 0x00007f894b01cc00 nmethod 1629 0x000000011aa6d190 code [0x000000011aa6d3e0, 0x000000011aa6de70]
Event: 2.903 Thread 0x00007f894b01cc00 1631       3       java.lang.Class::forName (15 bytes)
Event: 2.904 Thread 0x00007f894b01cc00 nmethod 1631 0x000000011aa6e390 code [0x000000011aa6e560, 0x000000011aa6e770]
Event: 2.904 Thread 0x00007f894b01cc00 1630       3       java.lang.PublicMethods$MethodList::<init> (10 bytes)
Event: 2.904 Thread 0x00007f894b01cc00 nmethod 1630 0x000000011aa6e890 code [0x000000011aa6ea40, 0x000000011aa6ebf0]
Event: 2.904 Thread 0x00007f894b01cc00 1632       3       java.lang.ClassLoader::getClassLoader (11 bytes)
Event: 2.904 Thread 0x00007f894b01cc00 nmethod 1632 0x000000011aa6ec90 code [0x000000011aa6ee40, 0x000000011aa6efb0]
Event: 2.905 Thread 0x00007f894b01cc00 1633       3       java.util.Properties::getProperty (50 bytes)
Event: 2.905 Thread 0x00007f894b01cc00 nmethod 1633 0x000000011aa6f090 code [0x000000011aa6f260, 0x000000011aa6f790]
Event: 2.922 Thread 0x00007f894b01cc00 1634       3       sun.awt.image.IntegerInterleavedRaster::getDataElements (151 bytes)
Event: 2.922 Thread 0x00007f894b01cc00 nmethod 1634 0x000000011aa6f910 code [0x000000011aa6fb00, 0x000000011aa702f0]
Event: 2.922 Thread 0x00007f894b01cc00 1635       3       sun.awt.image.IntegerInterleavedRaster::setDataElements (134 bytes)
Event: 2.923 Thread 0x00007f894b01cc00 nmethod 1635 0x000000011aa70510 code [0x000000011aa70700, 0x000000011aa70d90]
Event: 2.923 Thread 0x00007f894b01cc00 1636       3       sun.awt.image.SunWritableRaster::markDirty (8 bytes)
Event: 2.923 Thread 0x00007f894b01cc00 nmethod 1636 0x000000011aa71010 code [0x000000011aa711c0, 0x000000011aa71350]
Event: 2.928 Thread 0x00007f894b01cc00 1637       3       java.lang.Math::round (56 bytes)
Event: 2.928 Thread 0x00007f894b01cc00 nmethod 1637 0x000000011aa71410 code [0x000000011aa715c0, 0x000000011aa717b0]
Event: 2.933 Thread 0x00007f894b01cc00 1638       1       sun.java2d.loops.SurfaceType::getSuperType (5 bytes)
Event: 2.933 Thread 0x00007f894b01cc00 nmethod 1638 0x0000000121cf4910 code [0x0000000121cf4aa0, 0x0000000121cf4b70]

GC Heap History (2 events):
Event: 1.015 GC heap before
{Heap before GC invocations=0 (full 0):
 garbage-first heap   total 133120K, used 15304K [0x0000000780000000, 0x0000000800000000)
  region size 1024K, 13 young (13312K), 0 survivors (0K)
 Metaspace       used 6316K, committed 6528K, reserved 1056768K
  class space    used 655K, committed 768K, reserved 1048576K
}
Event: 1.023 GC heap after
{Heap after GC invocations=1 (full 0):
 garbage-first heap   total 133120K, used 5648K [0x0000000780000000, 0x0000000800000000)
  region size 1024K, 2 young (2048K), 2 survivors (2048K)
 Metaspace       used 6316K, committed 6528K, reserved 1056768K
  class space    used 655K, committed 768K, reserved 1048576K
}

Deoptimization events (20 events):
Event: 2.230 Thread 0x00007f894a012200 Uncommon trap: trap_request=0xffffff45 fr.pc=0x0000000121ce2344 relative=0x0000000000000c04
Event: 2.230 Thread 0x00007f894a012200 Uncommon trap: reason=unstable_if action=reinterpret pc=0x0000000121ce2344 method=org.apache.pdfbox.io.RandomAccessInputStream.read()I @ 13 c2
Event: 2.230 Thread 0x00007f894a012200 DEOPT PACKING pc=0x0000000121ce2344 sp=0x000070000dad73c0
Event: 2.230 Thread 0x00007f894a012200 DEOPT UNPACKING pc=0x000000011a202424 sp=0x000070000dad7270 mode 2
Event: 2.534 Thread 0x00007f894a012200 Uncommon trap: trap_request=0xffffff45 fr.pc=0x0000000121cb9a48 relative=0x0000000000000088
Event: 2.534 Thread 0x00007f894a012200 Uncommon trap: reason=unstable_if action=reinterpret pc=0x0000000121cb9a48 method=sun.net.www.ParseUtil.firstEncodeIndex(Ljava/lang/String;)I @ 51 c2
Event: 2.534 Thread 0x00007f894a012200 DEOPT PACKING pc=0x0000000121cb9a48 sp=0x000070000dad5ee0
Event: 2.534 Thread 0x00007f894a012200 DEOPT UNPACKING pc=0x000000011a202424 sp=0x000070000dad5e88 mode 2
Event: 2.537 Thread 0x00007f894a012200 Uncommon trap: trap_request=0xffffff45 fr.pc=0x0000000121cc1800 relative=0x00000000000002e0
Event: 2.537 Thread 0x00007f894a012200 Uncommon trap: reason=unstable_if action=reinterpret pc=0x0000000121cc1800 method=java.util.StringTokenizer.scanToken(I)I @ 42 c2
Event: 2.537 Thread 0x00007f894a012200 DEOPT PACKING pc=0x0000000121cc1800 sp=0x000070000dad6830
Event: 2.537 Thread 0x00007f894a012200 DEOPT UNPACKING pc=0x000000011a202424 sp=0x000070000dad67e0 mode 2
Event: 2.537 Thread 0x00007f894a012200 Uncommon trap: trap_request=0xffffffde fr.pc=0x0000000121cbcce4 relative=0x0000000000000844
Event: 2.537 Thread 0x00007f894a012200 Uncommon trap: reason=class_check action=maybe_recompile pc=0x0000000121cbcce4 method=java.util.HashMap.putVal(ILjava/lang/Object;Ljava/lang/Object;ZZ)Ljava/lang/Object; @ 253 c2
Event: 2.537 Thread 0x00007f894a012200 DEOPT PACKING pc=0x0000000121cbcce4 sp=0x000070000dad6820
Event: 2.537 Thread 0x00007f894a012200 DEOPT UNPACKING pc=0x000000011a202424 sp=0x000070000dad6730 mode 2
Event: 2.540 Thread 0x00007f894a012200 Uncommon trap: trap_request=0xffffff45 fr.pc=0x0000000121cb1ca8 relative=0x0000000000000468
Event: 2.540 Thread 0x00007f894a012200 Uncommon trap: reason=unstable_if action=reinterpret pc=0x0000000121cb1ca8 method=java.lang.StringLatin1.replace([BCC)Ljava/lang/String; @ 19 c2
Event: 2.540 Thread 0x00007f894a012200 DEOPT PACKING pc=0x0000000121cb1ca8 sp=0x000070000dad6a70
Event: 2.540 Thread 0x00007f894a012200 DEOPT UNPACKING pc=0x000000011a202424 sp=0x000070000dad6a00 mode 2

Classes unloaded (0 events):
No events

Classes redefined (0 events):
No events

Internal exceptions (18 events):
Event: 0.104 Thread 0x00007f894a012200 Implicit null exception at 0x0000000121c86455 to 0x0000000121c865bc
Event: 0.152 Thread 0x00007f894b00d200 Exception <a 'java/lang/NoSuchMethodError'{0x0000000787d6bbb0}: 'java.lang.Object java.lang.invoke.DirectMethodHandle$Holder.invokeStatic(java.lang.Object)'> (0x0000000787d6bbb0) 
thrown [./open/src/hotspot/share/interpreter/linkResolver.cpp, line 790]
Event: 0.153 Thread 0x00007f894b00d200 Exception <a 'java/lang/NoSuchMethodError'{0x0000000787d6f398}: 'java.lang.Object java.lang.invoke.DirectMethodHandle$Holder.invokeStaticInit(java.lang.Object)'> (0x0000000787d6f398) 
thrown [./open/src/hotspot/share/interpreter/linkResolver.cpp, line 790]
Event: 0.177 Thread 0x00007f894b00d200 Exception <a 'java/lang/NoSuchMethodError'{0x0000000787d7d9a8}: 'void java.lang.invoke.DirectMethodHandle$Holder.invokeStatic(java.lang.Object, java.lang.Object)'> (0x0000000787d7d9a8) 
thrown [./open/src/hotspot/share/interpreter/linkResolver.cpp, line 790]
Event: 0.384 Thread 0x00007f894a012200 Exception <a 'java/lang/NoSuchMethodError'{0x0000000787a3be58}: 'java.lang.Object java.lang.invoke.DirectMethodHandle$Holder.invokeSpecial(java.lang.Object, java.lang.Object, long, java.lang.Object, int, int, int, int, int)'> (0x0000000787a3be58) 
thrown [./open/src/hotspot/share/interpreter/linkResolver.cpp, line 790]
Event: 0.384 Thread 0x00007f894a012200 Exception <a 'java/lang/NoSuchMethodError'{0x0000000787a3fc10}: 'java.lang.Object java.lang.invoke.DelegatingMethodHandle$Holder.reinvoke_L(java.lang.Object, long, java.lang.Object, int, int, int, int, int)'> (0x0000000787a3fc10) 
thrown [./open/src/hotspot/share/interpreter/linkResolver.cpp, line 790]
Event: 0.450 Thread 0x00007f894a012200 Implicit null exception at 0x0000000121caaf54 to 0x0000000121cab4ec
Event: 0.482 Thread 0x00007f894a012200 Exception <a 'java/lang/ClassNotFoundException'{0x00000007878ce520}: sun/awt/resources/spi/awtProvider> (0x00000007878ce520) 
thrown [./open/src/hotspot/share/classfile/systemDictionary.cpp, line 256]
Event: 0.499 Thread 0x00007f894a012200 Exception <a 'java/io/FileNotFoundException'{0x0000000787705820}> (0x0000000787705820) 
thrown [./open/src/hotspot/share/prims/jni.cpp, line 579]
Event: 0.509 Thread 0x00007f894a012200 Exception <a 'java/io/FileNotFoundException'{0x000000078772fcb0}> (0x000000078772fcb0) 
thrown [./open/src/hotspot/share/prims/jni.cpp, line 579]
Event: 0.624 Thread 0x00007f894a012200 Exception <a 'java/lang/NoClassDefFoundError'{0x00000007875d58e0}: org/slf4j/impl/StaticLoggerBinder> (0x00000007875d58e0) 
thrown [./open/src/hotspot/share/classfile/systemDictionary.cpp, line 245]
Event: 0.651 Thread 0x00007f894a012200 Exception <a 'java/lang/ClassNotFoundException'{0x0000000787482b30}: sun/awt/resources/spi/awtosxProvider> (0x0000000787482b30) 
thrown [./open/src/hotspot/share/classfile/systemDictionary.cpp, line 256]
Event: 0.656 Thread 0x00007f894a012200 Exception <a 'java/lang/NoSuchMethodError'{0x0000000787486b98}: 'void java.lang.invoke.DirectMethodHandle$Holder.invokeSpecial(java.lang.Object, java.lang.Object, java.lang.Object)'> (0x0000000787486b98) 
thrown [./open/src/hotspot/share/interpreter/linkResolver.cpp, line 790]
Event: 2.539 Thread 0x00007f894a012200 Exception <a 'java/lang/UnsatisfiedLinkError'{0x0000000786e2f318}: dlopen(libtesseract.dylib, 9): image not found> (0x0000000786e2f318) 
thrown [./open/src/hotspot/share/prims/jni.cpp, line 600]
Event: 2.539 Thread 0x00007f894a012200 Exception <a 'java/lang/UnsatisfiedLinkError'{0x0000000786e302f8}: dlopen(libtesseract.dylib, 9): image not found> (0x0000000786e302f8) 
thrown [./open/src/hotspot/share/prims/jni.cpp, line 600]
Event: 2.540 Thread 0x00007f894a012200 Exception <a 'java/lang/UnsatisfiedLinkError'{0x0000000786e31070}: dlopen(/Users/margo/Library/Frameworks/tesseract.framework/tesseract, 9): image not found> (0x0000000786e31070) 
thrown [./open/src/hotspot/share/prims/jni.cpp, line 600]
Event: 2.540 Thread 0x00007f894a012200 Exception <a 'java/lang/UnsatisfiedLinkError'{0x0000000786e31708}: dlopen(/Library/Frameworks/tesseract.framework/tesseract, 9): image not found> (0x0000000786e31708) 
thrown [./open/src/hotspot/share/prims/jni.cpp, line 600]
Event: 2.540 Thread 0x00007f894a012200 Exception <a 'java/lang/UnsatisfiedLinkError'{0x0000000786e31da8}: dlopen(/System/Library/Frameworks/tesseract.framework/tesseract, 9): image not found> (0x0000000786e31da8) 
thrown [./open/src/hotspot/share/prims/jni.cpp, line 600]

Events (20 events):
Event: 2.925 loading class java/awt/image/LookupTable
Event: 2.925 loading class java/awt/image/LookupTable done
Event: 2.926 loading class java/awt/image/ShortLookupTable
Event: 2.927 loading class java/awt/image/ShortLookupTable done
Event: 2.927 loading class java/awt/image/BufferedImageOp
Event: 2.927 loading class java/awt/image/BufferedImageOp done
Event: 2.927 loading class java/awt/color/ICC_ProfileGray
Event: 2.927 loading class java/awt/color/ICC_ProfileGray done
Event: 2.927 loading class sun/java2d/cmm/CMSManager
Event: 2.927 loading class sun/java2d/cmm/CMSManager done
Event: 2.928 loading class sun/awt/image/ByteInterleavedRaster
Event: 2.929 loading class sun/awt/image/ByteComponentRaster
Event: 2.929 loading class sun/awt/image/ByteComponentRaster done
Event: 2.929 loading class sun/awt/image/ByteInterleavedRaster done
Event: 2.933 loading class java/awt/image/VolatileImage
Event: 2.933 loading class java/awt/image/VolatileImage done
Event: 2.933 loading class java/awt/image/MultiResolutionImage
Event: 2.933 loading class java/awt/image/MultiResolutionImage done
Event: 2.933 loading class sun/awt/image/ToolkitImage
Event: 2.934 loading class sun/awt/image/ToolkitImage done


Dynamic libraries:
0x00007fff6f344000 	/usr/lib/libz.1.dylib
0x000000010a262000 	/Users/margo/Library/Java/JavaVirtualMachines/openjdk-16/Contents/Home/lib/libjli.dylib
0x00007fff34fd9000 	/System/Library/Frameworks/Cocoa.framework/Versions/A/Cocoa
0x00007fff427ef000 	/System/Library/Frameworks/Security.framework/Versions/A/Security
0x00007fff33f3f000 	/System/Library/Frameworks/ApplicationServices.framework/Versions/A/ApplicationServices
0x00007fff6ce08000 	/usr/lib/libSystem.B.dylib
0x00007fff6fc05000 	/usr/lib/system/libcache.dylib
0x00007fff6fc0b000 	/usr/lib/system/libcommonCrypto.dylib
0x00007fff6fc17000 	/usr/lib/system/libcompiler_rt.dylib
0x00007fff6fc1f000 	/usr/lib/system/libcopyfile.dylib
0x00007fff6fc29000 	/usr/lib/system/libcorecrypto.dylib
0x00007fff6fdc8000 	/usr/lib/system/libdispatch.dylib
0x00007fff6fe09000 	/usr/lib/system/libdyld.dylib
0x00007fff6fe40000 	/usr/lib/system/libkeymgr.dylib
0x00007fff6fe4e000 	/usr/lib/system/liblaunch.dylib
0x00007fff6fe4f000 	/usr/lib/system/libmacho.dylib
0x00007fff6fe55000 	/usr/lib/system/libquarantine.dylib
0x00007fff6fe58000 	/usr/lib/system/libremovefile.dylib
0x00007fff6fe5a000 	/usr/lib/system/libsystem_asl.dylib
0x00007fff6fe72000 	/usr/lib/system/libsystem_blocks.dylib
0x00007fff6fe73000 	/usr/lib/system/libsystem_c.dylib
0x00007fff6fefb000 	/usr/lib/system/libsystem_configuration.dylib
0x00007fff6feff000 	/usr/lib/system/libsystem_coreservices.dylib
0x00007fff6ff03000 	/usr/lib/system/libsystem_darwin.dylib
0x00007fff6ff0c000 	/usr/lib/system/libsystem_dnssd.dylib
0x00007fff6ff14000 	/usr/lib/system/libsystem_featureflags.dylib
0x00007fff6ff16000 	/usr/lib/system/libsystem_info.dylib
0x00007fff6ff91000 	/usr/lib/system/libsystem_m.dylib
0x00007fff6ffd9000 	/usr/lib/system/libsystem_malloc.dylib
0x00007fff70001000 	/usr/lib/system/libsystem_networkextension.dylib
0x00007fff7000f000 	/usr/lib/system/libsystem_notify.dylib
0x00007fff7002d000 	/usr/lib/system/libsystem_sandbox.dylib
0x00007fff70032000 	/usr/lib/system/libsystem_secinit.dylib
0x00007fff6ff64000 	/usr/lib/system/libsystem_kernel.dylib
0x00007fff70019000 	/usr/lib/system/libsystem_platform.dylib
0x00007fff70022000 	/usr/lib/system/libsystem_pthread.dylib
0x00007fff70035000 	/usr/lib/system/libsystem_symptoms.dylib
0x00007fff7003d000 	/usr/lib/system/libsystem_trace.dylib
0x00007fff70055000 	/usr/lib/system/libunwind.dylib
0x00007fff7005b000 	/usr/lib/system/libxpc.dylib
0x00007fff6ec68000 	/usr/lib/libobjc.A.dylib
0x00007fff6d141000 	/usr/lib/libc++abi.dylib
0x00007fff6d0ee000 	/usr/lib/libc++.1.dylib
0x00007fff35e7b000 	/System/Library/Frameworks/CoreFoundation.framework/Versions/A/CoreFoundation
0x00007fff38539000 	/System/Library/Frameworks/Foundation.framework/Versions/C/Foundation
0x00007fff3312f000 	/System/Library/Frameworks/AppKit.framework/Versions/C/AppKit
0x00007fff3595d000 	/System/Library/Frameworks/CoreData.framework/Versions/A/CoreData
0x00007fff66df7000 	/System/Library/PrivateFrameworks/UIFoundation.framework/Versions/A/UIFoundation
0x00007fff61e8b000 	/System/Library/PrivateFrameworks/RemoteViewServices.framework/Versions/A/RemoteViewServices
0x00007fff69978000 	/System/Library/PrivateFrameworks/XCTTargetBootstrap.framework/Versions/A/XCTTargetBootstrap
0x00007fff35d48000 	/System/Library/Frameworks/CoreDisplay.framework/Versions/A/CoreDisplay
0x00007fff3b3f4000 	/System/Library/Frameworks/Metal.framework/Versions/A/Metal
0x00007fff4fe88000 	/System/Library/PrivateFrameworks/DesktopServicesPriv.framework/Versions/A/DesktopServicesPriv
0x00007fff6df43000 	/usr/lib/liblangid.dylib
0x00007fff4f11d000 	/System/Library/PrivateFrameworks/CoreSVG.framework/Versions/A/CoreSVG
0x00007fff64fe7000 	/System/Library/PrivateFrameworks/SkyLight.framework/Versions/A/SkyLight
0x00007fff362fd000 	/System/Library/Frameworks/CoreGraphics.framework/Versions/A/CoreGraphics
0x00007fff31b03000 	/System/Library/Frameworks/Accelerate.framework/Versions/A/Accelerate
0x00007fff6f235000 	/usr/lib/libxml2.2.dylib
0x00007fff5ae14000 	/System/Library/PrivateFrameworks/IconServices.framework/Versions/A/IconServices
0x00007fff38d18000 	/System/Library/Frameworks/IOSurface.framework/Versions/A/IOSurface
0x00007fff6c932000 	/usr/lib/libDiagnosticMessagesClient.dylib
0x00007fff4fce2000 	/System/Library/PrivateFrameworks/DFRFoundation.framework/Versions/A/DFRFoundation
0x00007fff6dcd2000 	/usr/lib/libicucore.A.dylib
0x00007fff34271000 	/System/Library/Frameworks/AudioToolbox.framework/Versions/A/AudioToolbox
0x00007fff34354000 	/System/Library/Frameworks/AudioUnit.framework/Versions/A/AudioUnit
0x00007fff6d00a000 	/usr/lib/libauto.dylib
0x00007fff4fd84000 	/System/Library/PrivateFrameworks/DataDetectorsCore.framework/Versions/A/DataDetectorsCore
0x00007fff34afa000 	/System/Library/Frameworks/Carbon.framework/Versions/A/Frameworks/HIToolbox.framework/Versions/A/HIToolbox
0x00007fff419e9000 	/System/Library/Frameworks/QuartzCore.framework/Versions/A/QuartzCore
0x00007fff34e39000 	/System/Library/Frameworks/Carbon.framework/Versions/A/Frameworks/SpeechRecognition.framework/Versions/A/SpeechRecognition
0x00007fff4f7f6000 	/System/Library/PrivateFrameworks/CoreUI.framework/Versions/A/CoreUI
0x00007fff353c8000 	/System/Library/Frameworks/CoreAudio.framework/Versions/A/CoreAudio
0x00007fff381f8000 	/System/Library/Frameworks/DiskArbitration.framework/Versions/A/DiskArbitration
0x00007fff5ce64000 	/System/Library/PrivateFrameworks/MultitouchSupport.framework/Versions/A/MultitouchSupport
0x00007fff6db99000 	/usr/lib/libenergytrace.dylib
0x00007fff38c72000 	/System/Library/Frameworks/IOKit.framework/Versions/A/IOKit
0x00007fff37264000 	/System/Library/Frameworks/CoreServices.framework/Versions/A/CoreServices
0x00007fff5f01e000 	/System/Library/PrivateFrameworks/PerformanceAnalysis.framework/Versions/A/PerformanceAnalysis
0x00007fff40a1c000 	/System/Library/Frameworks/OpenGL.framework/Versions/A/OpenGL
0x00007fff34fe7000 	/System/Library/Frameworks/ColorSync.framework/Versions/A/ColorSync
0x00007fff36980000 	/System/Library/Frameworks/CoreImage.framework/Versions/A/CoreImage
0x00007fff37cd7000 	/System/Library/Frameworks/CoreText.framework/Versions/A/CoreText
0x00007fff38da8000 	/System/Library/Frameworks/ImageIO.framework/Versions/A/ImageIO
0x00007fff6d16a000 	/usr/lib/libcompression.dylib
0x00007fff6cc76000 	/usr/lib/libMobileGestalt.dylib
0x00007fff66b61000 	/System/Library/PrivateFrameworks/TextureIO.framework/Versions/A/TextureIO
0x00007fff6cf6d000 	/usr/lib/libate.dylib
0x00007fff5b01d000 	/System/Library/PrivateFrameworks/InternationalSupport.framework/Versions/A/InternationalSupport
0x00007fff6df45000 	/usr/lib/liblzma.5.dylib
0x00007fff6dbc0000 	/usr/lib/libfakelink.dylib
0x00007fff6cefa000 	/usr/lib/libarchive.2.dylib
0x00007fff438a2000 	/System/Library/Frameworks/SystemConfiguration.framework/Versions/A/SystemConfiguration
0x00007fff6c865000 	/usr/lib/libCRFSuite.dylib
0x00007fff346eb000 	/System/Library/Frameworks/CFNetwork.framework/Versions/A/CFNetwork
0x00007fff6d0d0000 	/usr/lib/libbsm.0.dylib
0x00007fff6fe41000 	/usr/lib/system/libkxld.dylib
0x00007fff4965c000 	/System/Library/PrivateFrameworks/AppleFSCompression.framework/Versions/A/AppleFSCompression
0x00007fff6d45b000 	/usr/lib/libcoretls.dylib
0x00007fff6d472000 	/usr/lib/libcoretls_cfhelpers.dylib
0x00007fff6ecae000 	/usr/lib/libpam.2.dylib
0x00007fff6ede3000 	/usr/lib/libsqlite3.dylib
0x00007fff6f222000 	/usr/lib/libxar.1.dylib
0x00007fff6d0e1000 	/usr/lib/libbz2.1.0.dylib
0x00007fff6dbe1000 	/usr/lib/libiconv.2.dylib
0x00007fff6d157000 	/usr/lib/libcharset.1.dylib
0x00007fff6e74b000 	/usr/lib/libnetwork.dylib
0x00007fff6ecb5000 	/usr/lib/libpcap.A.dylib
0x00007fff6ceaf000 	/usr/lib/libapple_nghttp2.dylib
0x00007fff3761b000 	/System/Library/Frameworks/CoreServices.framework/Versions/A/Frameworks/FSEvents.framework/Versions/A/FSEvents
0x00007fff372eb000 	/System/Library/Frameworks/CoreServices.framework/Versions/A/Frameworks/CarbonCore.framework/Versions/A/CarbonCore
0x00007fff3785f000 	/System/Library/Frameworks/CoreServices.framework/Versions/A/Frameworks/Metadata.framework/Versions/A/Metadata
0x00007fff378f8000 	/System/Library/Frameworks/CoreServices.framework/Versions/A/Frameworks/OSServices.framework/Versions/A/OSServices
0x00007fff37926000 	/System/Library/Frameworks/CoreServices.framework/Versions/A/Frameworks/SearchKit.framework/Versions/A/SearchKit
0x00007fff37265000 	/System/Library/Frameworks/CoreServices.framework/Versions/A/Frameworks/AE.framework/Versions/A/AE
0x00007fff37624000 	/System/Library/Frameworks/CoreServices.framework/Versions/A/Frameworks/LaunchServices.framework/Versions/A/LaunchServices
0x00007fff375cd000 	/System/Library/Frameworks/CoreServices.framework/Versions/A/Frameworks/DictionaryServices.framework/Versions/A/DictionaryServices
0x00007fff3798e000 	/System/Library/Frameworks/CoreServices.framework/Versions/A/Frameworks/SharedFileList.framework/Versions/A/SharedFileList
0x00007fff3c83b000 	/System/Library/Frameworks/NetFS.framework/Versions/A/NetFS
0x00007fff5d394000 	/System/Library/PrivateFrameworks/NetAuth.framework/Versions/A/NetAuth
0x00007fff69d45000 	/System/Library/PrivateFrameworks/login.framework/Versions/A/Frameworks/loginsupport.framework/Versions/A/loginsupport
0x00007fff6662c000 	/System/Library/PrivateFrameworks/TCC.framework/Versions/A/TCC
0x00007fff4e290000 	/System/Library/PrivateFrameworks/CoreNLP.framework/Versions/A/CoreNLP
0x00007fff5c891000 	/System/Library/PrivateFrameworks/MetadataUtilities.framework/Versions/A/MetadataUtilities
0x00007fff6e01d000 	/usr/lib/libmecabra.dylib
0x00007fff6df75000 	/usr/lib/libmecab.dylib
0x00007fff6dbd1000 	/usr/lib/libgermantok.dylib
0x00007fff6ce96000 	/usr/lib/libThaiTokenizer.dylib
0x00007fff6c89c000 	/usr/lib/libChineseTokenizer.dylib
0x00007fff31b1b000 	/System/Library/Frameworks/Accelerate.framework/Versions/A/Frameworks/vImage.framework/Versions/A/vImage
0x00007fff32f85000 	/System/Library/Frameworks/Accelerate.framework/Versions/A/Frameworks/vecLib.framework/Versions/A/vecLib
0x00007fff32ec2000 	/System/Library/Frameworks/Accelerate.framework/Versions/A/Frameworks/vecLib.framework/Versions/A/libvMisc.dylib
0x00007fff32cea000 	/System/Library/Frameworks/Accelerate.framework/Versions/A/Frameworks/vecLib.framework/Versions/A/libvDSP.dylib
0x00007fff32172000 	/System/Library/Frameworks/Accelerate.framework/Versions/A/Frameworks/vecLib.framework/Versions/A/libBLAS.dylib
0x00007fff328ae000 	/System/Library/Frameworks/Accelerate.framework/Versions/A/Frameworks/vecLib.framework/Versions/A/libLAPACK.dylib
0x00007fff32c4a000 	/System/Library/Frameworks/Accelerate.framework/Versions/A/Frameworks/vecLib.framework/Versions/A/libLinearAlgebra.dylib
0x00007fff32cd7000 	/System/Library/Frameworks/Accelerate.framework/Versions/A/Frameworks/vecLib.framework/Versions/A/libSparseBLAS.dylib
0x00007fff32c60000 	/System/Library/Frameworks/Accelerate.framework/Versions/A/Frameworks/vecLib.framework/Versions/A/libQuadrature.dylib
0x00007fff323da000 	/System/Library/Frameworks/Accelerate.framework/Versions/A/Frameworks/vecLib.framework/Versions/A/libBNNS.dylib
0x00007fff32c66000 	/System/Library/Frameworks/Accelerate.framework/Versions/A/Frameworks/vecLib.framework/Versions/A/libSparse.dylib
0x00007fff5b405000 	/System/Library/PrivateFrameworks/LanguageModeling.framework/Versions/A/LanguageModeling
0x00007fff4dc3f000 	/System/Library/PrivateFrameworks/CoreEmoji.framework/Versions/A/CoreEmoji
0x00007fff5b523000 	/System/Library/PrivateFrameworks/LinguisticData.framework/Versions/A/LinguisticData
0x00007fff5b4d4000 	/System/Library/PrivateFrameworks/Lexicon.framework/Versions/A/Lexicon
0x00007fff6d158000 	/usr/lib/libcmph.dylib
0x00007fff3f42a000 	/System/Library/Frameworks/OpenDirectory.framework/Versions/A/Frameworks/CFOpenDirectory.framework/Versions/A/CFOpenDirectory
0x00007fff3f447000 	/System/Library/Frameworks/OpenDirectory.framework/Versions/A/OpenDirectory
0x00007fff4788c000 	/System/Library/PrivateFrameworks/APFS.framework/Versions/A/APFS
0x00007fff42b3b000 	/System/Library/Frameworks/SecurityFoundation.framework/Versions/A/SecurityFoundation
0x00007fff6f21e000 	/usr/lib/libutil.dylib
0x00007fff4f175000 	/System/Library/PrivateFrameworks/CoreServicesStore.framework/Versions/A/CoreServicesStore
0x00007fff42bf2000 	/System/Library/Frameworks/ServiceManagement.framework/Versions/A/ServiceManagement
0x00007fff4ae2d000 	/System/Library/PrivateFrameworks/BackgroundTaskManagement.framework/Versions/A/BackgroundTaskManagement
0x00007fff6f31b000 	/usr/lib/libxslt.1.dylib
0x00007fff49ccf000 	/System/Library/PrivateFrameworks/AppleSystemInfo.framework/Versions/A/AppleSystemInfo
0x00007fff38fc5000 	/System/Library/Frameworks/ImageIO.framework/Versions/A/Resources/libJPEG.dylib
0x00007fff39282000 	/System/Library/Frameworks/ImageIO.framework/Versions/A/Resources/libTIFF.dylib
0x00007fff39265000 	/System/Library/Frameworks/ImageIO.framework/Versions/A/Resources/libPng.dylib
0x00007fff38f07000 	/System/Library/Frameworks/ImageIO.framework/Versions/A/Resources/libGIF.dylib
0x00007fff38f0b000 	/System/Library/Frameworks/ImageIO.framework/Versions/A/Resources/libJP2.dylib
0x00007fff39280000 	/System/Library/Frameworks/ImageIO.framework/Versions/A/Resources/libRadiance.dylib
0x00007fff6db9a000 	/usr/lib/libexpat.1.dylib
0x00007fff497b7000 	/System/Library/PrivateFrameworks/AppleJPEG.framework/Versions/A/AppleJPEG
0x00007fff52475000 	/System/Library/PrivateFrameworks/FontServices.framework/libFontParser.dylib
0x00007fff68d47000 	/System/Library/PrivateFrameworks/WatchdogClient.framework/Versions/A/WatchdogClient
0x00007fff5aa60000 	/System/Library/PrivateFrameworks/IOAccelerator.framework/Versions/A/IOAccelerator
0x00007fff3b78f000 	/System/Library/Frameworks/MetalPerformanceShaders.framework/Versions/A/MetalPerformanceShaders
0x00007fff571f0000 	/System/Library/PrivateFrameworks/GPUWrangler.framework/Versions/A/GPUWrangler
0x00007fff5aa75000 	/System/Library/PrivateFrameworks/IOPresentment.framework/Versions/A/IOPresentment
0x00007fff4fcf5000 	/System/Library/PrivateFrameworks/DSExternalDisplay.framework/Versions/A/DSExternalDisplay
0x00007fff3fdbb000 	/System/Library/Frameworks/OpenGL.framework/Versions/A/Libraries/libCoreFSCache.dylib
0x00007fff3b4db000 	/System/Library/Frameworks/MetalPerformanceShaders.framework/Frameworks/MPSCore.framework/Versions/A/MPSCore
0x00007fff3b519000 	/System/Library/Frameworks/MetalPerformanceShaders.framework/Frameworks/MPSImage.framework/Versions/A/MPSImage
0x00007fff3b5e0000 	/System/Library/Frameworks/MetalPerformanceShaders.framework/Frameworks/MPSNeuralNetwork.framework/Versions/A/MPSNeuralNetwork
0x00007fff3b5a4000 	/System/Library/Frameworks/MetalPerformanceShaders.framework/Frameworks/MPSMatrix.framework/Versions/A/MPSMatrix
0x00007fff3b73f000 	/System/Library/Frameworks/MetalPerformanceShaders.framework/Frameworks/MPSRayIntersector.framework/Versions/A/MPSRayIntersector
0x00007fff3b5ca000 	/System/Library/Frameworks/MetalPerformanceShaders.framework/Frameworks/MPSNDArray.framework/Versions/A/MPSNDArray
0x00007fff5c8de000 	/System/Library/PrivateFrameworks/MetalTools.framework/Versions/A/MetalTools
0x00007fff48a66000 	/System/Library/PrivateFrameworks/AggregateDictionary.framework/Versions/A/AggregateDictionary
0x00007fff4d687000 	/System/Library/PrivateFrameworks/CoreAnalytics.framework/Versions/A/CoreAnalytics
0x00007fff49bee000 	/System/Library/PrivateFrameworks/AppleSauce.framework/Versions/A/AppleSauce
0x00007fff6cb58000 	/usr/lib/libIOReport.dylib
0x00007fff37e8f000 	/System/Library/Frameworks/CoreVideo.framework/Versions/A/CoreVideo
0x00007fff58669000 	/System/Library/PrivateFrameworks/GraphVisualizer.framework/Versions/A/GraphVisualizer
0x00007fff519bb000 	/System/Library/PrivateFrameworks/FaceCore.framework/Versions/A/FaceCore
0x00007fff3f3d1000 	/System/Library/Frameworks/OpenCL.framework/Versions/A/OpenCL
0x00007fff6c97a000 	/usr/lib/libFosl_dynamic.dylib
0x00007fff5ddb5000 	/System/Library/PrivateFrameworks/OTSVG.framework/Versions/A/OTSVG
0x00007fff34044000 	/System/Library/Frameworks/ApplicationServices.framework/Versions/A/Frameworks/ATS.framework/Versions/A/Resources/libFontRegistry.dylib
0x00007fff52644000 	/System/Library/PrivateFrameworks/FontServices.framework/libhvf.dylib
0x00007fff3fdc6000 	/System/Library/Frameworks/OpenGL.framework/Versions/A/Libraries/libGFXShared.dylib
0x00007fff3ffa4000 	/System/Library/Frameworks/OpenGL.framework/Versions/A/Libraries/libGLU.dylib
0x00007fff3fdcf000 	/System/Library/Frameworks/OpenGL.framework/Versions/A/Libraries/libGL.dylib
0x00007fff3fdda000 	/System/Library/Frameworks/OpenGL.framework/Versions/A/Libraries/libGLImage.dylib
0x00007fff3fdb8000 	/System/Library/Frameworks/OpenGL.framework/Versions/A/Libraries/libCVMSPluginSupport.dylib
0x00007fff3fdc1000 	/System/Library/Frameworks/OpenGL.framework/Versions/A/Libraries/libCoreVMClient.dylib
0x00007fff6e5ec000 	/usr/lib/libncurses.5.4.dylib
0x00007fff33f40000 	/System/Library/Frameworks/ApplicationServices.framework/Versions/A/Frameworks/ATS.framework/Versions/A/ATS
0x00007fff3410d000 	/System/Library/Frameworks/ApplicationServices.framework/Versions/A/Frameworks/ColorSyncLegacy.framework/Versions/A/ColorSyncLegacy
0x00007fff341ab000 	/System/Library/Frameworks/ApplicationServices.framework/Versions/A/Frameworks/HIServices.framework/Versions/A/HIServices
0x00007fff34203000 	/System/Library/Frameworks/ApplicationServices.framework/Versions/A/Frameworks/LangAnalysis.framework/Versions/A/LangAnalysis
0x00007fff34212000 	/System/Library/Frameworks/ApplicationServices.framework/Versions/A/Frameworks/PrintCore.framework/Versions/A/PrintCore
0x00007fff34258000 	/System/Library/Frameworks/ApplicationServices.framework/Versions/A/Frameworks/QD.framework/Versions/A/QD
0x00007fff34263000 	/System/Library/Frameworks/ApplicationServices.framework/Versions/A/Frameworks/SpeechSynthesis.framework/Versions/A/SpeechSynthesis
0x00007fff340dd000 	/System/Library/Frameworks/ApplicationServices.framework/Versions/A/Frameworks/ATSUI.framework/Versions/A/ATSUI
0x00007fff6da30000 	/usr/lib/libcups.2.dylib
0x00007fff3a82a000 	/System/Library/Frameworks/Kerberos.framework/Versions/A/Kerberos
0x00007fff3896b000 	/System/Library/Frameworks/GSS.framework/Versions/A/GSS
0x00007fff6ed6f000 	/usr/lib/libresolv.9.dylib
0x00007fff58816000 	/System/Library/PrivateFrameworks/Heimdal.framework/Versions/A/Heimdal
0x00007fff3a83d000 	/System/Library/Frameworks/Kerberos.framework/Versions/A/Libraries/libHeimdalProxy.dylib
0x00007fff6dbd7000 	/usr/lib/libheimdal-asn1.dylib
0x00007fff4cb1f000 	/System/Library/PrivateFrameworks/CommonAuth.framework/Versions/A/CommonAuth
0x00007fff49d6c000 	/System/Library/PrivateFrameworks/AssertionServices.framework/Versions/A/AssertionServices
0x00007fff4a90f000 	/System/Library/PrivateFrameworks/AudioToolboxCore.framework/Versions/A/AudioToolboxCore
0x00007fff699f5000 	/System/Library/PrivateFrameworks/caulk.framework/Versions/A/caulk
0x00007fff4aed9000 	/System/Library/PrivateFrameworks/BaseBoard.framework/Versions/A/BaseBoard
0x00007fff62019000 	/System/Library/PrivateFrameworks/RunningBoardServices.framework/Versions/A/RunningBoardServices
0x00007fff5f02a000 	/System/Library/PrivateFrameworks/PersistentConnection.framework/Versions/A/PersistentConnection
0x00007fff61a12000 	/System/Library/PrivateFrameworks/ProtocolBuffer.framework/Versions/A/ProtocolBuffer
0x00007fff4cb43000 	/System/Library/PrivateFrameworks/CommonUtilities.framework/Versions/A/CommonUtilities
0x00007fff4b067000 	/System/Library/PrivateFrameworks/Bom.framework/Versions/A/Bom
0x00007fff6c82b000 	/usr/lib/libAudioToolboxUtility.dylib
0x00007fff4ae37000 	/System/Library/PrivateFrameworks/Backup.framework/Versions/A/Backup
0x00007fff4fc16000 	/System/Library/PrivateFrameworks/CrashReporterSupport.framework/Versions/A/CrashReporterSupport
0x00007fff63aab000 	/System/Library/PrivateFrameworks/Sharing.framework/Versions/A/Sharing
0x00007fff4937a000 	/System/Library/PrivateFrameworks/Apple80211.framework/Versions/A/Apple80211
0x00007fff4ab54000 	/System/Library/PrivateFrameworks/AuthKit.framework/Versions/A/AuthKit
0x00007fff4f923000 	/System/Library/PrivateFrameworks/CoreUtils.framework/Versions/A/CoreUtils
0x00007fff37ed4000 	/System/Library/Frameworks/CoreWLAN.framework/Versions/A/CoreWLAN
0x00007fff38af8000 	/System/Library/Frameworks/IOBluetooth.framework/Versions/A/IOBluetooth
0x00007fff5cbe3000 	/System/Library/PrivateFrameworks/MobileKeyBag.framework/Versions/A/MobileKeyBag
0x00007fff4e728000 	/System/Library/PrivateFrameworks/CorePhoneNumbers.framework/Versions/A/CorePhoneNumbers
0x00007fff4976a000 	/System/Library/PrivateFrameworks/AppleIDAuthSupport.framework/Versions/A/AppleIDAuthSupport
0x00007fff3c848000 	/System/Library/Frameworks/Network.framework/Versions/A/Network
0x00007fff5b2b1000 	/System/Library/PrivateFrameworks/KeychainCircle.framework/Versions/A/KeychainCircle
0x00007fff35924000 	/System/Library/Frameworks/CoreBluetooth.framework/Versions/A/CoreBluetooth
0x00007fff65b2a000 	/System/Library/PrivateFrameworks/SpeechRecognitionCore.framework/Versions/A/SpeechRecognitionCore
0x00007fff28efc000 	/System/Library/CoreServices/Encodings/libCyrillicConverter.dylib
0x000000010ac00000 	/Users/margo/Library/Java/JavaVirtualMachines/openjdk-16/Contents/Home/lib/server/libjvm.dylib
0x000000010a287000 	/Users/margo/Library/Java/JavaVirtualMachines/openjdk-16/Contents/Home/lib/libjimage.dylib
0x000000010a295000 	/Users/margo/Library/Java/JavaVirtualMachines/openjdk-16/Contents/Home/lib/libinstrument.dylib
0x000000010a2a5000 	/Users/margo/Library/Java/JavaVirtualMachines/openjdk-16/Contents/Home/lib/libjava.dylib
0x000000010a379000 	/Users/margo/Library/Java/JavaVirtualMachines/openjdk-16/Contents/Home/lib/libzip.dylib
0x000000010a387000 	/Users/margo/Library/Java/JavaVirtualMachines/openjdk-16/Contents/Home/lib/libnio.dylib
0x000000010a39b000 	/Users/margo/Library/Java/JavaVirtualMachines/openjdk-16/Contents/Home/lib/libnet.dylib
0x000000010a3b5000 	/Users/margo/Library/Java/JavaVirtualMachines/openjdk-16/Contents/Home/lib/libextnet.dylib
0x000000010a3bc000 	/Users/margo/Library/Java/JavaVirtualMachines/openjdk-16/Contents/Home/lib/libverify.dylib
0x00000001291b5000 	/Users/margo/Library/Java/JavaVirtualMachines/openjdk-16/Contents/Home/lib/libawt.dylib
0x000000012926b000 	/Users/margo/Library/Java/JavaVirtualMachines/openjdk-16/Contents/Home/lib/libmlib_image.dylib
0x00007fff3a814000 	/System/Library/Frameworks/JavaVM.framework/Versions/A/Frameworks/JavaNativeFoundation.framework/Versions/A/JavaNativeFoundation
0x00007fff3a81d000 	/System/Library/Frameworks/JavaVM.framework/Versions/A/Frameworks/JavaRuntimeSupport.framework/Versions/A/JavaRuntimeSupport
0x00007fff3a825000 	/System/Library/Frameworks/JavaVM.framework/Versions/A/JavaVM
0x00007fff5b0c8000 	/System/Library/PrivateFrameworks/JavaLaunching.framework/Versions/A/JavaLaunching
0x00007fff34af5000 	/System/Library/Frameworks/Carbon.framework/Versions/A/Carbon
0x00007fff4f6c8000 	/System/Library/PrivateFrameworks/CoreSymbolication.framework/Versions/A/CoreSymbolication
0x00007fff34af6000 	/System/Library/Frameworks/Carbon.framework/Versions/A/Frameworks/CommonPanels.framework/Versions/A/CommonPanels
0x00007fff34def000 	/System/Library/Frameworks/Carbon.framework/Versions/A/Frameworks/Help.framework/Versions/A/Help
0x00007fff34df3000 	/System/Library/Frameworks/Carbon.framework/Versions/A/Frameworks/ImageCapture.framework/Versions/A/ImageCapture
0x00007fff34dfa000 	/System/Library/Frameworks/Carbon.framework/Versions/A/Frameworks/OpenScripting.framework/Versions/A/OpenScripting
0x00007fff34df9000 	/System/Library/Frameworks/Carbon.framework/Versions/A/Frameworks/Ink.framework/Versions/A/Ink
0x00007fff34e35000 	/System/Library/Frameworks/Carbon.framework/Versions/A/Frameworks/Print.framework/Versions/A/Print
0x00007fff34e36000 	/System/Library/Frameworks/Carbon.framework/Versions/A/Frameworks/SecurityHI.framework/Versions/A/SecurityHI
0x00007fff4fe4a000 	/System/Library/PrivateFrameworks/DebugSymbols.framework/Versions/A/DebugSymbols
0x0000000129305000 	/Users/margo/Library/Java/JavaVirtualMachines/openjdk-16/Contents/Home/lib/libawt_lwawt.dylib
0x000000010a3ce000 	/Users/margo/Library/Java/JavaVirtualMachines/openjdk-16/Contents/Home/lib/libosxapp.dylib
0x00007fff383d4000 	/System/Library/Frameworks/ExceptionHandling.framework/Versions/A/ExceptionHandling
0x0000000112a61000 	/Users/margo/Library/Java/JavaVirtualMachines/openjdk-16/Contents/Home/lib/libfontmanager.dylib
0x000000012b74c000 	/Users/margo/Library/Java/JavaVirtualMachines/openjdk-16/Contents/Home/lib/libharfbuzz.dylib
0x000000012b8d4000 	/Users/margo/Library/Java/JavaVirtualMachines/openjdk-16/Contents/Home/lib/libfreetype.dylib
0x00007fff4f141000 	/System/Library/PrivateFrameworks/CoreServicesInternal.framework/Versions/A/CoreServicesInternal
0x00007fff383f3000 	/System/Library/Frameworks/FileProvider.framework/Versions/A/FileProvider
0x00007fff32f86000 	/System/Library/Frameworks/Accounts.framework/Versions/A/Accounts
0x00007fff57515000 	/System/Library/PrivateFrameworks/GenerationalStorage.framework/Versions/A/GenerationalStorage
0x00007fff6636c000 	/System/Library/PrivateFrameworks/SymptomDiagnosticReporter.framework/Versions/A/SymptomDiagnosticReporter
0x00007fff48e7e000 	/System/Library/PrivateFrameworks/AppContainer.framework/Versions/A/AppContainer
0x00007fff6ed89000 	/usr/lib/libsandbox.1.dylib
0x00007fff67cea000 	/System/Library/PrivateFrameworks/UserManagement.framework/Versions/A/UserManagement
0x00007fff4bc23000 	/System/Library/PrivateFrameworks/ChunkingLibrary.framework/Versions/A/ChunkingLibrary
0x00007fff48ef0000 	/System/Library/PrivateFrameworks/AppSandbox.framework/Versions/A/AppSandbox
0x00007fff63935000 	/System/Library/PrivateFrameworks/SecCodeWrapper.framework/Versions/A/SecCodeWrapper
0x00007fff6cc40000 	/usr/lib/libMatch.1.dylib
0x00007fff28f6e000 	/System/Library/CoreServices/RawCamera.bundle/Contents/MacOS/RawCamera
0x00007fff5ca0d000 	/System/Library/PrivateFrameworks/MobileAsset.framework/Versions/A/MobileAsset
0x00007fff66214000 	/System/Library/PrivateFrameworks/StreamingZip.framework/Versions/A/StreamingZip
0x00007fff3aca5000 	/System/Library/Frameworks/MediaToolbox.framework/Versions/A/MediaToolbox
0x00007fff4d637000 	/System/Library/PrivateFrameworks/CoreAVCHD.framework/Versions/A/CoreAVCHD
0x00007fff3abcf000 	/System/Library/Frameworks/MediaAccessibility.framework/Versions/A/MediaAccessibility
0x00007fff5bdc1000 	/System/Library/PrivateFrameworks/Mangrove.framework/Versions/A/Mangrove
0x00007fff3709c000 	/System/Library/Frameworks/CoreMedia.framework/Versions/A/CoreMedia
0x00007fff5c02d000 	/System/Library/PrivateFrameworks/MediaExperience.framework/Versions/A/MediaExperience
0x00007fff43b9c000 	/System/Library/Frameworks/VideoToolbox.framework/Versions/A/VideoToolbox
0x00007fff4d261000 	/System/Library/PrivateFrameworks/CoreAUC.framework/Versions/A/CoreAUC
0x00007fff6ede1000 	/usr/lib/libspindump.dylib
0x00007fff4a2be000 	/System/Library/PrivateFrameworks/AudioResourceArbitration.framework/Versions/A/AudioResourceArbitration
0x00007fff49cd3000 	/System/Library/PrivateFrameworks/AppleVA.framework/Versions/A/AppleVA
0x00007fff31b04000 	/System/Library/Frameworks/Accelerate.framework/Versions/A/Frameworks/vImage.framework/Versions/A/Libraries/libCGInterfaces.dylib
0x000000012d4dc000 	/usr/lib/libobjc-trampolines.dylib
0x00007fff525ac000 	/System/Library/PrivateFrameworks/FontServices.framework/libTrueTypeScaler.dylib
0x00007fff2e87c000 	/System/Library/Extensions/AppleIntelKBLGraphicsMTLDriver.bundle/Contents/MacOS/AppleIntelKBLGraphicsMTLDriver
0x00007fff55b35000 	/System/Library/PrivateFrameworks/GPUCompiler.framework/Versions/3902/Libraries/libmetal_timestamp.dylib
0x00007fff68ab6000 	/System/Library/PrivateFrameworks/ViewBridge.framework/Versions/A/ViewBridge
0x00007fff40a2c000 	/System/Library/Frameworks/OpenGL.framework/Versions/A/Resources/GLEngine.bundle/GLEngine
0x00007fff3fe0f000 	/System/Library/Frameworks/OpenGL.framework/Versions/A/Libraries/libGLProgrammability.dylib
0x00007fff2d874000 	/System/Library/Extensions/AppleIntelKBLGraphicsGLDriver.bundle/Contents/MacOS/AppleIntelKBLGraphicsGLDriver
0x00007fff571e4000 	/System/Library/PrivateFrameworks/GPUSupport.framework/Versions/A/Libraries/libGPUSupportMercury.dylib
0x00007fff40ba6000 	/System/Library/Frameworks/OpenGL.framework/Versions/A/Resources/GLRendererFloat.bundle/GLRendererFloat
0x00007fff3f3c8000 	/System/Library/Frameworks/OpenCL.framework/Versions/A/Libraries/libcldcpuengine.dylib
0x00007fff69d48000 	/System/Library/PrivateFrameworks/login.framework/Versions/A/login
0x000000012edef000 	/Users/margo/Library/Caches/JNA/temp/jna12305870305094097404.tmp
0x000000012f800000 	/Users/margo/Library/Caches/JNA/temp/jna4337761917839076719.tmp
0x000000012fa7e000 	/usr/local/opt/leptonica/lib/liblept.5.dylib
0x00007fff6da91000 	/usr/lib/libcurl.4.dylib
0x000000012ed73000 	/usr/local/opt/libpng/lib/libpng16.16.dylib
0x000000012ed9f000 	/usr/local/opt/jpeg/lib/libjpeg.9.dylib
0x000000012edd5000 	/usr/local/opt/giflib/lib/libgif.dylib
0x000000012ee05000 	/usr/local/opt/libtiff/lib/libtiff.5.dylib
0x000000012ee7d000 	/usr/local/opt/webp/lib/libwebpmux.3.dylib
0x000000012ee91000 	/usr/local/opt/webp/lib/libwebp.7.dylib
0x000000012eef9000 	/usr/local/opt/openjpeg/lib/libopenjp2.7.dylib
0x00007fff6d916000 	/usr/lib/libcrypto.44.dylib
0x00007fff6f0c1000 	/usr/lib/libssl.46.dylib
0x00007fff3a83e000 	/System/Library/Frameworks/LDAP.framework/Versions/A/LDAP
0x00007fff66dbe000 	/System/Library/PrivateFrameworks/TrustEvaluationAgent.framework/Versions/A/TrustEvaluationAgent
0x00007fff6edce000 	/usr/lib/libsasl2.2.dylib
0x00007fff4d9b3000 	/System/Library/PrivateFrameworks/CoreDaemon.framework/Versions/B/CoreDaemon
0x00007fff49be9000 	/System/Library/PrivateFrameworks/AppleSRP.framework/Versions/A/AppleSRP


VM Arguments:
jvm_args: -javaagent:/Applications/IntelliJ IDEA.app/Contents/lib/idea_rt.jar=59118:/Applications/IntelliJ IDEA.app/Contents/bin -Dfile.encoding=UTF-8 
java_command: com.it.one.practice.Main
java_class_path (initial): /Users/margo/Desktop/doc-page-checker/target/classes:/Users/margo/.m2/repository/com/google/code/gson/gson/2.8.5/gson-2.8.5.jar:/Users/margo/.m2/repository/org/apache/pdfbox/pdfbox/2.0.23/pdfbox-2.0.23.jar:/Users/margo/.m2/repository/org/apache/pdfbox/fontbox/2.0.23/fontbox-2.0.23.jar:/Users/margo/.m2/repository/commons-logging/commons-logging/1.2/commons-logging-1.2.jar:/Users/margo/.m2/repository/com/fasterxml/jackson/core/jackson-databind/2.12.3/jackson-databind-2.12.3.jar:/Users/margo/.m2/repository/com/fasterxml/jackson/core/jackson-annotations/2.12.3/jackson-annotations-2.12.3.jar:/Users/margo/.m2/repository/com/fasterxml/jackson/core/jackson-core/2.12.3/jackson-core-2.12.3.jar:/Users/margo/.m2/repository/net/sourceforge/tess4j/tess4j/4.5.4/tess4j-4.5.4.jar:/Users/margo/.m2/repository/net/java/dev/jna/jna/5.6.0/jna-5.6.0.jar:/Users/margo/.m2/repository/com/github/jai-imageio/jai-imageio-core/1.4.0/jai-imageio-core-1.4.0.jar:/Users/margo/.m2/repository/org/ghost4j/ghost4j/1.0.1/ghost4j-1.0.1.jar:/Users/margo/.m2/repository/log4j/log4j/1.2.17/log4j-1.2.17.jar:/Users/margo/.m2/repository/commons-beanutils/commons-beanutils/1.9.2/commons-beanutils-1.9.2.jar:/Users/margo/.m2/repository/commons-collections/commons-collections/3.2.1/commons-collections-3.2.1.jar:/Users/margo/.m2/repository/org/apache/xmlgraphics/xmlgraphics-commons/1.4/xmlgraphics-commons-1.4.jar:/Users/margo/.m2/repository/com/lowagie/itext/2.1.7/itext-2.1.7.jar:/Users/margo/.m2/repository/org/apache/pdfbox/pdfbox-tools/2.0.21/pdfbox-tools-2.0.21.jar:/Users/margo/.m2/repository/org/apache/pdfbox/pdfbox-debugger/2.0.21/pdfbox-debugger-2.0.21.jar:/Users/margo/.m2/repository/org/apache/pdfbox/jbig2-imageio/3.0.3/jbig2-imageio-3.0.3.jar:/Users/margo/.m2/repository/commons-io/commons-io/2.8.0/commons-io-2.8.0.jar:/Users/margo/.m2/repository/net/sourceforge/lept4j/lept4j/1.13.2/lept4j-1.13.2.jar:/Users/margo/.m2/repository/org/jboss/jboss-vfs/3.2.15.Final/jboss-vfs-3.2.15.Fina
Launcher Type: SUN_STANDARD

[Global flags]
     intx CICompilerCount                          = 3                                         {product} {ergonomic}
     uint ConcGCThreads                            = 1                                         {product} {ergonomic}
     uint G1ConcRefinementThreads                  = 4                                         {product} {ergonomic}
   size_t G1HeapRegionSize                         = 1048576                                   {product} {ergonomic}
    uintx GCDrainStackTargetSize                   = 64                                        {product} {ergonomic}
   size_t InitialHeapSize                          = 134217728                                 {product} {ergonomic}
   size_t MarkStackSize                            = 4194304                                   {product} {ergonomic}
   size_t MaxHeapSize                              = 2147483648                                {product} {ergonomic}
   size_t MaxNewSize                               = 1287651328                                {product} {ergonomic}
   size_t MinHeapDeltaBytes                        = 1048576                                   {product} {ergonomic}
   size_t MinHeapSize                              = 8388608                                   {product} {ergonomic}
    uintx NonNMethodCodeHeapSize                   = 5832780                                {pd product} {ergonomic}
    uintx NonProfiledCodeHeapSize                  = 122912730                              {pd product} {ergonomic}
    uintx ProfiledCodeHeapSize                     = 122912730                              {pd product} {ergonomic}
    uintx ReservedCodeCacheSize                    = 251658240                              {pd product} {ergonomic}
     bool SegmentedCodeCache                       = true                                      {product} {ergonomic}
   size_t SoftMaxHeapSize                          = 2147483648                             {manageable} {ergonomic}
     bool UseCompressedClassPointers               = true                           {product lp64_product} {ergonomic}
     bool UseCompressedOops                        = true                           {product lp64_product} {ergonomic}
     bool UseG1GC                                  = true                                      {product} {ergonomic}
     bool UseNUMA                                  = false                                     {product} {ergonomic}
     bool UseNUMAInterleaving                      = false                                     {product} {ergonomic}

Logging:
Log output configuration:
 #0: stdout all=warning uptime,level,tags
 #1: stderr all=off uptime,level,tags

Environment Variables:
PATH=/usr/local/bin:/usr/bin:/bin:/usr/sbin:/sbin
SHELL=/bin/zsh
LC_CTYPE=ru_RU.UTF-8

Signal Handlers:
SIGSEGV: [libjvm.dylib+0xa7db10], sa_mask[0]=11100110000111110111111111111111, sa_flags=SA_ONSTACK|SA_RESTART|SA_SIGINFO
SIGBUS: [libjvm.dylib+0xa7db10], sa_mask[0]=11100110000111110111111111111111, sa_flags=SA_RESTART|SA_SIGINFO
SIGFPE: [libjvm.dylib+0xa7db10], sa_mask[0]=11100110000111110111111111111111, sa_flags=SA_RESTART|SA_SIGINFO
SIGPIPE: [libjvm.dylib+0x947610], sa_mask[0]=11100110000111110111111111111111, sa_flags=SA_RESTART|SA_SIGINFO
SIGXFSZ: [libjvm.dylib+0x947610], sa_mask[0]=11100110000111110111111111111111, sa_flags=SA_RESTART|SA_SIGINFO
SIGILL: [libjvm.dylib+0xa7db10], sa_mask[0]=11100110000111110111111111111111, sa_flags=SA_RESTART|SA_SIGINFO
SIGUSR2: [libjvm.dylib+0x9480c0], sa_mask[0]=00100000000000000000000000000000, sa_flags=SA_RESTART|SA_SIGINFO
SIGHUP: [libjvm.dylib+0x946680], sa_mask[0]=11100110000111110111111111111111, sa_flags=SA_RESTART|SA_SIGINFO
SIGINT: [libjvm.dylib+0x946680], sa_mask[0]=11100110000111110111111111111111, sa_flags=SA_RESTART|SA_SIGINFO
SIGTERM: [libjvm.dylib+0x946680], sa_mask[0]=11100110000111110111111111111111, sa_flags=SA_RESTART|SA_SIGINFO
SIGQUIT: [libjvm.dylib+0x946680], sa_mask[0]=11100110000111110111111111111111, sa_flags=SA_RESTART|SA_SIGINFO
SIGTRAP: [libjvm.dylib+0xa7db10], sa_mask[0]=11100110000111110111111111111111, sa_flags=SA_RESTART|SA_SIGINFO


---------------  S Y S T E M  ---------------

OS:uname: Darwin 19.6.0 Darwin Kernel Version 19.6.0: Thu May  6 00:48:39 PDT 2021; root:xnu-6153.141.33~1/RELEASE_X86_64 x86_64
OS uptime: 34 days 5:32 hours
rlimit (soft/hard): STACK 8192k/65532k , CORE 0k/infinity , NPROC 1392/2088 , NOFILE 10240/infinity , AS infinity/infinity , CPU infinity/infinity , DATA infinity/infinity , FSIZE infinity/infinity , MEMLOCK infinity/infinity , RSS infinity/infinity
load average: 2.61 2.70 2.61

CPU: total 4 (initial active 4) (2 cores per cpu, 2 threads per core) family 6 model 142 stepping 9 microcode 0xea, cx8, cmov, fxsr, ht, mmx, 3dnowpref, sse, sse2, sse3, ssse3, sse4.1, sse4.2, popcnt, lzcnt, tsc, tscinvbit, avx, avx2, aes, erms, clmul, bmi1, bmi2, rtm, adx, fma, vzeroupper, clflush, clflushopt

Memory: 4k page, physical 8388608k(24664k free), swap 4194304k(1333504k free)

vm_info: OpenJDK 64-Bit Server VM (16+36-2231) for bsd-amd64 JRE (16+36-2231), built on Feb  8 2021 11:37:22 by "mach5one" with clang 4.2.1 Compatible Apple LLVM 11.0.0 (clang-1100.0.33.17)

END.
