#
# A fatal error has been detected by the Java Runtime Environment:
#
#  SIGSEGV (0xb) at pc=0x0000000132417a6b, pid=34179, tid=6147
#
# JRE version: OpenJDK Runtime Environment (16.0+36) (build 16+36-2231)
# Java VM: OpenJDK 64-Bit Server VM (16+36-2231, mixed mode, sharing, tiered, compressed oops, g1 gc, bsd-amd64)
# Problematic frame:
# C  [jna18063054563828945258.tmp+0x17a6b]  tesseract::Tesseract::recog_all_words(PAGE_RES*, ETEXT_DESC*, TBOX const*, char const*, int)+0xaf
#
# No core dump will be written. Core dumps have been disabled. To enable core dumping, try "ulimit -c unlimited" before starting Java again
#
# If you would like to submit a bug report, please visit:
#   https://bugreport.java.com/bugreport/crash.jsp
# The crash happened outside the Java Virtual Machine in native code.
# See problematic frame for where to report the bug.
#

---------------  S U M M A R Y ------------

Command Line: -javaagent:/Applications/IntelliJ IDEA.app/Contents/lib/idea_rt.jar=58276:/Applications/IntelliJ IDEA.app/Contents/bin -Dfile.encoding=UTF-8 com.it.one.practice.Main

Host: MacBookPro14,1 x86_64 2300 MHz, 4 cores, 8G, Darwin 19.6.0, macOS 10.15.7 (19H1217)
Time: Sun Jul  4 13:50:56 2021 +06 elapsed time: 2.235231 seconds (0d 0h 0m 2s)

---------------  T H R E A D  ---------------

Current thread (0x00007fae7400a000):  JavaThread "main" [_thread_in_native, id=6147, stack(0x0000700008935000,0x0000700008a35000)]

Stack: [0x0000700008935000,0x0000700008a35000],  sp=0x0000700008a33790,  free space=1017k
Native frames: (J=compiled Java code, A=aot compiled Java code, j=interpreted, Vv=VM code, C=native code)
C  [jna18063054563828945258.tmp+0x17a6b]  tesseract::Tesseract::recog_all_words(PAGE_RES*, ETEXT_DESC*, TBOX const*, char const*, int)+0xaf
C  [jna18063054563828945258.tmp+0x4647]  tesseract::TessBaseAPI::Recognize(ETEXT_DESC*)+0x379
C  [jna18063054563828945258.tmp+0x35e5]  tesseract::TessBaseAPI::GetUTF8Text()+0x2b
C  [jna6753194784512805297.tmp+0xde74]  ffi_call_unix64+0x4c

Java frames: (J=compiled Java code, j=interpreted, Vv=VM code)
j  com.sun.jna.Native.invokePointer(Lcom/sun/jna/Function;JI[Ljava/lang/Object;)J+0
j  com.sun.jna.Function.invokePointer(I[Ljava/lang/Object;)Lcom/sun/jna/Pointer;+7
j  com.sun.jna.Function.invoke([Ljava/lang/Object;Ljava/lang/Class;ZI)Ljava/lang/Object;+385
j  com.sun.jna.Function.invoke(Ljava/lang/reflect/Method;[Ljava/lang/Class;Ljava/lang/Class;[Ljava/lang/Object;Ljava/util/Map;)Ljava/lang/Object;+271
j  com.sun.jna.Library$Handler.invoke(Ljava/lang/Object;Ljava/lang/reflect/Method;[Ljava/lang/Object;)Ljava/lang/Object;+390
j  jdk.proxy2.$Proxy2.TessBaseAPIGetUTF8Text(Lnet/sourceforge/tess4j/ITessAPI$TessBaseAPI;)Lcom/sun/jna/Pointer;+16 jdk.proxy2
j  net.sourceforge.tess4j.Tesseract.getOCRText(Ljava/lang/String;I)Ljava/lang/String;+269
j  net.sourceforge.tess4j.Tesseract.doOCR(Ljava/util/List;Ljava/lang/String;Ljava/awt/Rectangle;)Ljava/lang/String;+69
j  net.sourceforge.tess4j.Tesseract.doOCR(Ljava/util/List;Ljava/awt/Rectangle;)Ljava/lang/String;+4
j  net.sourceforge.tess4j.Tesseract.doOCR(Ljava/awt/image/BufferedImage;Ljava/awt/Rectangle;)Ljava/lang/String;+6
j  net.sourceforge.tess4j.Tesseract.doOCR(Ljava/awt/image/BufferedImage;)Ljava/lang/String;+3
j  com.it.one.practice.Main.main([Ljava/lang/String;)V+121
v  ~StubRoutines::call_stub

siginfo: si_signo: 11 (SIGSEGV), si_code: 1 (SEGV_MAPERR), si_addr: 0x000000000000000c

Register to memory mapping:

RAX=0x0 is NULL
RBX=0x00007fae72ec3a20 points into unknown readable memory: 0x0000000000000000 | 00 00 00 00 00 00 00 00
RCX=0x0 is NULL
RDX=0x00007fae72ec57a0 points into unknown readable memory: 0x00007fae72ec8630 | 30 86 ec 72 ae 7f 00 00
RSP=0x0000700008a33790 is pointing into the stack for thread: 0x00007fae7400a000
RBP=0x0000700008a33950 is pointing into the stack for thread: 0x00007fae7400a000
RSI=0x0 is NULL
RDI=0x0000700008a33848 is pointing into the stack for thread: 0x00007fae7400a000
R8 =0x0 is NULL
R9 =0x0 is NULL
R10=0x00000000fffffffc is an unknown value
R11=0x000000000434fb90 is an unknown value
R12=0x0 is NULL
R13=0x00007fae76965000 points into unknown readable memory: 0x00000001325d4200 | 00 42 5d 32 01 00 00 00
R14=0x0 is NULL
R15=0x0 is NULL


Registers:
RAX=0x0000000000000000, RBX=0x00007fae72ec3a20, RCX=0x0000000000000000, RDX=0x00007fae72ec57a0
RSP=0x0000700008a33790, RBP=0x0000700008a33950, RSI=0x0000000000000000, RDI=0x0000700008a33848
R8 =0x0000000000000000, R9 =0x0000000000000000, R10=0x00000000fffffffc, R11=0x000000000434fb90
R12=0x0000000000000000, R13=0x00007fae76965000, R14=0x0000000000000000, R15=0x0000000000000000
RIP=0x0000000132417a6b, EFLAGS=0x0000000000010246, ERR=0x0000000000000004
  TRAPNO=0x000000000000000e

Top of Stack: (sp=0x0000700008a33790)
0x0000700008a33790:   00007fae75f95c70 00007fae72ec3a20
0x0000700008a337a0:   0000000000000000 0000000000000000
0x0000700008a337b0:   0000000000000000 00007fae72ec54a0
0x0000700008a337c0:   00007fae72ec3b60 00007fae72ec3b30
0x0000700008a337d0:   00007fae72ec6240 00007fae72ec57a0
0x0000700008a337e0:   00007fae72ec3b30 00007fae72ec3a28
0x0000700008a337f0:   00007fae72ec3b30 00007fae72ec3b30
0x0000700008a33800:   00007fae72ec3b30 00007fae72ec3b30
0x0000700008a33810:   00007fae72000000 00007fae72ec3b58
0x0000700008a33820:   00007fae72ec3b60 00007fae72ec57a0
0x0000700008a33830:   00007fae72ec8630 00007fae72ec3b60
0x0000700008a33840:   0000700008010000 00007fae72ec57c0
0x0000700008a33850:   00007fae72ec6240 00007fae72ec57d0
0x0000700008a33860:   00007fae72ec6540 00007fae72ec6240
0x0000700008a33870:   0000700008010000 00007fae72ec3b80
0x0000700008a33880:   00007fae72ec3b90 00007fae72ec54a0
0x0000700008a33890:   00007fae72ec3b90 00007fae72ec54a0
0x0000700008a338a0:   0000000000000000 00007fae72ec57c0
0x0000700008a338b0:   00007fae72ec81d0 00007fae72ec6240
0x0000700008a338c0:   00007fae72ec57d0 00007fae72ec6240
0x0000700008a338d0:   0000700008000000 00000001324029a5
0x0000700008a338e0:   00007fae75f79ca0 00000001325b1754
0x0000700008a338f0:   00007fae76965150 00007fae72ec2ba0
0x0000700008a33900:   00007fae72ec2ba0 00007fae76965000
0x0000700008a33910:   0000000000000000 0000000000000000
0x0000700008a33920:   00007fae72ec3a20 0000700008a33901
0x0000700008a33930:   00007fae72ec2ba0 00007fae76965000
0x0000700008a33940:   00000000ffffffff 0000000000000000
0x0000700008a33950:   0000700008a339c0 0000000132404647
0x0000700008a33960:   0000700008a33a40 000000011d2f359e
0x0000700008a33970:   0000700008a338f0 0000700008a33a00
0x0000700008a33980:   0000700000000002 0000000131bd7926 

Instructions: (pc=0x0000000132417a6b)
0x000000013241796b:   00 48 8d bd 20 ff ff ff e8 40 2c ff ff 48 89 df
0x000000013241797b:   e8 30 ae 14 00 0f 0b 48 89 c7 e8 66 ad fe ff 48
0x000000013241798b:   89 c7 e8 5e ad fe ff 48 89 c7 e8 56 ad fe ff 48
0x000000013241799b:   89 c7 e8 4e ad fe ff 48 89 c7 e8 46 ad fe ff 48
0x00000001324179ab:   89 c7 e8 3e ad fe ff 48 89 c7 e8 36 ad fe ff 90
0x00000001324179bb:   90 55 48 89 e5 41 57 41 56 41 55 41 54 53 48 81
0x00000001324179cb:   ec 98 01 00 00 45 89 ce 4c 89 45 c0 49 89 cc 49
0x00000001324179db:   89 d7 48 89 f3 49 89 fd 31 c0 48 8d bd 48 fe ff
0x00000001324179eb:   ff 48 89 47 50 48 89 87 80 00 00 00 48 89 87 b0
0x00000001324179fb:   00 00 00 48 89 87 e0 00 00 00 48 89 87 10 01 00
0x0000000132417a0b:   00 48 89 37 31 f6 e8 7a fa 11 00 41 80 bd e2 21
0x0000000132417a1b:   02 00 00 74 10 b0 01 41 88 85 02 22 02 00 41 88
0x0000000132417a2b:   85 12 30 02 00 41 83 fe 01 4c 89 65 c8 0f 87 04
0x0000000132417a3b:   02 00 00 48 89 5d d0 48 8d bd 48 fe ff ff 31 f6
0x0000000132417a4b:   e8 40 fa 11 00 41 83 bd 08 14 00 00 00 7e 0a 4c
0x0000000132417a5b:   89 ef e8 e6 97 0b 00 eb 15 49 8b 85 b0 09 00 00
0x0000000132417a6b:   80 78 0c 00 74 08 4c 89 ef e8 43 98 0b 00 41 83
0x0000000132417a7b:   bd d8 44 02 00 00 7e 3e 31 db 49 8b 85 e0 44 02
0x0000000132417a8b:   00 48 8b 3c d8 83 bf 08 14 00 00 00 7e 07 e8 aa
0x0000000132417a9b:   97 0b 00 eb 12 48 8b 87 b0 09 00 00 80 78 0c 00
0x0000000132417aab:   74 05 e8 0a 98 0b 00 48 ff c3 49 63 85 d8 44 02
0x0000000132417abb:   00 48 39 c3 7c c4 44 89 75 bc 4c 8d 75 98 49 c7
0x0000000132417acb:   06 00 00 00 00 4c 89 f7 be 04 00 00 00 e8 e1 58
0x0000000132417adb:   00 00 4c 89 ef be 01 00 00 00 4c 89 e2 48 8b 4d
0x0000000132417aeb:   c0 48 8b 5d d0 49 89 d8 4d 89 f1 e8 17 f3 ff ff
0x0000000132417afb:   41 83 bd d4 35 02 00 00 74 0c 48 8d 75 98 4c 89
0x0000000132417b0b:   ef e8 0f 0a 03 00 4c 8d 45 98 41 8b 00 41 89 85
0x0000000132417b1b:   c0 44 02 00 41 c7 85 c4 44 02 00 00 00 00 00 66
0x0000000132417b2b:   41 c7 85 bc 44 02 00 00 00 49 c7 85 b4 44 02 00
0x0000000132417b3b:   00 00 00 00 4d 89 ad f8 44 02 00 48 8d 8d 48 fe
0x0000000132417b4b:   ff ff 4c 89 ef be 01 00 00 00 4c 89 fa e8 4b f5
0x0000000132417b5b:   ff ff 84 c0 0f 84 b7 00 00 00 48 8d bd 48 fe ff 


Stack slot to memory mapping:
stack at sp + 0 slots: 0x00007fae75f95c70 points into unknown readable memory: 0x00007fae75f95c20 | 20 5c f9 75 ae 7f 00 00
stack at sp + 1 slots: 0x00007fae72ec3a20 points into unknown readable memory: 0x0000000000000000 | 00 00 00 00 00 00 00 00
stack at sp + 2 slots: 0x0 is NULL
stack at sp + 3 slots: 0x0 is NULL
stack at sp + 4 slots: 0x0 is NULL
stack at sp + 5 slots: 0x00007fae72ec54a0 points into unknown readable memory: 0x00007fae72ec3b90 | 90 3b ec 72 ae 7f 00 00
stack at sp + 6 slots: 0x00007fae72ec3b60 points into unknown readable memory: 0x00007fae72ec57a0 | a0 57 ec 72 ae 7f 00 00
stack at sp + 7 slots: 0x00007fae72ec3b30 points into unknown readable memory: 0x00007fae72ec3b30 | 30 3b ec 72 ae 7f 00 00


---------------  P R O C E S S  ---------------

Threads class SMR info:
_java_thread_list=0x00007fae72f6e650, length=17, elements={
0x00007fae7400a000, 0x00007fae73076600, 0x00007fae73076c00, 0x00007fae73079a00,
0x00007fae7307a000, 0x00007fae7307a600, 0x00007fae73088e00, 0x00007fae73089400,
0x00007fae73089a00, 0x00007fae74083000, 0x00007fae74879c00, 0x00007fae74037400,
0x00007fae73077800, 0x00007fae74036c00, 0x00007fae74193600, 0x00007fae749bbe00,
0x00007fae7416cc00
}

Java Threads: ( => current thread )
=>0x00007fae7400a000 JavaThread "main" [_thread_in_native, id=6147, stack(0x0000700008935000,0x0000700008a35000)]
  0x00007fae73076600 JavaThread "Reference Handler" daemon [_thread_blocked, id=14339, stack(0x000070000904a000,0x000070000914a000)]
  0x00007fae73076c00 JavaThread "Finalizer" daemon [_thread_blocked, id=16387, stack(0x000070000914d000,0x000070000924d000)]
  0x00007fae73079a00 JavaThread "Signal Dispatcher" daemon [_thread_blocked, id=42755, stack(0x0000700009356000,0x0000700009456000)]
  0x00007fae7307a000 JavaThread "Service Thread" daemon [_thread_blocked, id=42499, stack(0x0000700009459000,0x0000700009559000)]
  0x00007fae7307a600 JavaThread "Monitor Deflation Thread" daemon [_thread_blocked, id=41987, stack(0x000070000955c000,0x000070000965c000)]
  0x00007fae73088e00 JavaThread "C2 CompilerThread0" daemon [_thread_in_native, id=41731, stack(0x000070000965f000,0x000070000975f000)]
  0x00007fae73089400 JavaThread "C1 CompilerThread0" daemon [_thread_blocked, id=23811, stack(0x0000700009762000,0x0000700009862000)]
  0x00007fae73089a00 JavaThread "Sweeper thread" daemon [_thread_blocked, id=41219, stack(0x0000700009865000,0x0000700009965000)]
  0x00007fae74083000 JavaThread "Common-Cleaner" daemon [_thread_blocked, id=24323, stack(0x0000700009968000,0x0000700009a68000)]
  0x00007fae74879c00 JavaThread "Monitor Ctrl-Break" daemon [_thread_in_native, id=40707, stack(0x0000700009a6b000,0x0000700009b6b000)]
  0x00007fae74037400 JavaThread "Notification Thread" daemon [_thread_blocked, id=40451, stack(0x0000700009b6e000,0x0000700009c6e000)]
  0x00007fae73077800 JavaThread "AppKit Thread" daemon [_thread_in_native, id=775, stack(0x00007ffee2370000,0x00007ffee2b70000)]
  0x00007fae74036c00 JavaThread "AWT-Shutdown" [_thread_blocked, id=32539, stack(0x0000700009df7000,0x0000700009ef7000)]
  0x00007fae74193600 JavaThread "Java2D Queue Flusher" daemon [_thread_blocked, id=76299, stack(0x000070000a000000,0x000070000a100000)]
  0x00007fae749bbe00 JavaThread "Java2D Disposer" daemon [_thread_blocked, id=73479, stack(0x000070000a103000,0x000070000a203000)]
  0x00007fae7416cc00 JavaThread "Attach Listener" daemon [_thread_blocked, id=56839, stack(0x000070000a50f000,0x000070000a60f000)]

Other Threads:
  0x00007fae72c38a30 VMThread "VM Thread" [stack: 0x0000700008f47000,0x0000700009047000] [id=16643]
  0x00007fae72c59ed0 WatcherThread [stack: 0x0000700009c71000,0x0000700009d71000] [id=24835]
  0x00007fae72e184a0 GCTaskThread "GC Thread#0" [stack: 0x0000700008a38000,0x0000700008b38000] [id=19971]
  0x00007fae72f684c0 GCTaskThread "GC Thread#1" [stack: 0x000070000a206000,0x000070000a306000] [id=56323]
  0x00007fae75f49d90 GCTaskThread "GC Thread#2" [stack: 0x000070000a309000,0x000070000a409000] [id=71939]
  0x00007fae75f4a740 GCTaskThread "GC Thread#3" [stack: 0x000070000a40c000,0x000070000a50c000] [id=56579]
  0x00007fae72c131c0 ConcurrentGCThread "G1 Main Marker" [stack: 0x0000700008b3b000,0x0000700008c3b000] [id=19715]
  0x00007fae72d081c0 ConcurrentGCThread "G1 Conc#0" [stack: 0x0000700008c3e000,0x0000700008d3e000] [id=18691]
  0x00007fae72c2d750 ConcurrentGCThread "G1 Refine#0" [stack: 0x0000700008d41000,0x0000700008e41000] [id=12803]
  0x00007fae72c2e5d0 ConcurrentGCThread "G1 Service" [stack: 0x0000700008e44000,0x0000700008f44000] [id=17923]

Threads with active compile tasks:
C2 CompilerThread0     2240 1597       4       jdk.internal.org.objectweb.asm.Frame::execute (2305 bytes)

VM state: not at safepoint (normal execution)

VM Mutex/Monitor currently owned by a thread: None

Heap address: 0x0000000780000000, size: 2048 MB, Compressed Oops mode: Zero based, Oop shift amount: 3
CDS archive(s) mapped at: [0x0000000800000000-0x0000000800bb9000-0x0000000800bb9000), size 12292096, SharedBaseAddress: 0x0000000800000000, ArchiveRelocationMode: 0.
Compressed class space mapped at: 0x0000000800c00000-0x0000000840c00000, reserved size: 1073741824
Narrow klass base: 0x0000000800000000, Narrow klass shift: 3, Narrow klass range: 0x100000000

GC Precious Log:
 CPUs: 4 total, 4 available
 Memory: 8192M
 Large Page Support: Disabled
 NUMA Support: Disabled
 Compressed Oops: Enabled (Zero based)
 Heap Region Size: 1M
 Heap Min Capacity: 8M
 Heap Initial Capacity: 128M
 Heap Max Capacity: 2G
 Pre-touch: Disabled
 Parallel Workers: 4
 Concurrent Workers: 1
 Concurrent Refinement Workers: 4
 Periodic GC: Disabled

Heap:
 garbage-first heap   total 133120K, used 26141K [0x0000000780000000, 0x0000000800000000)
  region size 1024K, 19 young (19456K), 2 survivors (2048K)
 Metaspace       used 9722K, committed 9856K, reserved 1064960K
  class space    used 936K, committed 1024K, reserved 1048576K

Heap Regions: E=young(eden), S=young(survivor), O=old, HS=humongous(starts), HC=humongous(continues), CS=collection set, F=free, OA=open archive, CA=closed archive, TAMS=top-at-mark-start (previous, next)
|   0|0x0000000780000000, 0x0000000780100000, 0x0000000780100000|100%|HS|  |TAMS 0x0000000780000000, 0x0000000780000000| Complete 
|   1|0x0000000780100000, 0x0000000780200000, 0x0000000780200000|100%|HC|  |TAMS 0x0000000780100000, 0x0000000780100000| Complete 
|   2|0x0000000780200000, 0x0000000780295400, 0x0000000780300000| 58%| O|  |TAMS 0x0000000780200000, 0x0000000780200000| Untracked 
|   3|0x0000000780300000, 0x0000000780400000, 0x0000000780400000|100%|HS|  |TAMS 0x0000000780300000, 0x0000000780300000| Complete 
|   4|0x0000000780400000, 0x0000000780500000, 0x0000000780500000|100%|HC|  |TAMS 0x0000000780400000, 0x0000000780400000| Complete 
|   5|0x0000000780500000, 0x0000000780600000, 0x0000000780600000|100%|HS|  |TAMS 0x0000000780500000, 0x0000000780500000| Complete 
|   6|0x0000000780600000, 0x0000000780700000, 0x0000000780700000|100%|HC|  |TAMS 0x0000000780600000, 0x0000000780600000| Complete 
|   7|0x0000000780700000, 0x0000000780700000, 0x0000000780800000|  0%| F|  |TAMS 0x0000000780700000, 0x0000000780700000| Untracked 
|   8|0x0000000780800000, 0x0000000780800000, 0x0000000780900000|  0%| F|  |TAMS 0x0000000780800000, 0x0000000780800000| Untracked 
|   9|0x0000000780900000, 0x0000000780900000, 0x0000000780a00000|  0%| F|  |TAMS 0x0000000780900000, 0x0000000780900000| Untracked 
|  10|0x0000000780a00000, 0x0000000780a00000, 0x0000000780b00000|  0%| F|  |TAMS 0x0000000780a00000, 0x0000000780a00000| Untracked 
|  11|0x0000000780b00000, 0x0000000780b00000, 0x0000000780c00000|  0%| F|  |TAMS 0x0000000780b00000, 0x0000000780b00000| Untracked 
|  12|0x0000000780c00000, 0x0000000780c00000, 0x0000000780d00000|  0%| F|  |TAMS 0x0000000780c00000, 0x0000000780c00000| Untracked 
|  13|0x0000000780d00000, 0x0000000780d00000, 0x0000000780e00000|  0%| F|  |TAMS 0x0000000780d00000, 0x0000000780d00000| Untracked 
|  14|0x0000000780e00000, 0x0000000780e00000, 0x0000000780f00000|  0%| F|  |TAMS 0x0000000780e00000, 0x0000000780e00000| Untracked 
|  15|0x0000000780f00000, 0x0000000780f00000, 0x0000000781000000|  0%| F|  |TAMS 0x0000000780f00000, 0x0000000780f00000| Untracked 
|  16|0x0000000781000000, 0x0000000781000000, 0x0000000781100000|  0%| F|  |TAMS 0x0000000781000000, 0x0000000781000000| Untracked 
|  17|0x0000000781100000, 0x0000000781100000, 0x0000000781200000|  0%| F|  |TAMS 0x0000000781100000, 0x0000000781100000| Untracked 
|  18|0x0000000781200000, 0x0000000781200000, 0x0000000781300000|  0%| F|  |TAMS 0x0000000781200000, 0x0000000781200000| Untracked 
|  19|0x0000000781300000, 0x0000000781300000, 0x0000000781400000|  0%| F|  |TAMS 0x0000000781300000, 0x0000000781300000| Untracked 
|  20|0x0000000781400000, 0x0000000781400000, 0x0000000781500000|  0%| F|  |TAMS 0x0000000781400000, 0x0000000781400000| Untracked 
|  21|0x0000000781500000, 0x0000000781500000, 0x0000000781600000|  0%| F|  |TAMS 0x0000000781500000, 0x0000000781500000| Untracked 
|  22|0x0000000781600000, 0x0000000781600000, 0x0000000781700000|  0%| F|  |TAMS 0x0000000781600000, 0x0000000781600000| Untracked 
|  23|0x0000000781700000, 0x0000000781700000, 0x0000000781800000|  0%| F|  |TAMS 0x0000000781700000, 0x0000000781700000| Untracked 
|  24|0x0000000781800000, 0x0000000781800000, 0x0000000781900000|  0%| F|  |TAMS 0x0000000781800000, 0x0000000781800000| Untracked 
|  25|0x0000000781900000, 0x0000000781900000, 0x0000000781a00000|  0%| F|  |TAMS 0x0000000781900000, 0x0000000781900000| Untracked 
|  26|0x0000000781a00000, 0x0000000781a00000, 0x0000000781b00000|  0%| F|  |TAMS 0x0000000781a00000, 0x0000000781a00000| Untracked 
|  27|0x0000000781b00000, 0x0000000781b00000, 0x0000000781c00000|  0%| F|  |TAMS 0x0000000781b00000, 0x0000000781b00000| Untracked 
|  28|0x0000000781c00000, 0x0000000781c00000, 0x0000000781d00000|  0%| F|  |TAMS 0x0000000781c00000, 0x0000000781c00000| Untracked 
|  29|0x0000000781d00000, 0x0000000781d00000, 0x0000000781e00000|  0%| F|  |TAMS 0x0000000781d00000, 0x0000000781d00000| Untracked 
|  30|0x0000000781e00000, 0x0000000781e00000, 0x0000000781f00000|  0%| F|  |TAMS 0x0000000781e00000, 0x0000000781e00000| Untracked 
|  31|0x0000000781f00000, 0x0000000781f00000, 0x0000000782000000|  0%| F|  |TAMS 0x0000000781f00000, 0x0000000781f00000| Untracked 
|  32|0x0000000782000000, 0x0000000782000000, 0x0000000782100000|  0%| F|  |TAMS 0x0000000782000000, 0x0000000782000000| Untracked 
|  33|0x0000000782100000, 0x0000000782100000, 0x0000000782200000|  0%| F|  |TAMS 0x0000000782100000, 0x0000000782100000| Untracked 
|  34|0x0000000782200000, 0x0000000782200000, 0x0000000782300000|  0%| F|  |TAMS 0x0000000782200000, 0x0000000782200000| Untracked 
|  35|0x0000000782300000, 0x0000000782300000, 0x0000000782400000|  0%| F|  |TAMS 0x0000000782300000, 0x0000000782300000| Untracked 
|  36|0x0000000782400000, 0x0000000782400000, 0x0000000782500000|  0%| F|  |TAMS 0x0000000782400000, 0x0000000782400000| Untracked 
|  37|0x0000000782500000, 0x0000000782500000, 0x0000000782600000|  0%| F|  |TAMS 0x0000000782500000, 0x0000000782500000| Untracked 
|  38|0x0000000782600000, 0x0000000782600000, 0x0000000782700000|  0%| F|  |TAMS 0x0000000782600000, 0x0000000782600000| Untracked 
|  39|0x0000000782700000, 0x0000000782700000, 0x0000000782800000|  0%| F|  |TAMS 0x0000000782700000, 0x0000000782700000| Untracked 
|  40|0x0000000782800000, 0x0000000782800000, 0x0000000782900000|  0%| F|  |TAMS 0x0000000782800000, 0x0000000782800000| Untracked 
|  41|0x0000000782900000, 0x0000000782900000, 0x0000000782a00000|  0%| F|  |TAMS 0x0000000782900000, 0x0000000782900000| Untracked 
|  42|0x0000000782a00000, 0x0000000782a00000, 0x0000000782b00000|  0%| F|  |TAMS 0x0000000782a00000, 0x0000000782a00000| Untracked 
|  43|0x0000000782b00000, 0x0000000782b00000, 0x0000000782c00000|  0%| F|  |TAMS 0x0000000782b00000, 0x0000000782b00000| Untracked 
|  44|0x0000000782c00000, 0x0000000782c00000, 0x0000000782d00000|  0%| F|  |TAMS 0x0000000782c00000, 0x0000000782c00000| Untracked 
|  45|0x0000000782d00000, 0x0000000782d00000, 0x0000000782e00000|  0%| F|  |TAMS 0x0000000782d00000, 0x0000000782d00000| Untracked 
|  46|0x0000000782e00000, 0x0000000782e00000, 0x0000000782f00000|  0%| F|  |TAMS 0x0000000782e00000, 0x0000000782e00000| Untracked 
|  47|0x0000000782f00000, 0x0000000782f00000, 0x0000000783000000|  0%| F|  |TAMS 0x0000000782f00000, 0x0000000782f00000| Untracked 
|  48|0x0000000783000000, 0x0000000783000000, 0x0000000783100000|  0%| F|  |TAMS 0x0000000783000000, 0x0000000783000000| Untracked 
|  49|0x0000000783100000, 0x0000000783100000, 0x0000000783200000|  0%| F|  |TAMS 0x0000000783100000, 0x0000000783100000| Untracked 
|  50|0x0000000783200000, 0x0000000783200000, 0x0000000783300000|  0%| F|  |TAMS 0x0000000783200000, 0x0000000783200000| Untracked 
|  51|0x0000000783300000, 0x0000000783300000, 0x0000000783400000|  0%| F|  |TAMS 0x0000000783300000, 0x0000000783300000| Untracked 
|  52|0x0000000783400000, 0x0000000783400000, 0x0000000783500000|  0%| F|  |TAMS 0x0000000783400000, 0x0000000783400000| Untracked 
|  53|0x0000000783500000, 0x0000000783500000, 0x0000000783600000|  0%| F|  |TAMS 0x0000000783500000, 0x0000000783500000| Untracked 
|  54|0x0000000783600000, 0x0000000783600000, 0x0000000783700000|  0%| F|  |TAMS 0x0000000783600000, 0x0000000783600000| Untracked 
|  55|0x0000000783700000, 0x0000000783700000, 0x0000000783800000|  0%| F|  |TAMS 0x0000000783700000, 0x0000000783700000| Untracked 
|  56|0x0000000783800000, 0x0000000783800000, 0x0000000783900000|  0%| F|  |TAMS 0x0000000783800000, 0x0000000783800000| Untracked 
|  57|0x0000000783900000, 0x0000000783900000, 0x0000000783a00000|  0%| F|  |TAMS 0x0000000783900000, 0x0000000783900000| Untracked 
|  58|0x0000000783a00000, 0x0000000783a00000, 0x0000000783b00000|  0%| F|  |TAMS 0x0000000783a00000, 0x0000000783a00000| Untracked 
|  59|0x0000000783b00000, 0x0000000783b00000, 0x0000000783c00000|  0%| F|  |TAMS 0x0000000783b00000, 0x0000000783b00000| Untracked 
|  60|0x0000000783c00000, 0x0000000783c00000, 0x0000000783d00000|  0%| F|  |TAMS 0x0000000783c00000, 0x0000000783c00000| Untracked 
|  61|0x0000000783d00000, 0x0000000783d00000, 0x0000000783e00000|  0%| F|  |TAMS 0x0000000783d00000, 0x0000000783d00000| Untracked 
|  62|0x0000000783e00000, 0x0000000783e00000, 0x0000000783f00000|  0%| F|  |TAMS 0x0000000783e00000, 0x0000000783e00000| Untracked 
|  63|0x0000000783f00000, 0x0000000783f00000, 0x0000000784000000|  0%| F|  |TAMS 0x0000000783f00000, 0x0000000783f00000| Untracked 
|  64|0x0000000784000000, 0x0000000784000000, 0x0000000784100000|  0%| F|  |TAMS 0x0000000784000000, 0x0000000784000000| Untracked 
|  65|0x0000000784100000, 0x0000000784100000, 0x0000000784200000|  0%| F|  |TAMS 0x0000000784100000, 0x0000000784100000| Untracked 
|  66|0x0000000784200000, 0x0000000784200000, 0x0000000784300000|  0%| F|  |TAMS 0x0000000784200000, 0x0000000784200000| Untracked 
|  67|0x0000000784300000, 0x0000000784300000, 0x0000000784400000|  0%| F|  |TAMS 0x0000000784300000, 0x0000000784300000| Untracked 
|  68|0x0000000784400000, 0x0000000784400000, 0x0000000784500000|  0%| F|  |TAMS 0x0000000784400000, 0x0000000784400000| Untracked 
|  69|0x0000000784500000, 0x0000000784500000, 0x0000000784600000|  0%| F|  |TAMS 0x0000000784500000, 0x0000000784500000| Untracked 
|  70|0x0000000784600000, 0x0000000784600000, 0x0000000784700000|  0%| F|  |TAMS 0x0000000784600000, 0x0000000784600000| Untracked 
|  71|0x0000000784700000, 0x0000000784700000, 0x0000000784800000|  0%| F|  |TAMS 0x0000000784700000, 0x0000000784700000| Untracked 
|  72|0x0000000784800000, 0x0000000784800000, 0x0000000784900000|  0%| F|  |TAMS 0x0000000784800000, 0x0000000784800000| Untracked 
|  73|0x0000000784900000, 0x0000000784900000, 0x0000000784a00000|  0%| F|  |TAMS 0x0000000784900000, 0x0000000784900000| Untracked 
|  74|0x0000000784a00000, 0x0000000784a00000, 0x0000000784b00000|  0%| F|  |TAMS 0x0000000784a00000, 0x0000000784a00000| Untracked 
|  75|0x0000000784b00000, 0x0000000784b00000, 0x0000000784c00000|  0%| F|  |TAMS 0x0000000784b00000, 0x0000000784b00000| Untracked 
|  76|0x0000000784c00000, 0x0000000784c00000, 0x0000000784d00000|  0%| F|  |TAMS 0x0000000784c00000, 0x0000000784c00000| Untracked 
|  77|0x0000000784d00000, 0x0000000784d00000, 0x0000000784e00000|  0%| F|  |TAMS 0x0000000784d00000, 0x0000000784d00000| Untracked 
|  78|0x0000000784e00000, 0x0000000784e00000, 0x0000000784f00000|  0%| F|  |TAMS 0x0000000784e00000, 0x0000000784e00000| Untracked 
|  79|0x0000000784f00000, 0x0000000784f00000, 0x0000000785000000|  0%| F|  |TAMS 0x0000000784f00000, 0x0000000784f00000| Untracked 
|  80|0x0000000785000000, 0x0000000785000000, 0x0000000785100000|  0%| F|  |TAMS 0x0000000785000000, 0x0000000785000000| Untracked 
|  81|0x0000000785100000, 0x0000000785100000, 0x0000000785200000|  0%| F|  |TAMS 0x0000000785100000, 0x0000000785100000| Untracked 
|  82|0x0000000785200000, 0x0000000785200000, 0x0000000785300000|  0%| F|  |TAMS 0x0000000785200000, 0x0000000785200000| Untracked 
|  83|0x0000000785300000, 0x0000000785300000, 0x0000000785400000|  0%| F|  |TAMS 0x0000000785300000, 0x0000000785300000| Untracked 
|  84|0x0000000785400000, 0x0000000785400000, 0x0000000785500000|  0%| F|  |TAMS 0x0000000785400000, 0x0000000785400000| Untracked 
|  85|0x0000000785500000, 0x0000000785500000, 0x0000000785600000|  0%| F|  |TAMS 0x0000000785500000, 0x0000000785500000| Untracked 
|  86|0x0000000785600000, 0x0000000785600000, 0x0000000785700000|  0%| F|  |TAMS 0x0000000785600000, 0x0000000785600000| Untracked 
|  87|0x0000000785700000, 0x0000000785700000, 0x0000000785800000|  0%| F|  |TAMS 0x0000000785700000, 0x0000000785700000| Untracked 
|  88|0x0000000785800000, 0x0000000785800000, 0x0000000785900000|  0%| F|  |TAMS 0x0000000785800000, 0x0000000785800000| Untracked 
|  89|0x0000000785900000, 0x0000000785900000, 0x0000000785a00000|  0%| F|  |TAMS 0x0000000785900000, 0x0000000785900000| Untracked 
|  90|0x0000000785a00000, 0x0000000785a00000, 0x0000000785b00000|  0%| F|  |TAMS 0x0000000785a00000, 0x0000000785a00000| Untracked 
|  91|0x0000000785b00000, 0x0000000785b00000, 0x0000000785c00000|  0%| F|  |TAMS 0x0000000785b00000, 0x0000000785b00000| Untracked 
|  92|0x0000000785c00000, 0x0000000785c00000, 0x0000000785d00000|  0%| F|  |TAMS 0x0000000785c00000, 0x0000000785c00000| Untracked 
|  93|0x0000000785d00000, 0x0000000785d00000, 0x0000000785e00000|  0%| F|  |TAMS 0x0000000785d00000, 0x0000000785d00000| Untracked 
|  94|0x0000000785e00000, 0x0000000785e00000, 0x0000000785f00000|  0%| F|  |TAMS 0x0000000785e00000, 0x0000000785e00000| Untracked 
|  95|0x0000000785f00000, 0x0000000785f00000, 0x0000000786000000|  0%| F|  |TAMS 0x0000000785f00000, 0x0000000785f00000| Untracked 
|  96|0x0000000786000000, 0x0000000786000000, 0x0000000786100000|  0%| F|  |TAMS 0x0000000786000000, 0x0000000786000000| Untracked 
|  97|0x0000000786100000, 0x0000000786100000, 0x0000000786200000|  0%| F|  |TAMS 0x0000000786100000, 0x0000000786100000| Untracked 
|  98|0x0000000786200000, 0x0000000786200000, 0x0000000786300000|  0%| F|  |TAMS 0x0000000786200000, 0x0000000786200000| Untracked 
|  99|0x0000000786300000, 0x0000000786300000, 0x0000000786400000|  0%| F|  |TAMS 0x0000000786300000, 0x0000000786300000| Untracked 
| 100|0x0000000786400000, 0x0000000786400000, 0x0000000786500000|  0%| F|  |TAMS 0x0000000786400000, 0x0000000786400000| Untracked 
| 101|0x0000000786500000, 0x0000000786500000, 0x0000000786600000|  0%| F|  |TAMS 0x0000000786500000, 0x0000000786500000| Untracked 
| 102|0x0000000786600000, 0x0000000786600000, 0x0000000786700000|  0%| F|  |TAMS 0x0000000786600000, 0x0000000786600000| Untracked 
| 103|0x0000000786700000, 0x0000000786700000, 0x0000000786800000|  0%| F|  |TAMS 0x0000000786700000, 0x0000000786700000| Untracked 
| 104|0x0000000786800000, 0x0000000786800000, 0x0000000786900000|  0%| F|  |TAMS 0x0000000786800000, 0x0000000786800000| Untracked 
| 105|0x0000000786900000, 0x0000000786900000, 0x0000000786a00000|  0%| F|  |TAMS 0x0000000786900000, 0x0000000786900000| Untracked 
| 106|0x0000000786a00000, 0x0000000786a00000, 0x0000000786b00000|  0%| F|  |TAMS 0x0000000786a00000, 0x0000000786a00000| Untracked 
| 107|0x0000000786b00000, 0x0000000786b00000, 0x0000000786c00000|  0%| F|  |TAMS 0x0000000786b00000, 0x0000000786b00000| Untracked 
| 108|0x0000000786c00000, 0x0000000786c00000, 0x0000000786d00000|  0%| F|  |TAMS 0x0000000786c00000, 0x0000000786c00000| Untracked 
| 109|0x0000000786d00000, 0x0000000786de4f28, 0x0000000786e00000| 89%| E|  |TAMS 0x0000000786d00000, 0x0000000786d00000| Complete 
| 110|0x0000000786e00000, 0x0000000786f00000, 0x0000000786f00000|100%| E|CS|TAMS 0x0000000786e00000, 0x0000000786e00000| Complete 
| 111|0x0000000786f00000, 0x0000000787000000, 0x0000000787000000|100%| E|CS|TAMS 0x0000000786f00000, 0x0000000786f00000| Complete 
| 112|0x0000000787000000, 0x0000000787100000, 0x0000000787100000|100%| E|CS|TAMS 0x0000000787000000, 0x0000000787000000| Complete 
| 113|0x0000000787100000, 0x0000000787200000, 0x0000000787200000|100%| S|CS|TAMS 0x0000000787100000, 0x0000000787100000| Complete 
| 114|0x0000000787200000, 0x0000000787300000, 0x0000000787300000|100%| S|CS|TAMS 0x0000000787200000, 0x0000000787200000| Complete 
| 115|0x0000000787300000, 0x0000000787400000, 0x0000000787400000|100%| E|CS|TAMS 0x0000000787300000, 0x0000000787300000| Complete 
| 116|0x0000000787400000, 0x0000000787500000, 0x0000000787500000|100%| E|CS|TAMS 0x0000000787400000, 0x0000000787400000| Complete 
| 117|0x0000000787500000, 0x0000000787600000, 0x0000000787600000|100%| E|CS|TAMS 0x0000000787500000, 0x0000000787500000| Complete 
| 118|0x0000000787600000, 0x0000000787700000, 0x0000000787700000|100%| E|CS|TAMS 0x0000000787600000, 0x0000000787600000| Complete 
| 119|0x0000000787700000, 0x0000000787800000, 0x0000000787800000|100%| E|CS|TAMS 0x0000000787700000, 0x0000000787700000| Complete 
| 120|0x0000000787800000, 0x0000000787900000, 0x0000000787900000|100%| E|CS|TAMS 0x0000000787800000, 0x0000000787800000| Complete 
| 121|0x0000000787900000, 0x0000000787a00000, 0x0000000787a00000|100%| E|CS|TAMS 0x0000000787900000, 0x0000000787900000| Complete 
| 122|0x0000000787a00000, 0x0000000787b00000, 0x0000000787b00000|100%| E|CS|TAMS 0x0000000787a00000, 0x0000000787a00000| Complete 
| 123|0x0000000787b00000, 0x0000000787c00000, 0x0000000787c00000|100%| E|CS|TAMS 0x0000000787b00000, 0x0000000787b00000| Complete 
| 124|0x0000000787c00000, 0x0000000787d00000, 0x0000000787d00000|100%| E|CS|TAMS 0x0000000787c00000, 0x0000000787c00000| Complete 
| 125|0x0000000787d00000, 0x0000000787e00000, 0x0000000787e00000|100%| E|CS|TAMS 0x0000000787d00000, 0x0000000787d00000| Complete 
| 126|0x0000000787e00000, 0x0000000787f00000, 0x0000000787f00000|100%| E|CS|TAMS 0x0000000787e00000, 0x0000000787e00000| Complete 
| 127|0x0000000787f00000, 0x0000000788000000, 0x0000000788000000|100%| E|CS|TAMS 0x0000000787f00000, 0x0000000787f00000| Complete 
|1022|0x00000007bfe00000, 0x00000007bfe75000, 0x00000007bff00000| 45%|OA|  |TAMS 0x00000007bfe00000, 0x00000007bfe00000| Untracked 
|1023|0x00000007bff00000, 0x00000007bff7d000, 0x00000007c0000000| 48%|CA|  |TAMS 0x00000007bff00000, 0x00000007bff00000| Untracked 

Card table byte_map: [0x000000011668e000,0x0000000116a8e000] _byte_map_base: 0x0000000112a8e000

Marking Bits (Prev, Next): (CMBitMap*) 0x00007fae7300fc10, (CMBitMap*) 0x00007fae7300fc50
 Prev Bits: [0x0000000116e8e000, 0x0000000118e8e000)
 Next Bits: [0x0000000118e8e000, 0x000000011ae8e000)

Polling page: 0x000000010d0ca000

Metaspace:

Usage:
  Non-class:      8.58 MB used.
      Class:    936.88 KB used.
       Both:      9.50 MB used.

Virtual space:
  Non-class space:       16.00 MB reserved,       8.62 MB ( 54%) committed,  2 nodes.
      Class space:        1.00 GB reserved,       1.00 MB ( <1%) committed,  1 nodes.
              Both:        1.02 GB reserved,       9.62 MB ( <1%) committed. 

Chunk freelists:
   Non-Class:  2.75 MB
       Class:  2.97 MB
        Both:  5.72 MB

MaxMetaspaceSize: 17179869184.00 GB
CompressedClassSpaceSize: 1.00 GB
 - commit_granule_bytes: 65536.
 - commit_granule_words: 8192.
 - virtual_space_node_default_size: 1048576.
 - enlarge_chunks_in_place: 1.
 - new_chunks_are_fully_committed: 0.
 - uncommit_free_chunks: 1.
 - use_allocation_guard: 0.
 - handle_deallocations: 1.


Internal statistics:

num_allocs_failed_limit: 0.
num_arena_births: 120.
num_arena_deaths: 0.
num_vsnodes_births: 3.
num_vsnodes_deaths: 0.
num_space_committed: 154.
num_space_uncommitted: 0.
num_chunks_returned_to_freelist: 0.
num_chunks_taken_from_freelist: 295.
num_chunk_merges: 0.
num_chunk_splits: 198.
num_chunks_enlarged: 134.
num_purges: 0.

CodeHeap 'non-profiled nmethods': size=120032Kb used=475Kb max_used=475Kb free=119556Kb
 bounds [0x00000001247f7000, 0x0000000124a67000, 0x000000012bd2f000]
CodeHeap 'profiled nmethods': size=120028Kb used=3261Kb max_used=3261Kb free=116766Kb
 bounds [0x000000011d2c0000, 0x000000011d5f0000, 0x00000001247f7000]
CodeHeap 'non-nmethods': size=5700Kb used=1291Kb max_used=1318Kb free=4408Kb
 bounds [0x000000011cd2f000, 0x000000011cf9f000, 0x000000011d2c0000]
 total_blobs=2236 nmethods=1614 adapters=536
 compilation: enabled
              stopped_count=0, restarted_count=0
 full_count=0

Compilation events (20 events):
Event: 2.189 Thread 0x00007fae73089400 1627       3       java.lang.PublicMethods$MethodList::filter (104 bytes)
Event: 2.191 Thread 0x00007fae73089400 nmethod 1627 0x000000011d5eb290 code [0x000000011d5eb4e0, 0x000000011d5ebf70]
Event: 2.191 Thread 0x00007fae73089400 1626       3       java.lang.PublicMethods$MethodList::<init> (10 bytes)
Event: 2.191 Thread 0x00007fae73089400 nmethod 1626 0x000000011d5ec490 code [0x000000011d5ec640, 0x000000011d5ec7f0]
Event: 2.191 Thread 0x00007fae73089400 1628       3       java.lang.Class::forName (15 bytes)
Event: 2.192 Thread 0x00007fae73089400 nmethod 1628 0x000000011d5ec890 code [0x000000011d5eca60, 0x000000011d5ecc70]
Event: 2.192 Thread 0x00007fae73089400 1629       3       java.lang.ClassLoader::getClassLoader (11 bytes)
Event: 2.192 Thread 0x00007fae73089400 nmethod 1629 0x000000011d5ecd90 code [0x000000011d5ecf40, 0x000000011d5ed0b0]
Event: 2.202 Thread 0x00007fae73089400 1632       3       sun.awt.image.IntegerInterleavedRaster::getDataElements (151 bytes)
Event: 2.202 Thread 0x00007fae73089400 nmethod 1632 0x000000011d5ed190 code [0x000000011d5ed380, 0x000000011d5edb70]
Event: 2.202 Thread 0x00007fae73089400 1633       3       sun.awt.image.IntegerInterleavedRaster::setDataElements (134 bytes)
Event: 2.203 Thread 0x00007fae73089400 nmethod 1633 0x000000011d5edd90 code [0x000000011d5edf80, 0x000000011d5ee610]
Event: 2.203 Thread 0x00007fae73089400 1631       3       sun.java2d.StateTrackableDelegate::markDirty (6 bytes)
Event: 2.203 Thread 0x00007fae73089400 nmethod 1631 0x000000011d5ee890 code [0x000000011d5eea20, 0x000000011d5eeb50]
Event: 2.203 Thread 0x00007fae73089400 1634       3       sun.awt.image.SunWritableRaster::markDirty (8 bytes)
Event: 2.203 Thread 0x00007fae73089400 nmethod 1634 0x000000011d5eec10 code [0x000000011d5eedc0, 0x000000011d5eef50]
Event: 2.205 Thread 0x00007fae73089400 1635       3       java.lang.Math::round (56 bytes)
Event: 2.205 Thread 0x00007fae73089400 nmethod 1635 0x000000011d5ef010 code [0x000000011d5ef1c0, 0x000000011d5ef3b0]
Event: 2.208 Thread 0x00007fae73089400 1636       1       sun.java2d.loops.SurfaceType::getSuperType (5 bytes)
Event: 2.208 Thread 0x00007fae73089400 nmethod 1636 0x000000012486da10 code [0x000000012486dba0, 0x000000012486dc70]

GC Heap History (2 events):
Event: 0.913 GC heap before
{Heap before GC invocations=0 (full 0):
 garbage-first heap   total 133120K, used 15304K [0x0000000780000000, 0x0000000800000000)
  region size 1024K, 13 young (13312K), 0 survivors (0K)
 Metaspace       used 6327K, committed 6528K, reserved 1056768K
  class space    used 655K, committed 768K, reserved 1048576K
}
Event: 0.917 GC heap after
{Heap after GC invocations=1 (full 0):
 garbage-first heap   total 133120K, used 5661K [0x0000000780000000, 0x0000000800000000)
  region size 1024K, 2 young (2048K), 2 survivors (2048K)
 Metaspace       used 6327K, committed 6528K, reserved 1056768K
  class space    used 655K, committed 768K, reserved 1048576K
}

Deoptimization events (20 events):
Event: 1.105 Thread 0x00007fae7400a000 DEOPT PACKING pc=0x000000011d4181ca sp=0x0000700008a30330
Event: 1.105 Thread 0x00007fae7400a000 DEOPT UNPACKING pc=0x000000011cd7cbba sp=0x0000700008a2f7a0 mode 0
Event: 1.235 Thread 0x00007fae7400a000 Uncommon trap: trap_request=0xffffff45 fr.pc=0x00000001247fe82c relative=0x000000000000008c
Event: 1.235 Thread 0x00007fae7400a000 Uncommon trap: reason=unstable_if action=reinterpret pc=0x00000001247fe82c method=java.lang.String.isLatin1()Z @ 10 c2
Event: 1.235 Thread 0x00007fae7400a000 DEOPT PACKING pc=0x00000001247fe82c sp=0x0000700008a339b0
Event: 1.235 Thread 0x00007fae7400a000 DEOPT UNPACKING pc=0x000000011cd7c424 sp=0x0000700008a33900 mode 2
Event: 1.721 Thread 0x00007fae7400a000 Uncommon trap: trap_request=0xffffff45 fr.pc=0x000000012485d394 relative=0x0000000000000b54
Event: 1.721 Thread 0x00007fae7400a000 Uncommon trap: reason=unstable_if action=reinterpret pc=0x000000012485d394 method=org.apache.pdfbox.io.RandomAccessInputStream.read()I @ 13 c2
Event: 1.721 Thread 0x00007fae7400a000 DEOPT PACKING pc=0x000000012485d394 sp=0x0000700008a343c0
Event: 1.721 Thread 0x00007fae7400a000 DEOPT UNPACKING pc=0x000000011cd7c424 sp=0x0000700008a34270 mode 2
Event: 1.941 Thread 0x00007fae7400a000 Uncommon trap: trap_request=0xffffffde fr.pc=0x0000000124837384 relative=0x0000000000000ae4
Event: 1.941 Thread 0x00007fae7400a000 Uncommon trap: reason=class_check action=maybe_recompile pc=0x0000000124837384 method=java.util.HashMap.putVal(ILjava/lang/Object;Ljava/lang/Object;ZZ)Ljava/lang/Object; @ 253 c2
Event: 1.941 Thread 0x00007fae7400a000 DEOPT PACKING pc=0x0000000124837384 sp=0x0000700008a33810
Event: 1.941 Thread 0x00007fae7400a000 DEOPT UNPACKING pc=0x000000011cd7c424 sp=0x0000700008a33730 mode 2
Event: 1.943 Thread 0x00007fae7400a000 Uncommon trap: trap_request=0xffffff45 fr.pc=0x000000012482b4a8 relative=0x0000000000000468
Event: 1.943 Thread 0x00007fae7400a000 Uncommon trap: reason=unstable_if action=reinterpret pc=0x000000012482b4a8 method=java.lang.StringLatin1.replace([BCC)Ljava/lang/String; @ 19 c2
Event: 1.943 Thread 0x00007fae7400a000 DEOPT PACKING pc=0x000000012482b4a8 sp=0x0000700008a33a70
Event: 1.943 Thread 0x00007fae7400a000 DEOPT UNPACKING pc=0x000000011cd7c424 sp=0x0000700008a33a00 mode 2
Event: 2.141 Thread 0x00007fae7400a000 DEOPT PACKING pc=0x000000011d30e330 sp=0x0000700008a32ba0
Event: 2.141 Thread 0x00007fae7400a000 DEOPT UNPACKING pc=0x000000011cd7cbba sp=0x0000700008a320d8 mode 0

Classes unloaded (0 events):
No events

Classes redefined (0 events):
No events

Internal exceptions (17 events):
Event: 0.140 Thread 0x00007fae74879c00 Exception <a 'java/lang/NoSuchMethodError'{0x0000000787d6bbb0}: 'java.lang.Object java.lang.invoke.DirectMethodHandle$Holder.invokeStatic(java.lang.Object)'> (0x0000000787d6bbb0) 
thrown [./open/src/hotspot/share/interpreter/linkResolver.cpp, line 790]
Event: 0.140 Thread 0x00007fae74879c00 Exception <a 'java/lang/NoSuchMethodError'{0x0000000787d6f398}: 'java.lang.Object java.lang.invoke.DirectMethodHandle$Holder.invokeStaticInit(java.lang.Object)'> (0x0000000787d6f398) 
thrown [./open/src/hotspot/share/interpreter/linkResolver.cpp, line 790]
Event: 0.171 Thread 0x00007fae74879c00 Exception <a 'java/lang/NoSuchMethodError'{0x0000000787d7d9a8}: 'void java.lang.invoke.DirectMethodHandle$Holder.invokeStatic(java.lang.Object, java.lang.Object)'> (0x0000000787d7d9a8) 
thrown [./open/src/hotspot/share/interpreter/linkResolver.cpp, line 790]
Event: 0.308 Thread 0x00007fae7400a000 Exception <a 'java/lang/NoSuchMethodError'{0x0000000787a3be58}: 'java.lang.Object java.lang.invoke.DirectMethodHandle$Holder.invokeSpecial(java.lang.Object, java.lang.Object, long, java.lang.Object, int, int, int, int, int)'> (0x0000000787a3be58) 
thrown [./open/src/hotspot/share/interpreter/linkResolver.cpp, line 790]
Event: 0.309 Thread 0x00007fae7400a000 Exception <a 'java/lang/NoSuchMethodError'{0x0000000787a3fc10}: 'java.lang.Object java.lang.invoke.DelegatingMethodHandle$Holder.reinvoke_L(java.lang.Object, long, java.lang.Object, int, int, int, int, int)'> (0x0000000787a3fc10) 
thrown [./open/src/hotspot/share/interpreter/linkResolver.cpp, line 790]
Event: 0.364 Thread 0x00007fae7400a000 Implicit null exception at 0x00000001248253d4 to 0x000000012482596c
Event: 0.386 Thread 0x00007fae7400a000 Exception <a 'java/lang/ClassNotFoundException'{0x00000007878ce520}: sun/awt/resources/spi/awtProvider> (0x00000007878ce520) 
thrown [./open/src/hotspot/share/classfile/systemDictionary.cpp, line 256]
Event: 0.401 Thread 0x00007fae7400a000 Exception <a 'java/io/FileNotFoundException'{0x0000000787705820}> (0x0000000787705820) 
thrown [./open/src/hotspot/share/prims/jni.cpp, line 579]
Event: 0.413 Thread 0x00007fae7400a000 Exception <a 'java/io/FileNotFoundException'{0x000000078772fcb0}> (0x000000078772fcb0) 
thrown [./open/src/hotspot/share/prims/jni.cpp, line 579]
Event: 0.501 Thread 0x00007fae7400a000 Exception <a 'java/lang/NoClassDefFoundError'{0x00000007875d58e0}: org/slf4j/impl/StaticLoggerBinder> (0x00000007875d58e0) 
thrown [./open/src/hotspot/share/classfile/systemDictionary.cpp, line 245]
Event: 0.535 Thread 0x00007fae7400a000 Exception <a 'java/lang/ClassNotFoundException'{0x0000000787482b30}: sun/awt/resources/spi/awtosxProvider> (0x0000000787482b30) 
thrown [./open/src/hotspot/share/classfile/systemDictionary.cpp, line 256]
Event: 0.545 Thread 0x00007fae7400a000 Exception <a 'java/lang/NoSuchMethodError'{0x0000000787486b98}: 'void java.lang.invoke.DirectMethodHandle$Holder.invokeSpecial(java.lang.Object, java.lang.Object, java.lang.Object)'> (0x0000000787486b98) 
thrown [./open/src/hotspot/share/interpreter/linkResolver.cpp, line 790]
Event: 1.942 Thread 0x00007fae7400a000 Exception <a 'java/lang/UnsatisfiedLinkError'{0x0000000786ff22d8}: dlopen(libtesseract.dylib, 9): image not found> (0x0000000786ff22d8) 
thrown [./open/src/hotspot/share/prims/jni.cpp, line 600]
Event: 1.942 Thread 0x00007fae7400a000 Exception <a 'java/lang/UnsatisfiedLinkError'{0x0000000786ff32b8}: dlopen(libtesseract.dylib, 9): image not found> (0x0000000786ff32b8) 
thrown [./open/src/hotspot/share/prims/jni.cpp, line 600]
Event: 1.943 Thread 0x00007fae7400a000 Exception <a 'java/lang/UnsatisfiedLinkError'{0x0000000786ff4030}: dlopen(/Users/margo/Library/Frameworks/tesseract.framework/tesseract, 9): image not found> (0x0000000786ff4030) 
thrown [./open/src/hotspot/share/prims/jni.cpp, line 600]
Event: 1.943 Thread 0x00007fae7400a000 Exception <a 'java/lang/UnsatisfiedLinkError'{0x0000000786ff46c8}: dlopen(/Library/Frameworks/tesseract.framework/tesseract, 9): image not found> (0x0000000786ff46c8) 
thrown [./open/src/hotspot/share/prims/jni.cpp, line 600]
Event: 1.943 Thread 0x00007fae7400a000 Exception <a 'java/lang/UnsatisfiedLinkError'{0x0000000786ff4d68}: dlopen(/System/Library/Frameworks/tesseract.framework/tesseract, 9): image not found> (0x0000000786ff4d68) 
thrown [./open/src/hotspot/share/prims/jni.cpp, line 600]

Events (20 events):
Event: 2.204 loading class java/awt/image/LookupTable
Event: 2.204 loading class java/awt/image/LookupTable done
Event: 2.204 loading class java/awt/image/ShortLookupTable
Event: 2.204 loading class java/awt/image/ShortLookupTable done
Event: 2.204 loading class java/awt/image/BufferedImageOp
Event: 2.204 loading class java/awt/image/BufferedImageOp done
Event: 2.204 loading class java/awt/color/ICC_ProfileGray
Event: 2.204 loading class java/awt/color/ICC_ProfileGray done
Event: 2.204 loading class sun/java2d/cmm/CMSManager
Event: 2.204 loading class sun/java2d/cmm/CMSManager done
Event: 2.205 loading class sun/awt/image/ByteInterleavedRaster
Event: 2.205 loading class sun/awt/image/ByteComponentRaster
Event: 2.206 loading class sun/awt/image/ByteComponentRaster done
Event: 2.206 loading class sun/awt/image/ByteInterleavedRaster done
Event: 2.208 loading class java/awt/image/VolatileImage
Event: 2.208 loading class java/awt/image/VolatileImage done
Event: 2.208 loading class java/awt/image/MultiResolutionImage
Event: 2.208 loading class java/awt/image/MultiResolutionImage done
Event: 2.208 loading class sun/awt/image/ToolkitImage
Event: 2.208 loading class sun/awt/image/ToolkitImage done


Dynamic libraries:
0x00007fff6f344000 	/usr/lib/libz.1.dylib
0x000000010d09b000 	/Users/margo/Library/Java/JavaVirtualMachines/openjdk-16/Contents/Home/lib/libjli.dylib
0x00007fff34fd9000 	/System/Library/Frameworks/Cocoa.framework/Versions/A/Cocoa
0x00007fff427ef000 	/System/Library/Frameworks/Security.framework/Versions/A/Security
0x00007fff33f3f000 	/System/Library/Frameworks/ApplicationServices.framework/Versions/A/ApplicationServices
0x00007fff6ce08000 	/usr/lib/libSystem.B.dylib
0x00007fff6fc05000 	/usr/lib/system/libcache.dylib
0x00007fff6fc0b000 	/usr/lib/system/libcommonCrypto.dylib
0x00007fff6fc17000 	/usr/lib/system/libcompiler_rt.dylib
0x00007fff6fc1f000 	/usr/lib/system/libcopyfile.dylib
0x00007fff6fc29000 	/usr/lib/system/libcorecrypto.dylib
0x00007fff6fdc8000 	/usr/lib/system/libdispatch.dylib
0x00007fff6fe09000 	/usr/lib/system/libdyld.dylib
0x00007fff6fe40000 	/usr/lib/system/libkeymgr.dylib
0x00007fff6fe4e000 	/usr/lib/system/liblaunch.dylib
0x00007fff6fe4f000 	/usr/lib/system/libmacho.dylib
0x00007fff6fe55000 	/usr/lib/system/libquarantine.dylib
0x00007fff6fe58000 	/usr/lib/system/libremovefile.dylib
0x00007fff6fe5a000 	/usr/lib/system/libsystem_asl.dylib
0x00007fff6fe72000 	/usr/lib/system/libsystem_blocks.dylib
0x00007fff6fe73000 	/usr/lib/system/libsystem_c.dylib
0x00007fff6fefb000 	/usr/lib/system/libsystem_configuration.dylib
0x00007fff6feff000 	/usr/lib/system/libsystem_coreservices.dylib
0x00007fff6ff03000 	/usr/lib/system/libsystem_darwin.dylib
0x00007fff6ff0c000 	/usr/lib/system/libsystem_dnssd.dylib
0x00007fff6ff14000 	/usr/lib/system/libsystem_featureflags.dylib
0x00007fff6ff16000 	/usr/lib/system/libsystem_info.dylib
0x00007fff6ff91000 	/usr/lib/system/libsystem_m.dylib
0x00007fff6ffd9000 	/usr/lib/system/libsystem_malloc.dylib
0x00007fff70001000 	/usr/lib/system/libsystem_networkextension.dylib
0x00007fff7000f000 	/usr/lib/system/libsystem_notify.dylib
0x00007fff7002d000 	/usr/lib/system/libsystem_sandbox.dylib
0x00007fff70032000 	/usr/lib/system/libsystem_secinit.dylib
0x00007fff6ff64000 	/usr/lib/system/libsystem_kernel.dylib
0x00007fff70019000 	/usr/lib/system/libsystem_platform.dylib
0x00007fff70022000 	/usr/lib/system/libsystem_pthread.dylib
0x00007fff70035000 	/usr/lib/system/libsystem_symptoms.dylib
0x00007fff7003d000 	/usr/lib/system/libsystem_trace.dylib
0x00007fff70055000 	/usr/lib/system/libunwind.dylib
0x00007fff7005b000 	/usr/lib/system/libxpc.dylib
0x00007fff6ec68000 	/usr/lib/libobjc.A.dylib
0x00007fff6d141000 	/usr/lib/libc++abi.dylib
0x00007fff6d0ee000 	/usr/lib/libc++.1.dylib
0x00007fff35e7b000 	/System/Library/Frameworks/CoreFoundation.framework/Versions/A/CoreFoundation
0x00007fff38539000 	/System/Library/Frameworks/Foundation.framework/Versions/C/Foundation
0x00007fff3312f000 	/System/Library/Frameworks/AppKit.framework/Versions/C/AppKit
0x00007fff3595d000 	/System/Library/Frameworks/CoreData.framework/Versions/A/CoreData
0x00007fff66df7000 	/System/Library/PrivateFrameworks/UIFoundation.framework/Versions/A/UIFoundation
0x00007fff61e8b000 	/System/Library/PrivateFrameworks/RemoteViewServices.framework/Versions/A/RemoteViewServices
0x00007fff69978000 	/System/Library/PrivateFrameworks/XCTTargetBootstrap.framework/Versions/A/XCTTargetBootstrap
0x00007fff35d48000 	/System/Library/Frameworks/CoreDisplay.framework/Versions/A/CoreDisplay
0x00007fff3b3f4000 	/System/Library/Frameworks/Metal.framework/Versions/A/Metal
0x00007fff4fe88000 	/System/Library/PrivateFrameworks/DesktopServicesPriv.framework/Versions/A/DesktopServicesPriv
0x00007fff6df43000 	/usr/lib/liblangid.dylib
0x00007fff4f11d000 	/System/Library/PrivateFrameworks/CoreSVG.framework/Versions/A/CoreSVG
0x00007fff64fe7000 	/System/Library/PrivateFrameworks/SkyLight.framework/Versions/A/SkyLight
0x00007fff362fd000 	/System/Library/Frameworks/CoreGraphics.framework/Versions/A/CoreGraphics
0x00007fff31b03000 	/System/Library/Frameworks/Accelerate.framework/Versions/A/Accelerate
0x00007fff6f235000 	/usr/lib/libxml2.2.dylib
0x00007fff5ae14000 	/System/Library/PrivateFrameworks/IconServices.framework/Versions/A/IconServices
0x00007fff38d18000 	/System/Library/Frameworks/IOSurface.framework/Versions/A/IOSurface
0x00007fff6c932000 	/usr/lib/libDiagnosticMessagesClient.dylib
0x00007fff4fce2000 	/System/Library/PrivateFrameworks/DFRFoundation.framework/Versions/A/DFRFoundation
0x00007fff6dcd2000 	/usr/lib/libicucore.A.dylib
0x00007fff34271000 	/System/Library/Frameworks/AudioToolbox.framework/Versions/A/AudioToolbox
0x00007fff34354000 	/System/Library/Frameworks/AudioUnit.framework/Versions/A/AudioUnit
0x00007fff6d00a000 	/usr/lib/libauto.dylib
0x00007fff4fd84000 	/System/Library/PrivateFrameworks/DataDetectorsCore.framework/Versions/A/DataDetectorsCore
0x00007fff34afa000 	/System/Library/Frameworks/Carbon.framework/Versions/A/Frameworks/HIToolbox.framework/Versions/A/HIToolbox
0x00007fff419e9000 	/System/Library/Frameworks/QuartzCore.framework/Versions/A/QuartzCore
0x00007fff34e39000 	/System/Library/Frameworks/Carbon.framework/Versions/A/Frameworks/SpeechRecognition.framework/Versions/A/SpeechRecognition
0x00007fff4f7f6000 	/System/Library/PrivateFrameworks/CoreUI.framework/Versions/A/CoreUI
0x00007fff353c8000 	/System/Library/Frameworks/CoreAudio.framework/Versions/A/CoreAudio
0x00007fff381f8000 	/System/Library/Frameworks/DiskArbitration.framework/Versions/A/DiskArbitration
0x00007fff5ce64000 	/System/Library/PrivateFrameworks/MultitouchSupport.framework/Versions/A/MultitouchSupport
0x00007fff6db99000 	/usr/lib/libenergytrace.dylib
0x00007fff38c72000 	/System/Library/Frameworks/IOKit.framework/Versions/A/IOKit
0x00007fff37264000 	/System/Library/Frameworks/CoreServices.framework/Versions/A/CoreServices
0x00007fff5f01e000 	/System/Library/PrivateFrameworks/PerformanceAnalysis.framework/Versions/A/PerformanceAnalysis
0x00007fff40a1c000 	/System/Library/Frameworks/OpenGL.framework/Versions/A/OpenGL
0x00007fff34fe7000 	/System/Library/Frameworks/ColorSync.framework/Versions/A/ColorSync
0x00007fff36980000 	/System/Library/Frameworks/CoreImage.framework/Versions/A/CoreImage
0x00007fff37cd7000 	/System/Library/Frameworks/CoreText.framework/Versions/A/CoreText
0x00007fff38da8000 	/System/Library/Frameworks/ImageIO.framework/Versions/A/ImageIO
0x00007fff6d16a000 	/usr/lib/libcompression.dylib
0x00007fff6cc76000 	/usr/lib/libMobileGestalt.dylib
0x00007fff66b61000 	/System/Library/PrivateFrameworks/TextureIO.framework/Versions/A/TextureIO
0x00007fff6cf6d000 	/usr/lib/libate.dylib
0x00007fff5b01d000 	/System/Library/PrivateFrameworks/InternationalSupport.framework/Versions/A/InternationalSupport
0x00007fff6df45000 	/usr/lib/liblzma.5.dylib
0x00007fff6dbc0000 	/usr/lib/libfakelink.dylib
0x00007fff6cefa000 	/usr/lib/libarchive.2.dylib
0x00007fff438a2000 	/System/Library/Frameworks/SystemConfiguration.framework/Versions/A/SystemConfiguration
0x00007fff6c865000 	/usr/lib/libCRFSuite.dylib
0x00007fff346eb000 	/System/Library/Frameworks/CFNetwork.framework/Versions/A/CFNetwork
0x00007fff6d0d0000 	/usr/lib/libbsm.0.dylib
0x00007fff6fe41000 	/usr/lib/system/libkxld.dylib
0x00007fff4965c000 	/System/Library/PrivateFrameworks/AppleFSCompression.framework/Versions/A/AppleFSCompression
0x00007fff6d45b000 	/usr/lib/libcoretls.dylib
0x00007fff6d472000 	/usr/lib/libcoretls_cfhelpers.dylib
0x00007fff6ecae000 	/usr/lib/libpam.2.dylib
0x00007fff6ede3000 	/usr/lib/libsqlite3.dylib
0x00007fff6f222000 	/usr/lib/libxar.1.dylib
0x00007fff6d0e1000 	/usr/lib/libbz2.1.0.dylib
0x00007fff6dbe1000 	/usr/lib/libiconv.2.dylib
0x00007fff6d157000 	/usr/lib/libcharset.1.dylib
0x00007fff6e74b000 	/usr/lib/libnetwork.dylib
0x00007fff6ecb5000 	/usr/lib/libpcap.A.dylib
0x00007fff6ceaf000 	/usr/lib/libapple_nghttp2.dylib
0x00007fff3761b000 	/System/Library/Frameworks/CoreServices.framework/Versions/A/Frameworks/FSEvents.framework/Versions/A/FSEvents
0x00007fff372eb000 	/System/Library/Frameworks/CoreServices.framework/Versions/A/Frameworks/CarbonCore.framework/Versions/A/CarbonCore
0x00007fff3785f000 	/System/Library/Frameworks/CoreServices.framework/Versions/A/Frameworks/Metadata.framework/Versions/A/Metadata
0x00007fff378f8000 	/System/Library/Frameworks/CoreServices.framework/Versions/A/Frameworks/OSServices.framework/Versions/A/OSServices
0x00007fff37926000 	/System/Library/Frameworks/CoreServices.framework/Versions/A/Frameworks/SearchKit.framework/Versions/A/SearchKit
0x00007fff37265000 	/System/Library/Frameworks/CoreServices.framework/Versions/A/Frameworks/AE.framework/Versions/A/AE
0x00007fff37624000 	/System/Library/Frameworks/CoreServices.framework/Versions/A/Frameworks/LaunchServices.framework/Versions/A/LaunchServices
0x00007fff375cd000 	/System/Library/Frameworks/CoreServices.framework/Versions/A/Frameworks/DictionaryServices.framework/Versions/A/DictionaryServices
0x00007fff3798e000 	/System/Library/Frameworks/CoreServices.framework/Versions/A/Frameworks/SharedFileList.framework/Versions/A/SharedFileList
0x00007fff3c83b000 	/System/Library/Frameworks/NetFS.framework/Versions/A/NetFS
0x00007fff5d394000 	/System/Library/PrivateFrameworks/NetAuth.framework/Versions/A/NetAuth
0x00007fff69d45000 	/System/Library/PrivateFrameworks/login.framework/Versions/A/Frameworks/loginsupport.framework/Versions/A/loginsupport
0x00007fff6662c000 	/System/Library/PrivateFrameworks/TCC.framework/Versions/A/TCC
0x00007fff4e290000 	/System/Library/PrivateFrameworks/CoreNLP.framework/Versions/A/CoreNLP
0x00007fff5c891000 	/System/Library/PrivateFrameworks/MetadataUtilities.framework/Versions/A/MetadataUtilities
0x00007fff6e01d000 	/usr/lib/libmecabra.dylib
0x00007fff6df75000 	/usr/lib/libmecab.dylib
0x00007fff6dbd1000 	/usr/lib/libgermantok.dylib
0x00007fff6ce96000 	/usr/lib/libThaiTokenizer.dylib
0x00007fff6c89c000 	/usr/lib/libChineseTokenizer.dylib
0x00007fff31b1b000 	/System/Library/Frameworks/Accelerate.framework/Versions/A/Frameworks/vImage.framework/Versions/A/vImage
0x00007fff32f85000 	/System/Library/Frameworks/Accelerate.framework/Versions/A/Frameworks/vecLib.framework/Versions/A/vecLib
0x00007fff32ec2000 	/System/Library/Frameworks/Accelerate.framework/Versions/A/Frameworks/vecLib.framework/Versions/A/libvMisc.dylib
0x00007fff32cea000 	/System/Library/Frameworks/Accelerate.framework/Versions/A/Frameworks/vecLib.framework/Versions/A/libvDSP.dylib
0x00007fff32172000 	/System/Library/Frameworks/Accelerate.framework/Versions/A/Frameworks/vecLib.framework/Versions/A/libBLAS.dylib
0x00007fff328ae000 	/System/Library/Frameworks/Accelerate.framework/Versions/A/Frameworks/vecLib.framework/Versions/A/libLAPACK.dylib
0x00007fff32c4a000 	/System/Library/Frameworks/Accelerate.framework/Versions/A/Frameworks/vecLib.framework/Versions/A/libLinearAlgebra.dylib
0x00007fff32cd7000 	/System/Library/Frameworks/Accelerate.framework/Versions/A/Frameworks/vecLib.framework/Versions/A/libSparseBLAS.dylib
0x00007fff32c60000 	/System/Library/Frameworks/Accelerate.framework/Versions/A/Frameworks/vecLib.framework/Versions/A/libQuadrature.dylib
0x00007fff323da000 	/System/Library/Frameworks/Accelerate.framework/Versions/A/Frameworks/vecLib.framework/Versions/A/libBNNS.dylib
0x00007fff32c66000 	/System/Library/Frameworks/Accelerate.framework/Versions/A/Frameworks/vecLib.framework/Versions/A/libSparse.dylib
0x00007fff5b405000 	/System/Library/PrivateFrameworks/LanguageModeling.framework/Versions/A/LanguageModeling
0x00007fff4dc3f000 	/System/Library/PrivateFrameworks/CoreEmoji.framework/Versions/A/CoreEmoji
0x00007fff5b523000 	/System/Library/PrivateFrameworks/LinguisticData.framework/Versions/A/LinguisticData
0x00007fff5b4d4000 	/System/Library/PrivateFrameworks/Lexicon.framework/Versions/A/Lexicon
0x00007fff6d158000 	/usr/lib/libcmph.dylib
0x00007fff3f42a000 	/System/Library/Frameworks/OpenDirectory.framework/Versions/A/Frameworks/CFOpenDirectory.framework/Versions/A/CFOpenDirectory
0x00007fff3f447000 	/System/Library/Frameworks/OpenDirectory.framework/Versions/A/OpenDirectory
0x00007fff4788c000 	/System/Library/PrivateFrameworks/APFS.framework/Versions/A/APFS
0x00007fff42b3b000 	/System/Library/Frameworks/SecurityFoundation.framework/Versions/A/SecurityFoundation
0x00007fff6f21e000 	/usr/lib/libutil.dylib
0x00007fff4f175000 	/System/Library/PrivateFrameworks/CoreServicesStore.framework/Versions/A/CoreServicesStore
0x00007fff42bf2000 	/System/Library/Frameworks/ServiceManagement.framework/Versions/A/ServiceManagement
0x00007fff4ae2d000 	/System/Library/PrivateFrameworks/BackgroundTaskManagement.framework/Versions/A/BackgroundTaskManagement
0x00007fff6f31b000 	/usr/lib/libxslt.1.dylib
0x00007fff49ccf000 	/System/Library/PrivateFrameworks/AppleSystemInfo.framework/Versions/A/AppleSystemInfo
0x00007fff38fc5000 	/System/Library/Frameworks/ImageIO.framework/Versions/A/Resources/libJPEG.dylib
0x00007fff39282000 	/System/Library/Frameworks/ImageIO.framework/Versions/A/Resources/libTIFF.dylib
0x00007fff39265000 	/System/Library/Frameworks/ImageIO.framework/Versions/A/Resources/libPng.dylib
0x00007fff38f07000 	/System/Library/Frameworks/ImageIO.framework/Versions/A/Resources/libGIF.dylib
0x00007fff38f0b000 	/System/Library/Frameworks/ImageIO.framework/Versions/A/Resources/libJP2.dylib
0x00007fff39280000 	/System/Library/Frameworks/ImageIO.framework/Versions/A/Resources/libRadiance.dylib
0x00007fff6db9a000 	/usr/lib/libexpat.1.dylib
0x00007fff497b7000 	/System/Library/PrivateFrameworks/AppleJPEG.framework/Versions/A/AppleJPEG
0x00007fff52475000 	/System/Library/PrivateFrameworks/FontServices.framework/libFontParser.dylib
0x00007fff68d47000 	/System/Library/PrivateFrameworks/WatchdogClient.framework/Versions/A/WatchdogClient
0x00007fff5aa60000 	/System/Library/PrivateFrameworks/IOAccelerator.framework/Versions/A/IOAccelerator
0x00007fff3b78f000 	/System/Library/Frameworks/MetalPerformanceShaders.framework/Versions/A/MetalPerformanceShaders
0x00007fff571f0000 	/System/Library/PrivateFrameworks/GPUWrangler.framework/Versions/A/GPUWrangler
0x00007fff5aa75000 	/System/Library/PrivateFrameworks/IOPresentment.framework/Versions/A/IOPresentment
0x00007fff4fcf5000 	/System/Library/PrivateFrameworks/DSExternalDisplay.framework/Versions/A/DSExternalDisplay
0x00007fff3fdbb000 	/System/Library/Frameworks/OpenGL.framework/Versions/A/Libraries/libCoreFSCache.dylib
0x00007fff3b4db000 	/System/Library/Frameworks/MetalPerformanceShaders.framework/Frameworks/MPSCore.framework/Versions/A/MPSCore
0x00007fff3b519000 	/System/Library/Frameworks/MetalPerformanceShaders.framework/Frameworks/MPSImage.framework/Versions/A/MPSImage
0x00007fff3b5e0000 	/System/Library/Frameworks/MetalPerformanceShaders.framework/Frameworks/MPSNeuralNetwork.framework/Versions/A/MPSNeuralNetwork
0x00007fff3b5a4000 	/System/Library/Frameworks/MetalPerformanceShaders.framework/Frameworks/MPSMatrix.framework/Versions/A/MPSMatrix
0x00007fff3b73f000 	/System/Library/Frameworks/MetalPerformanceShaders.framework/Frameworks/MPSRayIntersector.framework/Versions/A/MPSRayIntersector
0x00007fff3b5ca000 	/System/Library/Frameworks/MetalPerformanceShaders.framework/Frameworks/MPSNDArray.framework/Versions/A/MPSNDArray
0x00007fff5c8de000 	/System/Library/PrivateFrameworks/MetalTools.framework/Versions/A/MetalTools
0x00007fff48a66000 	/System/Library/PrivateFrameworks/AggregateDictionary.framework/Versions/A/AggregateDictionary
0x00007fff4d687000 	/System/Library/PrivateFrameworks/CoreAnalytics.framework/Versions/A/CoreAnalytics
0x00007fff49bee000 	/System/Library/PrivateFrameworks/AppleSauce.framework/Versions/A/AppleSauce
0x00007fff6cb58000 	/usr/lib/libIOReport.dylib
0x00007fff37e8f000 	/System/Library/Frameworks/CoreVideo.framework/Versions/A/CoreVideo
0x00007fff58669000 	/System/Library/PrivateFrameworks/GraphVisualizer.framework/Versions/A/GraphVisualizer
0x00007fff519bb000 	/System/Library/PrivateFrameworks/FaceCore.framework/Versions/A/FaceCore
0x00007fff3f3d1000 	/System/Library/Frameworks/OpenCL.framework/Versions/A/OpenCL
0x00007fff6c97a000 	/usr/lib/libFosl_dynamic.dylib
0x00007fff5ddb5000 	/System/Library/PrivateFrameworks/OTSVG.framework/Versions/A/OTSVG
0x00007fff34044000 	/System/Library/Frameworks/ApplicationServices.framework/Versions/A/Frameworks/ATS.framework/Versions/A/Resources/libFontRegistry.dylib
0x00007fff52644000 	/System/Library/PrivateFrameworks/FontServices.framework/libhvf.dylib
0x00007fff3fdc6000 	/System/Library/Frameworks/OpenGL.framework/Versions/A/Libraries/libGFXShared.dylib
0x00007fff3ffa4000 	/System/Library/Frameworks/OpenGL.framework/Versions/A/Libraries/libGLU.dylib
0x00007fff3fdcf000 	/System/Library/Frameworks/OpenGL.framework/Versions/A/Libraries/libGL.dylib
0x00007fff3fdda000 	/System/Library/Frameworks/OpenGL.framework/Versions/A/Libraries/libGLImage.dylib
0x00007fff3fdb8000 	/System/Library/Frameworks/OpenGL.framework/Versions/A/Libraries/libCVMSPluginSupport.dylib
0x00007fff3fdc1000 	/System/Library/Frameworks/OpenGL.framework/Versions/A/Libraries/libCoreVMClient.dylib
0x00007fff6e5ec000 	/usr/lib/libncurses.5.4.dylib
0x00007fff33f40000 	/System/Library/Frameworks/ApplicationServices.framework/Versions/A/Frameworks/ATS.framework/Versions/A/ATS
0x00007fff3410d000 	/System/Library/Frameworks/ApplicationServices.framework/Versions/A/Frameworks/ColorSyncLegacy.framework/Versions/A/ColorSyncLegacy
0x00007fff341ab000 	/System/Library/Frameworks/ApplicationServices.framework/Versions/A/Frameworks/HIServices.framework/Versions/A/HIServices
0x00007fff34203000 	/System/Library/Frameworks/ApplicationServices.framework/Versions/A/Frameworks/LangAnalysis.framework/Versions/A/LangAnalysis
0x00007fff34212000 	/System/Library/Frameworks/ApplicationServices.framework/Versions/A/Frameworks/PrintCore.framework/Versions/A/PrintCore
0x00007fff34258000 	/System/Library/Frameworks/ApplicationServices.framework/Versions/A/Frameworks/QD.framework/Versions/A/QD
0x00007fff34263000 	/System/Library/Frameworks/ApplicationServices.framework/Versions/A/Frameworks/SpeechSynthesis.framework/Versions/A/SpeechSynthesis
0x00007fff340dd000 	/System/Library/Frameworks/ApplicationServices.framework/Versions/A/Frameworks/ATSUI.framework/Versions/A/ATSUI
0x00007fff6da30000 	/usr/lib/libcups.2.dylib
0x00007fff3a82a000 	/System/Library/Frameworks/Kerberos.framework/Versions/A/Kerberos
0x00007fff3896b000 	/System/Library/Frameworks/GSS.framework/Versions/A/GSS
0x00007fff6ed6f000 	/usr/lib/libresolv.9.dylib
0x00007fff58816000 	/System/Library/PrivateFrameworks/Heimdal.framework/Versions/A/Heimdal
0x00007fff3a83d000 	/System/Library/Frameworks/Kerberos.framework/Versions/A/Libraries/libHeimdalProxy.dylib
0x00007fff6dbd7000 	/usr/lib/libheimdal-asn1.dylib
0x00007fff4cb1f000 	/System/Library/PrivateFrameworks/CommonAuth.framework/Versions/A/CommonAuth
0x00007fff49d6c000 	/System/Library/PrivateFrameworks/AssertionServices.framework/Versions/A/AssertionServices
0x00007fff4a90f000 	/System/Library/PrivateFrameworks/AudioToolboxCore.framework/Versions/A/AudioToolboxCore
0x00007fff699f5000 	/System/Library/PrivateFrameworks/caulk.framework/Versions/A/caulk
0x00007fff4aed9000 	/System/Library/PrivateFrameworks/BaseBoard.framework/Versions/A/BaseBoard
0x00007fff62019000 	/System/Library/PrivateFrameworks/RunningBoardServices.framework/Versions/A/RunningBoardServices
0x00007fff5f02a000 	/System/Library/PrivateFrameworks/PersistentConnection.framework/Versions/A/PersistentConnection
0x00007fff61a12000 	/System/Library/PrivateFrameworks/ProtocolBuffer.framework/Versions/A/ProtocolBuffer
0x00007fff4cb43000 	/System/Library/PrivateFrameworks/CommonUtilities.framework/Versions/A/CommonUtilities
0x00007fff4b067000 	/System/Library/PrivateFrameworks/Bom.framework/Versions/A/Bom
0x00007fff6c82b000 	/usr/lib/libAudioToolboxUtility.dylib
0x00007fff4ae37000 	/System/Library/PrivateFrameworks/Backup.framework/Versions/A/Backup
0x00007fff4fc16000 	/System/Library/PrivateFrameworks/CrashReporterSupport.framework/Versions/A/CrashReporterSupport
0x00007fff63aab000 	/System/Library/PrivateFrameworks/Sharing.framework/Versions/A/Sharing
0x00007fff4937a000 	/System/Library/PrivateFrameworks/Apple80211.framework/Versions/A/Apple80211
0x00007fff4ab54000 	/System/Library/PrivateFrameworks/AuthKit.framework/Versions/A/AuthKit
0x00007fff4f923000 	/System/Library/PrivateFrameworks/CoreUtils.framework/Versions/A/CoreUtils
0x00007fff37ed4000 	/System/Library/Frameworks/CoreWLAN.framework/Versions/A/CoreWLAN
0x00007fff38af8000 	/System/Library/Frameworks/IOBluetooth.framework/Versions/A/IOBluetooth
0x00007fff5cbe3000 	/System/Library/PrivateFrameworks/MobileKeyBag.framework/Versions/A/MobileKeyBag
0x00007fff4e728000 	/System/Library/PrivateFrameworks/CorePhoneNumbers.framework/Versions/A/CorePhoneNumbers
0x00007fff4976a000 	/System/Library/PrivateFrameworks/AppleIDAuthSupport.framework/Versions/A/AppleIDAuthSupport
0x00007fff3c848000 	/System/Library/Frameworks/Network.framework/Versions/A/Network
0x00007fff5b2b1000 	/System/Library/PrivateFrameworks/KeychainCircle.framework/Versions/A/KeychainCircle
0x00007fff35924000 	/System/Library/Frameworks/CoreBluetooth.framework/Versions/A/CoreBluetooth
0x00007fff65b2a000 	/System/Library/PrivateFrameworks/SpeechRecognitionCore.framework/Versions/A/SpeechRecognitionCore
0x00007fff28efc000 	/System/Library/CoreServices/Encodings/libCyrillicConverter.dylib
0x000000010da00000 	/Users/margo/Library/Java/JavaVirtualMachines/openjdk-16/Contents/Home/lib/server/libjvm.dylib
0x000000010d0be000 	/Users/margo/Library/Java/JavaVirtualMachines/openjdk-16/Contents/Home/lib/libjimage.dylib
0x000000010d0cc000 	/Users/margo/Library/Java/JavaVirtualMachines/openjdk-16/Contents/Home/lib/libinstrument.dylib
0x000000010d0dc000 	/Users/margo/Library/Java/JavaVirtualMachines/openjdk-16/Contents/Home/lib/libjava.dylib
0x000000010d1b0000 	/Users/margo/Library/Java/JavaVirtualMachines/openjdk-16/Contents/Home/lib/libzip.dylib
0x000000010d1be000 	/Users/margo/Library/Java/JavaVirtualMachines/openjdk-16/Contents/Home/lib/libnio.dylib
0x000000010d1d2000 	/Users/margo/Library/Java/JavaVirtualMachines/openjdk-16/Contents/Home/lib/libnet.dylib
0x000000010d1ec000 	/Users/margo/Library/Java/JavaVirtualMachines/openjdk-16/Contents/Home/lib/libextnet.dylib
0x000000011ae8e000 	/Users/margo/Library/Java/JavaVirtualMachines/openjdk-16/Contents/Home/lib/libverify.dylib
0x000000011aea0000 	/Users/margo/Library/Java/JavaVirtualMachines/openjdk-16/Contents/Home/lib/libawt.dylib
0x000000011af56000 	/Users/margo/Library/Java/JavaVirtualMachines/openjdk-16/Contents/Home/lib/libmlib_image.dylib
0x00007fff3a814000 	/System/Library/Frameworks/JavaVM.framework/Versions/A/Frameworks/JavaNativeFoundation.framework/Versions/A/JavaNativeFoundation
0x00007fff3a81d000 	/System/Library/Frameworks/JavaVM.framework/Versions/A/Frameworks/JavaRuntimeSupport.framework/Versions/A/JavaRuntimeSupport
0x00007fff3a825000 	/System/Library/Frameworks/JavaVM.framework/Versions/A/JavaVM
0x00007fff5b0c8000 	/System/Library/PrivateFrameworks/JavaLaunching.framework/Versions/A/JavaLaunching
0x00007fff34af5000 	/System/Library/Frameworks/Carbon.framework/Versions/A/Carbon
0x00007fff4f6c8000 	/System/Library/PrivateFrameworks/CoreSymbolication.framework/Versions/A/CoreSymbolication
0x00007fff34af6000 	/System/Library/Frameworks/Carbon.framework/Versions/A/Frameworks/CommonPanels.framework/Versions/A/CommonPanels
0x00007fff34def000 	/System/Library/Frameworks/Carbon.framework/Versions/A/Frameworks/Help.framework/Versions/A/Help
0x00007fff34df3000 	/System/Library/Frameworks/Carbon.framework/Versions/A/Frameworks/ImageCapture.framework/Versions/A/ImageCapture
0x00007fff34dfa000 	/System/Library/Frameworks/Carbon.framework/Versions/A/Frameworks/OpenScripting.framework/Versions/A/OpenScripting
0x00007fff34df9000 	/System/Library/Frameworks/Carbon.framework/Versions/A/Frameworks/Ink.framework/Versions/A/Ink
0x00007fff34e35000 	/System/Library/Frameworks/Carbon.framework/Versions/A/Frameworks/Print.framework/Versions/A/Print
0x00007fff34e36000 	/System/Library/Frameworks/Carbon.framework/Versions/A/Frameworks/SecurityHI.framework/Versions/A/SecurityHI
0x00007fff4fe4a000 	/System/Library/PrivateFrameworks/DebugSymbols.framework/Versions/A/DebugSymbols
0x000000011b800000 	/Users/margo/Library/Java/JavaVirtualMachines/openjdk-16/Contents/Home/lib/libawt_lwawt.dylib
0x000000011b8b0000 	/Users/margo/Library/Java/JavaVirtualMachines/openjdk-16/Contents/Home/lib/libosxapp.dylib
0x00007fff383d4000 	/System/Library/Frameworks/ExceptionHandling.framework/Versions/A/ExceptionHandling
0x000000011b8d7000 	/Users/margo/Library/Java/JavaVirtualMachines/openjdk-16/Contents/Home/lib/libfontmanager.dylib
0x000000011b8e9000 	/Users/margo/Library/Java/JavaVirtualMachines/openjdk-16/Contents/Home/lib/libharfbuzz.dylib
0x000000011ba71000 	/Users/margo/Library/Java/JavaVirtualMachines/openjdk-16/Contents/Home/lib/libfreetype.dylib
0x00007fff4f141000 	/System/Library/PrivateFrameworks/CoreServicesInternal.framework/Versions/A/CoreServicesInternal
0x00007fff383f3000 	/System/Library/Frameworks/FileProvider.framework/Versions/A/FileProvider
0x00007fff32f86000 	/System/Library/Frameworks/Accounts.framework/Versions/A/Accounts
0x00007fff57515000 	/System/Library/PrivateFrameworks/GenerationalStorage.framework/Versions/A/GenerationalStorage
0x00007fff6636c000 	/System/Library/PrivateFrameworks/SymptomDiagnosticReporter.framework/Versions/A/SymptomDiagnosticReporter
0x00007fff48e7e000 	/System/Library/PrivateFrameworks/AppContainer.framework/Versions/A/AppContainer
0x00007fff6ed89000 	/usr/lib/libsandbox.1.dylib
0x00007fff67cea000 	/System/Library/PrivateFrameworks/UserManagement.framework/Versions/A/UserManagement
0x00007fff4bc23000 	/System/Library/PrivateFrameworks/ChunkingLibrary.framework/Versions/A/ChunkingLibrary
0x00007fff48ef0000 	/System/Library/PrivateFrameworks/AppSandbox.framework/Versions/A/AppSandbox
0x00007fff63935000 	/System/Library/PrivateFrameworks/SecCodeWrapper.framework/Versions/A/SecCodeWrapper
0x00007fff6cc40000 	/usr/lib/libMatch.1.dylib
0x00007fff28f6e000 	/System/Library/CoreServices/RawCamera.bundle/Contents/MacOS/RawCamera
0x00007fff5ca0d000 	/System/Library/PrivateFrameworks/MobileAsset.framework/Versions/A/MobileAsset
0x00007fff66214000 	/System/Library/PrivateFrameworks/StreamingZip.framework/Versions/A/StreamingZip
0x00007fff3aca5000 	/System/Library/Frameworks/MediaToolbox.framework/Versions/A/MediaToolbox
0x00007fff4d637000 	/System/Library/PrivateFrameworks/CoreAVCHD.framework/Versions/A/CoreAVCHD
0x00007fff3abcf000 	/System/Library/Frameworks/MediaAccessibility.framework/Versions/A/MediaAccessibility
0x00007fff5bdc1000 	/System/Library/PrivateFrameworks/Mangrove.framework/Versions/A/Mangrove
0x00007fff3709c000 	/System/Library/Frameworks/CoreMedia.framework/Versions/A/CoreMedia
0x00007fff5c02d000 	/System/Library/PrivateFrameworks/MediaExperience.framework/Versions/A/MediaExperience
0x00007fff43b9c000 	/System/Library/Frameworks/VideoToolbox.framework/Versions/A/VideoToolbox
0x00007fff4d261000 	/System/Library/PrivateFrameworks/CoreAUC.framework/Versions/A/CoreAUC
0x00007fff6ede1000 	/usr/lib/libspindump.dylib
0x00007fff4a2be000 	/System/Library/PrivateFrameworks/AudioResourceArbitration.framework/Versions/A/AudioResourceArbitration
0x00007fff49cd3000 	/System/Library/PrivateFrameworks/AppleVA.framework/Versions/A/AppleVA
0x00007fff31b04000 	/System/Library/Frameworks/Accelerate.framework/Versions/A/Frameworks/vImage.framework/Versions/A/Libraries/libCGInterfaces.dylib
0x000000011cb77000 	/usr/lib/libobjc-trampolines.dylib
0x00007fff525ac000 	/System/Library/PrivateFrameworks/FontServices.framework/libTrueTypeScaler.dylib
0x00007fff2e87c000 	/System/Library/Extensions/AppleIntelKBLGraphicsMTLDriver.bundle/Contents/MacOS/AppleIntelKBLGraphicsMTLDriver
0x00007fff55b35000 	/System/Library/PrivateFrameworks/GPUCompiler.framework/Versions/3902/Libraries/libmetal_timestamp.dylib
0x00007fff68ab6000 	/System/Library/PrivateFrameworks/ViewBridge.framework/Versions/A/ViewBridge
0x00007fff40a2c000 	/System/Library/Frameworks/OpenGL.framework/Versions/A/Resources/GLEngine.bundle/GLEngine
0x00007fff3fe0f000 	/System/Library/Frameworks/OpenGL.framework/Versions/A/Libraries/libGLProgrammability.dylib
0x00007fff2d874000 	/System/Library/Extensions/AppleIntelKBLGraphicsGLDriver.bundle/Contents/MacOS/AppleIntelKBLGraphicsGLDriver
0x00007fff571e4000 	/System/Library/PrivateFrameworks/GPUSupport.framework/Versions/A/Libraries/libGPUSupportMercury.dylib
0x00007fff40ba6000 	/System/Library/Frameworks/OpenGL.framework/Versions/A/Resources/GLRendererFloat.bundle/GLRendererFloat
0x00007fff3f3c8000 	/System/Library/Frameworks/OpenCL.framework/Versions/A/Libraries/libcldcpuengine.dylib
0x00007fff69d48000 	/System/Library/PrivateFrameworks/login.framework/Versions/A/login
0x0000000131bce000 	/Users/margo/Library/Caches/JNA/temp/jna6753194784512805297.tmp
0x0000000132400000 	/Users/margo/Library/Caches/JNA/temp/jna18063054563828945258.tmp
0x000000013267e000 	/usr/local/opt/leptonica/lib/liblept.5.dylib
0x00007fff6da91000 	/usr/lib/libcurl.4.dylib
0x000000013289a000 	/usr/local/opt/libpng/lib/libpng16.16.dylib
0x00000001328c6000 	/usr/local/opt/jpeg/lib/libjpeg.9.dylib
0x0000000131be4000 	/usr/local/opt/giflib/lib/libgif.dylib
0x00000001328fc000 	/usr/local/opt/libtiff/lib/libtiff.5.dylib
0x0000000132974000 	/usr/local/opt/webp/lib/libwebpmux.3.dylib
0x0000000132988000 	/usr/local/opt/webp/lib/libwebp.7.dylib
0x00000001329f0000 	/usr/local/opt/openjpeg/lib/libopenjp2.7.dylib
0x00007fff6d916000 	/usr/lib/libcrypto.44.dylib
0x00007fff6f0c1000 	/usr/lib/libssl.46.dylib
0x00007fff3a83e000 	/System/Library/Frameworks/LDAP.framework/Versions/A/LDAP
0x00007fff66dbe000 	/System/Library/PrivateFrameworks/TrustEvaluationAgent.framework/Versions/A/TrustEvaluationAgent
0x00007fff6edce000 	/usr/lib/libsasl2.2.dylib
0x00007fff4d9b3000 	/System/Library/PrivateFrameworks/CoreDaemon.framework/Versions/B/CoreDaemon
0x00007fff49be9000 	/System/Library/PrivateFrameworks/AppleSRP.framework/Versions/A/AppleSRP


VM Arguments:
jvm_args: -javaagent:/Applications/IntelliJ IDEA.app/Contents/lib/idea_rt.jar=58276:/Applications/IntelliJ IDEA.app/Contents/bin -Dfile.encoding=UTF-8 
java_command: com.it.one.practice.Main
java_class_path (initial): /Users/margo/Desktop/doc-page-checker/target/classes:/Users/margo/.m2/repository/com/google/code/gson/gson/2.8.5/gson-2.8.5.jar:/Users/margo/.m2/repository/org/apache/pdfbox/pdfbox/2.0.23/pdfbox-2.0.23.jar:/Users/margo/.m2/repository/org/apache/pdfbox/fontbox/2.0.23/fontbox-2.0.23.jar:/Users/margo/.m2/repository/commons-logging/commons-logging/1.2/commons-logging-1.2.jar:/Users/margo/.m2/repository/com/fasterxml/jackson/core/jackson-databind/2.12.3/jackson-databind-2.12.3.jar:/Users/margo/.m2/repository/com/fasterxml/jackson/core/jackson-annotations/2.12.3/jackson-annotations-2.12.3.jar:/Users/margo/.m2/repository/com/fasterxml/jackson/core/jackson-core/2.12.3/jackson-core-2.12.3.jar:/Users/margo/.m2/repository/net/sourceforge/tess4j/tess4j/4.5.4/tess4j-4.5.4.jar:/Users/margo/.m2/repository/net/java/dev/jna/jna/5.6.0/jna-5.6.0.jar:/Users/margo/.m2/repository/com/github/jai-imageio/jai-imageio-core/1.4.0/jai-imageio-core-1.4.0.jar:/Users/margo/.m2/repository/org/ghost4j/ghost4j/1.0.1/ghost4j-1.0.1.jar:/Users/margo/.m2/repository/log4j/log4j/1.2.17/log4j-1.2.17.jar:/Users/margo/.m2/repository/commons-beanutils/commons-beanutils/1.9.2/commons-beanutils-1.9.2.jar:/Users/margo/.m2/repository/commons-collections/commons-collections/3.2.1/commons-collections-3.2.1.jar:/Users/margo/.m2/repository/org/apache/xmlgraphics/xmlgraphics-commons/1.4/xmlgraphics-commons-1.4.jar:/Users/margo/.m2/repository/com/lowagie/itext/2.1.7/itext-2.1.7.jar:/Users/margo/.m2/repository/org/apache/pdfbox/pdfbox-tools/2.0.21/pdfbox-tools-2.0.21.jar:/Users/margo/.m2/repository/org/apache/pdfbox/pdfbox-debugger/2.0.21/pdfbox-debugger-2.0.21.jar:/Users/margo/.m2/repository/org/apache/pdfbox/jbig2-imageio/3.0.3/jbig2-imageio-3.0.3.jar:/Users/margo/.m2/repository/commons-io/commons-io/2.8.0/commons-io-2.8.0.jar:/Users/margo/.m2/repository/net/sourceforge/lept4j/lept4j/1.13.2/lept4j-1.13.2.jar:/Users/margo/.m2/repository/org/jboss/jboss-vfs/3.2.15.Final/jboss-vfs-3.2.15.Fina
Launcher Type: SUN_STANDARD

[Global flags]
     intx CICompilerCount                          = 3                                         {product} {ergonomic}
     uint ConcGCThreads                            = 1                                         {product} {ergonomic}
     uint G1ConcRefinementThreads                  = 4                                         {product} {ergonomic}
   size_t G1HeapRegionSize                         = 1048576                                   {product} {ergonomic}
    uintx GCDrainStackTargetSize                   = 64                                        {product} {ergonomic}
   size_t InitialHeapSize                          = 134217728                                 {product} {ergonomic}
   size_t MarkStackSize                            = 4194304                                   {product} {ergonomic}
   size_t MaxHeapSize                              = 2147483648                                {product} {ergonomic}
   size_t MaxNewSize                               = 1287651328                                {product} {ergonomic}
   size_t MinHeapDeltaBytes                        = 1048576                                   {product} {ergonomic}
   size_t MinHeapSize                              = 8388608                                   {product} {ergonomic}
    uintx NonNMethodCodeHeapSize                   = 5832780                                {pd product} {ergonomic}
    uintx NonProfiledCodeHeapSize                  = 122912730                              {pd product} {ergonomic}
    uintx ProfiledCodeHeapSize                     = 122912730                              {pd product} {ergonomic}
    uintx ReservedCodeCacheSize                    = 251658240                              {pd product} {ergonomic}
     bool SegmentedCodeCache                       = true                                      {product} {ergonomic}
   size_t SoftMaxHeapSize                          = 2147483648                             {manageable} {ergonomic}
     bool UseCompressedClassPointers               = true                           {product lp64_product} {ergonomic}
     bool UseCompressedOops                        = true                           {product lp64_product} {ergonomic}
     bool UseG1GC                                  = true                                      {product} {ergonomic}
     bool UseNUMA                                  = false                                     {product} {ergonomic}
     bool UseNUMAInterleaving                      = false                                     {product} {ergonomic}

Logging:
Log output configuration:
 #0: stdout all=warning uptime,level,tags
 #1: stderr all=off uptime,level,tags

Environment Variables:
PATH=/usr/local/bin:/usr/bin:/bin:/usr/sbin:/sbin
SHELL=/bin/zsh
LC_CTYPE=ru_RU.UTF-8

Signal Handlers:
SIGSEGV: [libjvm.dylib+0xa7db10], sa_mask[0]=11100110000111110111111111111111, sa_flags=SA_ONSTACK|SA_RESTART|SA_SIGINFO
SIGBUS: [libjvm.dylib+0xa7db10], sa_mask[0]=11100110000111110111111111111111, sa_flags=SA_RESTART|SA_SIGINFO
SIGFPE: [libjvm.dylib+0xa7db10], sa_mask[0]=11100110000111110111111111111111, sa_flags=SA_RESTART|SA_SIGINFO
SIGPIPE: [libjvm.dylib+0x947610], sa_mask[0]=11100110000111110111111111111111, sa_flags=SA_RESTART|SA_SIGINFO
SIGXFSZ: [libjvm.dylib+0x947610], sa_mask[0]=11100110000111110111111111111111, sa_flags=SA_RESTART|SA_SIGINFO
SIGILL: [libjvm.dylib+0xa7db10], sa_mask[0]=11100110000111110111111111111111, sa_flags=SA_RESTART|SA_SIGINFO
SIGUSR2: [libjvm.dylib+0x9480c0], sa_mask[0]=00100000000000000000000000000000, sa_flags=SA_RESTART|SA_SIGINFO
SIGHUP: [libjvm.dylib+0x946680], sa_mask[0]=11100110000111110111111111111111, sa_flags=SA_RESTART|SA_SIGINFO
SIGINT: [libjvm.dylib+0x946680], sa_mask[0]=11100110000111110111111111111111, sa_flags=SA_RESTART|SA_SIGINFO
SIGTERM: [libjvm.dylib+0x946680], sa_mask[0]=11100110000111110111111111111111, sa_flags=SA_RESTART|SA_SIGINFO
SIGQUIT: [libjvm.dylib+0x946680], sa_mask[0]=11100110000111110111111111111111, sa_flags=SA_RESTART|SA_SIGINFO
SIGTRAP: [libjvm.dylib+0xa7db10], sa_mask[0]=11100110000111110111111111111111, sa_flags=SA_RESTART|SA_SIGINFO


---------------  S Y S T E M  ---------------

OS:uname: Darwin 19.6.0 Darwin Kernel Version 19.6.0: Thu May  6 00:48:39 PDT 2021; root:xnu-6153.141.33~1/RELEASE_X86_64 x86_64
OS uptime: 34 days 5:29 hours
rlimit (soft/hard): STACK 8192k/65532k , CORE 0k/infinity , NPROC 1392/2088 , NOFILE 10240/infinity , AS infinity/infinity , CPU infinity/infinity , DATA infinity/infinity , FSIZE infinity/infinity , MEMLOCK infinity/infinity , RSS infinity/infinity
load average: 2.70 2.70 2.59

CPU: total 4 (initial active 4) (2 cores per cpu, 2 threads per core) family 6 model 142 stepping 9 microcode 0xea, cx8, cmov, fxsr, ht, mmx, 3dnowpref, sse, sse2, sse3, ssse3, sse4.1, sse4.2, popcnt, lzcnt, tsc, tscinvbit, avx, avx2, aes, erms, clmul, bmi1, bmi2, rtm, adx, fma, vzeroupper, clflush, clflushopt

Memory: 4k page, physical 8388608k(222700k free), swap 4194304k(1267456k free)

vm_info: OpenJDK 64-Bit Server VM (16+36-2231) for bsd-amd64 JRE (16+36-2231), built on Feb  8 2021 11:37:22 by "mach5one" with clang 4.2.1 Compatible Apple LLVM 11.0.0 (clang-1100.0.33.17)

END.
